[ERROR] [2013-09-25 09:44:04]  [play.Logger] -

@6fl6pj4m3
Internal Server Error (500) for request GET /strategydetail/detail?stid=15&enginetypeId=1

Execution exception (In {module:iquantCommon}/app/business/DefaultRemoteRequestServiceSupport.java around line 38)
RuntimeException occured : java.util.concurrent.ExecutionException: java.util.concurrent.TimeoutException: No response received after 60000

play.exceptions.JavaExecutionException: java.util.concurrent.ExecutionException: java.util.concurrent.TimeoutException: No response received after 60000
	at play.mvc.ActionInvoker.invoke(ActionInvoker.java:237)
	at Invocation.HTTP Request(Play!)
Caused by: java.lang.RuntimeException: java.util.concurrent.ExecutionException: java.util.concurrent.TimeoutException: No response received after 60000
	at play.libs.ws.WSAsync$WSAsyncRequest.get(WSAsync.java:215)
	at business.DefaultRemoteRequestServiceSupport.doGet(DefaultRemoteRequestServiceSupport.java:38)
	at business.DefaultRemoteRequestServiceSupport.getList(DefaultRemoteRequestServiceSupport.java:121)
	at bussiness.StrategyDetailService.getorder_signal(StrategyDetailService.java:82)
	at controllers.StrategyDetail.detail(StrategyDetail.java:57)
	at play.mvc.ActionInvoker.invokeWithContinuation(ActionInvoker.java:557)
	at play.mvc.ActionInvoker.invoke(ActionInvoker.java:508)
	at play.mvc.ActionInvoker.invokeControllerMethod(ActionInvoker.java:484)
	at play.mvc.ActionInvoker.invokeControllerMethod(ActionInvoker.java:479)
	at play.mvc.ActionInvoker.invoke(ActionInvoker.java:161)
	... 1 more
Caused by: java.util.concurrent.ExecutionException: java.util.concurrent.TimeoutException: No response received after 60000
	at com.ning.http.client.providers.netty.NettyResponseFuture.abort(NettyResponseFuture.java:297)
	at com.ning.http.client.providers.netty.NettyAsyncHttpProvider.abort(NettyAsyncHttpProvider.java:1321)
	at com.ning.http.client.providers.netty.NettyAsyncHttpProvider.access$700(NettyAsyncHttpProvider.java:137)
	at com.ning.http.client.providers.netty.NettyAsyncHttpProvider$ReaperFuture.run(NettyAsyncHttpProvider.java:1804)
	at java.util.concurrent.Executors$RunnableAdapter.call(Unknown Source)
	at java.util.concurrent.FutureTask$Sync.innerRunAndReset(Unknown Source)
	at java.util.concurrent.FutureTask.runAndReset(Unknown Source)
	at java.util.concurrent.ScheduledThreadPoolExecutor$ScheduledFutureTask.access$101(Unknown Source)
	at java.util.concurrent.ScheduledThreadPoolExecutor$ScheduledFutureTask.runPeriodic(Unknown Source)
	at java.util.concurrent.ScheduledThreadPoolExecutor$ScheduledFutureTask.run(Unknown Source)
	at java.util.concurrent.ThreadPoolExecutor$Worker.runTask(Unknown Source)
	at java.util.concurrent.ThreadPoolExecutor$Worker.run(Unknown Source)
	at java.lang.Thread.run(Unknown Source)
Caused by: java.util.concurrent.TimeoutException: No response received after 60000
	... 10 more
[ERROR] [2013-09-25 09:45:07]  [play.Logger] -

@6fl6pj4m4
Internal Server Error (500) for request GET /strategydetail/bargainrecord?id=15

Execution exception (In {module:iquantCommon}/app/models/iquantCommon/ExecutionRecordDto.java around line 51)
NullPointerException occured : null

play.exceptions.JavaExecutionException
	at play.templates.BaseTemplate.throwException(BaseTemplate.java:90)
	at play.templates.GroovyTemplate.internalRender(GroovyTemplate.java:272)
	at play.templates.Template.render(Template.java:26)
	at play.templates.GroovyTemplate.render(GroovyTemplate.java:202)
	at play.mvc.results.RenderTemplate.<init>(RenderTemplate.java:24)
	at play.mvc.Controller.renderTemplate(Controller.java:661)
	at play.mvc.Controller.renderTemplate(Controller.java:641)
	at play.mvc.Controller.render(Controller.java:698)
	at controllers.StrategyDetail.bargainRecord(StrategyDetail.java:131)
	at play.mvc.ActionInvoker.invokeWithContinuation(ActionInvoker.java:557)
	at play.mvc.ActionInvoker.invoke(ActionInvoker.java:508)
	at play.mvc.ActionInvoker.invokeControllerMethod(ActionInvoker.java:484)
	at play.mvc.ActionInvoker.invokeControllerMethod(ActionInvoker.java:479)
	at play.mvc.ActionInvoker.invoke(ActionInvoker.java:161)
	at Invocation.HTTP Request(Play!)
Caused by: java.lang.NullPointerException
	at models.iquantCommon.ExecutionRecordDto.isStock(ExecutionRecordDto.java:51)
	at models.iquantCommon.ExecutionRecordDto.getSide(ExecutionRecordDto.java:71)
	at /app/views/errors/404.html.(line:15)
	at play.templates.GroovyTemplate.internalRender(GroovyTemplate.java:247)
	... 13 more
[ERROR] [2013-09-25 09:45:18]  [play.Logger] -

@6fl6pj4m5
Internal Server Error (500) for request GET /strategydetail/bargainrecord?id=15

Execution exception (In {module:iquantCommon}/app/models/iquantCommon/ExecutionRecordDto.java around line 51)
NullPointerException occured : null

play.exceptions.JavaExecutionException
	at play.templates.BaseTemplate.throwException(BaseTemplate.java:90)
	at play.templates.GroovyTemplate.internalRender(GroovyTemplate.java:272)
	at play.templates.Template.render(Template.java:26)
	at play.templates.GroovyTemplate.render(GroovyTemplate.java:202)
	at play.mvc.results.RenderTemplate.<init>(RenderTemplate.java:24)
	at play.mvc.Controller.renderTemplate(Controller.java:661)
	at play.mvc.Controller.renderTemplate(Controller.java:641)
	at play.mvc.Controller.render(Controller.java:698)
	at controllers.StrategyDetail.bargainRecord(StrategyDetail.java:131)
	at play.mvc.ActionInvoker.invokeWithContinuation(ActionInvoker.java:557)
	at play.mvc.ActionInvoker.invoke(ActionInvoker.java:508)
	at play.mvc.ActionInvoker.invokeControllerMethod(ActionInvoker.java:484)
	at play.mvc.ActionInvoker.invokeControllerMethod(ActionInvoker.java:479)
	at play.mvc.ActionInvoker.invoke(ActionInvoker.java:161)
	at Invocation.HTTP Request(Play!)
Caused by: java.lang.NullPointerException
	at models.iquantCommon.ExecutionRecordDto.isStock(ExecutionRecordDto.java:51)
	at models.iquantCommon.ExecutionRecordDto.getSide(ExecutionRecordDto.java:71)
	at /app/views/StrategyDetail/bargainRecord.html.(line:34)
	at play.templates.GroovyTemplate.internalRender(GroovyTemplate.java:247)
	... 13 more
[ERROR] [2013-09-25 09:50:45]  [play.Logger] -

@6fl6pj4m6
Internal Server Error (500) for request GET /strategydetail/bargainrecord?id=15

Execution exception (In {module:iquantCommon}/app/business/DefaultRemoteRequestServiceSupport.java around line 38)
RuntimeException occured : java.util.concurrent.ExecutionException: java.util.concurrent.TimeoutException: No response received after 60000

play.exceptions.JavaExecutionException: java.util.concurrent.ExecutionException: java.util.concurrent.TimeoutException: No response received after 60000
	at play.mvc.ActionInvoker.invoke(ActionInvoker.java:237)
	at Invocation.HTTP Request(Play!)
Caused by: java.lang.RuntimeException: java.util.concurrent.ExecutionException: java.util.concurrent.TimeoutException: No response received after 60000
	at play.libs.ws.WSAsync$WSAsyncRequest.get(WSAsync.java:215)
	at business.DefaultRemoteRequestServiceSupport.doGet(DefaultRemoteRequestServiceSupport.java:38)
	at business.DefaultRemoteRequestServiceSupport.getList(DefaultRemoteRequestServiceSupport.java:121)
	at bussiness.StrategyDetailService.getExecutionRecord(StrategyDetailService.java:207)
	at controllers.StrategyDetail.bargainRecord(StrategyDetail.java:130)
	at play.mvc.ActionInvoker.invokeWithContinuation(ActionInvoker.java:557)
	at play.mvc.ActionInvoker.invoke(ActionInvoker.java:508)
	at play.mvc.ActionInvoker.invokeControllerMethod(ActionInvoker.java:484)
	at play.mvc.ActionInvoker.invokeControllerMethod(ActionInvoker.java:479)
	at play.mvc.ActionInvoker.invoke(ActionInvoker.java:161)
	... 1 more
Caused by: java.util.concurrent.ExecutionException: java.util.concurrent.TimeoutException: No response received after 60000
	at com.ning.http.client.providers.netty.NettyResponseFuture.abort(NettyResponseFuture.java:297)
	at com.ning.http.client.providers.netty.NettyAsyncHttpProvider.abort(NettyAsyncHttpProvider.java:1321)
	at com.ning.http.client.providers.netty.NettyAsyncHttpProvider.access$700(NettyAsyncHttpProvider.java:137)
	at com.ning.http.client.providers.netty.NettyAsyncHttpProvider$ReaperFuture.run(NettyAsyncHttpProvider.java:1804)
	at java.util.concurrent.Executors$RunnableAdapter.call(Unknown Source)
	at java.util.concurrent.FutureTask$Sync.innerRunAndReset(Unknown Source)
	at java.util.concurrent.FutureTask.runAndReset(Unknown Source)
	at java.util.concurrent.ScheduledThreadPoolExecutor$ScheduledFutureTask.access$101(Unknown Source)
	at java.util.concurrent.ScheduledThreadPoolExecutor$ScheduledFutureTask.runPeriodic(Unknown Source)
	at java.util.concurrent.ScheduledThreadPoolExecutor$ScheduledFutureTask.run(Unknown Source)
	at java.util.concurrent.ThreadPoolExecutor$Worker.runTask(Unknown Source)
	at java.util.concurrent.ThreadPoolExecutor$Worker.run(Unknown Source)
	at java.lang.Thread.run(Unknown Source)
Caused by: java.util.concurrent.TimeoutException: No response received after 60000
	... 10 more
[ERROR] [2013-09-25 09:55:29]  [play.Logger] -

@6fl6pj4m7
Internal Server Error (500) for request GET /strategydetail/bargainrecord?id=15

Execution exception (In {module:iquantCommon}/app/models/iquantCommon/ExecutionRecordDto.java around line 51)
NullPointerException occured : null

play.exceptions.JavaExecutionException
	at play.templates.BaseTemplate.throwException(BaseTemplate.java:90)
	at play.templates.GroovyTemplate.internalRender(GroovyTemplate.java:272)
	at play.templates.Template.render(Template.java:26)
	at play.templates.GroovyTemplate.render(GroovyTemplate.java:202)
	at play.mvc.results.RenderTemplate.<init>(RenderTemplate.java:24)
	at play.mvc.Controller.renderTemplate(Controller.java:661)
	at play.mvc.Controller.renderTemplate(Controller.java:641)
	at play.mvc.Controller.render(Controller.java:698)
	at controllers.StrategyDetail.bargainRecord(StrategyDetail.java:131)
	at play.mvc.ActionInvoker.invokeWithContinuation(ActionInvoker.java:557)
	at play.mvc.ActionInvoker.invoke(ActionInvoker.java:508)
	at play.mvc.ActionInvoker.invokeControllerMethod(ActionInvoker.java:484)
	at play.mvc.ActionInvoker.invokeControllerMethod(ActionInvoker.java:479)
	at play.mvc.ActionInvoker.invoke(ActionInvoker.java:161)
	at Invocation.HTTP Request(Play!)
Caused by: java.lang.NullPointerException
	at models.iquantCommon.ExecutionRecordDto.isStock(ExecutionRecordDto.java:51)
	at models.iquantCommon.ExecutionRecordDto.getSide(ExecutionRecordDto.java:71)
	at /app/views/StrategyDetail/bargainRecord.html.(line:34)
	at play.templates.GroovyTemplate.internalRender(GroovyTemplate.java:247)
	... 13 more
[ERROR] [2013-09-25 09:59:53]  [play.Logger] -

@6fl6pj4m8
Internal Server Error (500) for request GET /strategydetail/bargainrecord?id=15

Execution exception (In {module:iquantCommon}/app/business/DefaultRemoteRequestServiceSupport.java around line 38)
RuntimeException occured : java.util.concurrent.ExecutionException: java.util.concurrent.TimeoutException: No response received after 60000

play.exceptions.JavaExecutionException: java.util.concurrent.ExecutionException: java.util.concurrent.TimeoutException: No response received after 60000
	at play.mvc.ActionInvoker.invoke(ActionInvoker.java:237)
	at Invocation.HTTP Request(Play!)
Caused by: java.lang.RuntimeException: java.util.concurrent.ExecutionException: java.util.concurrent.TimeoutException: No response received after 60000
	at play.libs.ws.WSAsync$WSAsyncRequest.get(WSAsync.java:215)
	at business.DefaultRemoteRequestServiceSupport.doGet(DefaultRemoteRequestServiceSupport.java:38)
	at business.DefaultRemoteRequestServiceSupport.getList(DefaultRemoteRequestServiceSupport.java:121)
	at bussiness.StrategyDetailService.getExecutionRecord(StrategyDetailService.java:207)
	at controllers.StrategyDetail.bargainRecord(StrategyDetail.java:130)
	at play.mvc.ActionInvoker.invokeWithContinuation(ActionInvoker.java:557)
	at play.mvc.ActionInvoker.invoke(ActionInvoker.java:508)
	at play.mvc.ActionInvoker.invokeControllerMethod(ActionInvoker.java:484)
	at play.mvc.ActionInvoker.invokeControllerMethod(ActionInvoker.java:479)
	at play.mvc.ActionInvoker.invoke(ActionInvoker.java:161)
	... 1 more
Caused by: java.util.concurrent.ExecutionException: java.util.concurrent.TimeoutException: No response received after 60000
	at com.ning.http.client.providers.netty.NettyResponseFuture.get(NettyResponseFuture.java:223)
	at com.ning.http.client.providers.netty.NettyResponseFuture.get(NettyResponseFuture.java:187)
	at play.libs.ws.WSAsync$WSAsyncRequest.get(WSAsync.java:213)
	... 10 more
Caused by: java.util.concurrent.TimeoutException: No response received after 60000
	at com.ning.http.client.providers.netty.NettyResponseFuture.get(NettyResponseFuture.java:215)
	... 12 more
[ERROR] [2013-09-25 10:04:23]  [play.Logger] -

@6fl6pj4m9
Internal Server Error (500) for request GET /strategydetail/bargainrecord?id=15

Execution exception (In {module:iquantCommon}/app/models/iquantCommon/ExecutionRecordDto.java around line 51)
NullPointerException occured : null

play.exceptions.JavaExecutionException
	at play.templates.BaseTemplate.throwException(BaseTemplate.java:90)
	at play.templates.GroovyTemplate.internalRender(GroovyTemplate.java:272)
	at play.templates.Template.render(Template.java:26)
	at play.templates.GroovyTemplate.render(GroovyTemplate.java:202)
	at play.mvc.results.RenderTemplate.<init>(RenderTemplate.java:24)
	at play.mvc.Controller.renderTemplate(Controller.java:661)
	at play.mvc.Controller.renderTemplate(Controller.java:641)
	at play.mvc.Controller.render(Controller.java:698)
	at controllers.StrategyDetail.bargainRecord(StrategyDetail.java:131)
	at play.mvc.ActionInvoker.invokeWithContinuation(ActionInvoker.java:557)
	at play.mvc.ActionInvoker.invoke(ActionInvoker.java:508)
	at play.mvc.ActionInvoker.invokeControllerMethod(ActionInvoker.java:484)
	at play.mvc.ActionInvoker.invokeControllerMethod(ActionInvoker.java:479)
	at play.mvc.ActionInvoker.invoke(ActionInvoker.java:161)
	at Invocation.HTTP Request(Play!)
Caused by: java.lang.NullPointerException
	at models.iquantCommon.ExecutionRecordDto.isStock(ExecutionRecordDto.java:51)
	at models.iquantCommon.ExecutionRecordDto.getSide(ExecutionRecordDto.java:71)
	at /app/views/StrategyDetail/bargainRecord.html.(line:34)
	at play.templates.GroovyTemplate.internalRender(GroovyTemplate.java:247)
	... 13 more
[ERROR] [2013-09-25 10:05:31]  [play.Logger] -

@6fl6pj4ma
Internal Server Error (500) for request GET /strategydetail/bargainrecord?id=15

Execution exception (In {module:iquantCommon}/app/business/DefaultRemoteRequestServiceSupport.java around line 38)
RuntimeException occured : java.util.concurrent.ExecutionException: java.util.concurrent.TimeoutException: No response received after 60000

play.exceptions.JavaExecutionException: java.util.concurrent.ExecutionException: java.util.concurrent.TimeoutException: No response received after 60000
	at play.mvc.ActionInvoker.invoke(ActionInvoker.java:237)
	at Invocation.HTTP Request(Play!)
Caused by: java.lang.RuntimeException: java.util.concurrent.ExecutionException: java.util.concurrent.TimeoutException: No response received after 60000
	at play.libs.ws.WSAsync$WSAsyncRequest.get(WSAsync.java:215)
	at business.DefaultRemoteRequestServiceSupport.doGet(DefaultRemoteRequestServiceSupport.java:38)
	at business.DefaultRemoteRequestServiceSupport.getList(DefaultRemoteRequestServiceSupport.java:121)
	at bussiness.StrategyDetailService.getExecutionRecord(StrategyDetailService.java:207)
	at controllers.StrategyDetail.bargainRecord(StrategyDetail.java:130)
	at play.mvc.ActionInvoker.invokeWithContinuation(ActionInvoker.java:557)
	at play.mvc.ActionInvoker.invoke(ActionInvoker.java:508)
	at play.mvc.ActionInvoker.invokeControllerMethod(ActionInvoker.java:484)
	at play.mvc.ActionInvoker.invokeControllerMethod(ActionInvoker.java:479)
	at play.mvc.ActionInvoker.invoke(ActionInvoker.java:161)
	... 1 more
Caused by: java.util.concurrent.ExecutionException: java.util.concurrent.TimeoutException: No response received after 60000
	at com.ning.http.client.providers.netty.NettyResponseFuture.get(NettyResponseFuture.java:223)
	at com.ning.http.client.providers.netty.NettyResponseFuture.get(NettyResponseFuture.java:187)
	at play.libs.ws.WSAsync$WSAsyncRequest.get(WSAsync.java:213)
	... 10 more
Caused by: java.util.concurrent.TimeoutException: No response received after 60000
	at com.ning.http.client.providers.netty.NettyResponseFuture.get(NettyResponseFuture.java:215)
	... 12 more
[ERROR] [2013-09-25 10:08:15]  [play.Logger] -

@6fl6pj4mb
Internal Server Error (500) for request GET /strategydetail/bargainrecord?id=15

Execution exception (In {module:iquantCommon}/app/models/iquantCommon/ExecutionRecordDto.java around line 51)
NullPointerException occured : null

play.exceptions.JavaExecutionException
	at play.templates.BaseTemplate.throwException(BaseTemplate.java:90)
	at play.templates.GroovyTemplate.internalRender(GroovyTemplate.java:272)
	at play.templates.Template.render(Template.java:26)
	at play.templates.GroovyTemplate.render(GroovyTemplate.java:202)
	at play.mvc.results.RenderTemplate.<init>(RenderTemplate.java:24)
	at play.mvc.Controller.renderTemplate(Controller.java:661)
	at play.mvc.Controller.renderTemplate(Controller.java:641)
	at play.mvc.Controller.render(Controller.java:698)
	at controllers.StrategyDetail.bargainRecord(StrategyDetail.java:131)
	at play.mvc.ActionInvoker.invokeWithContinuation(ActionInvoker.java:557)
	at play.mvc.ActionInvoker.invoke(ActionInvoker.java:508)
	at play.mvc.ActionInvoker.invokeControllerMethod(ActionInvoker.java:484)
	at play.mvc.ActionInvoker.invokeControllerMethod(ActionInvoker.java:479)
	at play.mvc.ActionInvoker.invoke(ActionInvoker.java:161)
	at Invocation.HTTP Request(Play!)
Caused by: java.lang.NullPointerException
	at models.iquantCommon.ExecutionRecordDto.isStock(ExecutionRecordDto.java:51)
	at models.iquantCommon.ExecutionRecordDto.getSide(ExecutionRecordDto.java:71)
	at /app/views/StrategyDetail/bargainRecord.html.(line:34)
	at play.templates.GroovyTemplate.internalRender(GroovyTemplate.java:247)
	... 13 more
[ERROR] [2013-09-25 10:10:19]  [play.Logger] -

@6fl6pj4mc
Internal Server Error (500) for request GET /strategydetail/bargainrecord?id=15

Execution exception (In {module:iquantCommon}/app/models/iquantCommon/ExecutionRecordDto.java around line 51)
NullPointerException occured : null

play.exceptions.JavaExecutionException
	at play.templates.BaseTemplate.throwException(BaseTemplate.java:90)
	at play.templates.GroovyTemplate.internalRender(GroovyTemplate.java:272)
	at play.templates.Template.render(Template.java:26)
	at play.templates.GroovyTemplate.render(GroovyTemplate.java:202)
	at play.mvc.results.RenderTemplate.<init>(RenderTemplate.java:24)
	at play.mvc.Controller.renderTemplate(Controller.java:661)
	at play.mvc.Controller.renderTemplate(Controller.java:641)
	at play.mvc.Controller.render(Controller.java:698)
	at controllers.StrategyDetail.bargainRecord(StrategyDetail.java:131)
	at play.mvc.ActionInvoker.invokeWithContinuation(ActionInvoker.java:557)
	at play.mvc.ActionInvoker.invoke(ActionInvoker.java:508)
	at play.mvc.ActionInvoker.invokeControllerMethod(ActionInvoker.java:484)
	at play.mvc.ActionInvoker.invokeControllerMethod(ActionInvoker.java:479)
	at play.mvc.ActionInvoker.invoke(ActionInvoker.java:161)
	at Invocation.HTTP Request(Play!)
Caused by: java.lang.NullPointerException
	at models.iquantCommon.ExecutionRecordDto.isStock(ExecutionRecordDto.java:51)
	at models.iquantCommon.ExecutionRecordDto.getSide(ExecutionRecordDto.java:71)
	at /app/views/StrategyDetail/bargainRecord.html.(line:34)
	at play.templates.GroovyTemplate.internalRender(GroovyTemplate.java:247)
	... 13 more
[ERROR] [2013-09-25 10:13:31]  [play.Logger] -

@6fl6pj4md
Internal Server Error (500) for request GET /strategydetail/bargainrecord?id=15

Execution exception (In {module:iquantCommon}/app/models/iquantCommon/ExecutionRecordDto.java around line 51)
NullPointerException occured : null

play.exceptions.JavaExecutionException
	at play.templates.BaseTemplate.throwException(BaseTemplate.java:90)
	at play.templates.GroovyTemplate.internalRender(GroovyTemplate.java:272)
	at play.templates.Template.render(Template.java:26)
	at play.templates.GroovyTemplate.render(GroovyTemplate.java:202)
	at play.mvc.results.RenderTemplate.<init>(RenderTemplate.java:24)
	at play.mvc.Controller.renderTemplate(Controller.java:661)
	at play.mvc.Controller.renderTemplate(Controller.java:641)
	at play.mvc.Controller.render(Controller.java:698)
	at controllers.StrategyDetail.bargainRecord(StrategyDetail.java:131)
	at play.mvc.ActionInvoker.invokeWithContinuation(ActionInvoker.java:557)
	at play.mvc.ActionInvoker.invoke(ActionInvoker.java:508)
	at play.mvc.ActionInvoker.invokeControllerMethod(ActionInvoker.java:484)
	at play.mvc.ActionInvoker.invokeControllerMethod(ActionInvoker.java:479)
	at play.mvc.ActionInvoker.invoke(ActionInvoker.java:161)
	at Invocation.HTTP Request(Play!)
Caused by: java.lang.NullPointerException
	at models.iquantCommon.ExecutionRecordDto.isStock(ExecutionRecordDto.java:51)
	at models.iquantCommon.ExecutionRecordDto.getSide(ExecutionRecordDto.java:71)
	at /app/views/StrategyDetail/bargainRecord.html.(line:34)
	at play.templates.GroovyTemplate.internalRender(GroovyTemplate.java:247)
	... 13 more
[ERROR] [2013-09-25 10:14:12]  [play.Logger] -

@6fl6pj4me
Internal Server Error (500) for request GET /strategydetail/bargainrecord?id=15

Execution exception (In {module:iquantCommon}/app/models/iquantCommon/ExecutionRecordDto.java around line 51)
NullPointerException occured : null

play.exceptions.JavaExecutionException
	at play.templates.BaseTemplate.throwException(BaseTemplate.java:90)
	at play.templates.GroovyTemplate.internalRender(GroovyTemplate.java:272)
	at play.templates.Template.render(Template.java:26)
	at play.templates.GroovyTemplate.render(GroovyTemplate.java:202)
	at play.mvc.results.RenderTemplate.<init>(RenderTemplate.java:24)
	at play.mvc.Controller.renderTemplate(Controller.java:661)
	at play.mvc.Controller.renderTemplate(Controller.java:641)
	at play.mvc.Controller.render(Controller.java:698)
	at controllers.StrategyDetail.bargainRecord(StrategyDetail.java:131)
	at play.mvc.ActionInvoker.invokeWithContinuation(ActionInvoker.java:557)
	at play.mvc.ActionInvoker.invoke(ActionInvoker.java:508)
	at play.mvc.ActionInvoker.invokeControllerMethod(ActionInvoker.java:484)
	at play.mvc.ActionInvoker.invokeControllerMethod(ActionInvoker.java:479)
	at play.mvc.ActionInvoker.invoke(ActionInvoker.java:161)
	at Invocation.HTTP Request(Play!)
Caused by: java.lang.NullPointerException
	at models.iquantCommon.ExecutionRecordDto.isStock(ExecutionRecordDto.java:51)
	at models.iquantCommon.ExecutionRecordDto.getSide(ExecutionRecordDto.java:71)
	at /app/views/StrategyDetail/bargainRecord.html.(line:34)
	at play.templates.GroovyTemplate.internalRender(GroovyTemplate.java:247)
	... 13 more
[ERROR] [2013-09-25 10:16:38]  [play.Logger] -

@6fl6pj4mf
Internal Server Error (500) for request GET /strategydetail/bargainrecord?id=15

Execution exception (In {module:iquantCommon}/app/models/iquantCommon/ExecutionRecordDto.java around line 51)
NullPointerException occured : null

play.exceptions.JavaExecutionException
	at play.templates.BaseTemplate.throwException(BaseTemplate.java:90)
	at play.templates.GroovyTemplate.internalRender(GroovyTemplate.java:272)
	at play.templates.Template.render(Template.java:26)
	at play.templates.GroovyTemplate.render(GroovyTemplate.java:202)
	at play.mvc.results.RenderTemplate.<init>(RenderTemplate.java:24)
	at play.mvc.Controller.renderTemplate(Controller.java:661)
	at play.mvc.Controller.renderTemplate(Controller.java:641)
	at play.mvc.Controller.render(Controller.java:698)
	at controllers.StrategyDetail.bargainRecord(StrategyDetail.java:131)
	at play.mvc.ActionInvoker.invokeWithContinuation(ActionInvoker.java:557)
	at play.mvc.ActionInvoker.invoke(ActionInvoker.java:508)
	at play.mvc.ActionInvoker.invokeControllerMethod(ActionInvoker.java:484)
	at play.mvc.ActionInvoker.invokeControllerMethod(ActionInvoker.java:479)
	at play.mvc.ActionInvoker.invoke(ActionInvoker.java:161)
	at Invocation.HTTP Request(Play!)
Caused by: java.lang.NullPointerException
	at models.iquantCommon.ExecutionRecordDto.isStock(ExecutionRecordDto.java:51)
	at models.iquantCommon.ExecutionRecordDto.getSide(ExecutionRecordDto.java:71)
	at /app/views/StrategyDetail/bargainRecord.html.(line:34)
	at play.templates.GroovyTemplate.internalRender(GroovyTemplate.java:247)
	... 13 more
[ERROR] [2013-09-25 10:19:50]  [play.Logger] -

@6flcdh415
Internal Server Error (500) for request GET /strategydetail/bargainrecord?id=15

Execution exception (In {module:iquantCommon}/app/models/iquantCommon/ExecutionRecordDto.java around line 51)
NullPointerException occured : null

play.exceptions.JavaExecutionException
	at play.templates.BaseTemplate.throwException(BaseTemplate.java:90)
	at play.templates.GroovyTemplate.internalRender(GroovyTemplate.java:272)
	at play.templates.Template.render(Template.java:26)
	at play.templates.GroovyTemplate.render(GroovyTemplate.java:202)
	at play.mvc.results.RenderTemplate.<init>(RenderTemplate.java:24)
	at play.mvc.Controller.renderTemplate(Controller.java:661)
	at play.mvc.Controller.renderTemplate(Controller.java:641)
	at play.mvc.Controller.render(Controller.java:698)
	at controllers.StrategyDetail.bargainRecord(StrategyDetail.java:131)
	at play.mvc.ActionInvoker.invokeWithContinuation(ActionInvoker.java:557)
	at play.mvc.ActionInvoker.invoke(ActionInvoker.java:508)
	at play.mvc.ActionInvoker.invokeControllerMethod(ActionInvoker.java:484)
	at play.mvc.ActionInvoker.invokeControllerMethod(ActionInvoker.java:479)
	at play.mvc.ActionInvoker.invoke(ActionInvoker.java:161)
	at Invocation.HTTP Request(Play!)
Caused by: java.lang.NullPointerException
	at models.iquantCommon.ExecutionRecordDto.isStock(ExecutionRecordDto.java:51)
	at models.iquantCommon.ExecutionRecordDto.getSide(ExecutionRecordDto.java:71)
	at /app/views/StrategyDetail/bargainRecord.html.(line:34)
	at play.templates.GroovyTemplate.internalRender(GroovyTemplate.java:247)
	... 13 more
[ERROR] [2013-09-25 10:49:43]  [play.Logger] -

@6flcdh416
Internal Server Error (500) for request GET /strategydetail/bargainrecord?id=15

Execution exception (In {module:iquantCommon}/app/models/iquantCommon/ExecutionRecordDto.java around line 51)
NullPointerException occured : null

play.exceptions.JavaExecutionException
	at play.templates.BaseTemplate.throwException(BaseTemplate.java:90)
	at play.templates.GroovyTemplate.internalRender(GroovyTemplate.java:272)
	at play.templates.Template.render(Template.java:26)
	at play.templates.GroovyTemplate.render(GroovyTemplate.java:202)
	at play.mvc.results.RenderTemplate.<init>(RenderTemplate.java:24)
	at play.mvc.Controller.renderTemplate(Controller.java:661)
	at play.mvc.Controller.renderTemplate(Controller.java:641)
	at play.mvc.Controller.render(Controller.java:698)
	at controllers.StrategyDetail.bargainRecord(StrategyDetail.java:131)
	at play.mvc.ActionInvoker.invokeWithContinuation(ActionInvoker.java:557)
	at play.mvc.ActionInvoker.invoke(ActionInvoker.java:508)
	at play.mvc.ActionInvoker.invokeControllerMethod(ActionInvoker.java:484)
	at play.mvc.ActionInvoker.invokeControllerMethod(ActionInvoker.java:479)
	at play.mvc.ActionInvoker.invoke(ActionInvoker.java:161)
	at Invocation.HTTP Request(Play!)
Caused by: java.lang.NullPointerException
	at models.iquantCommon.ExecutionRecordDto.isStock(ExecutionRecordDto.java:51)
	at models.iquantCommon.ExecutionRecordDto.getSide(ExecutionRecordDto.java:71)
	at /app/views/StrategyDetail/bargainRecord.html.(line:34)
	at play.templates.GroovyTemplate.internalRender(GroovyTemplate.java:247)
	... 13 more
[ERROR] [2013-09-25 10:49:44]  [play.Logger] -

@6flcdh417
Internal Server Error (500) for request GET /strategydetail/bargainrecord?id=15

Execution exception (In {module:iquantCommon}/app/models/iquantCommon/ExecutionRecordDto.java around line 51)
NullPointerException occured : null

play.exceptions.JavaExecutionException
	at play.templates.BaseTemplate.throwException(BaseTemplate.java:90)
	at play.templates.GroovyTemplate.internalRender(GroovyTemplate.java:272)
	at play.templates.Template.render(Template.java:26)
	at play.templates.GroovyTemplate.render(GroovyTemplate.java:202)
	at play.mvc.results.RenderTemplate.<init>(RenderTemplate.java:24)
	at play.mvc.Controller.renderTemplate(Controller.java:661)
	at play.mvc.Controller.renderTemplate(Controller.java:641)
	at play.mvc.Controller.render(Controller.java:698)
	at controllers.StrategyDetail.bargainRecord(StrategyDetail.java:131)
	at play.mvc.ActionInvoker.invokeWithContinuation(ActionInvoker.java:557)
	at play.mvc.ActionInvoker.invoke(ActionInvoker.java:508)
	at play.mvc.ActionInvoker.invokeControllerMethod(ActionInvoker.java:484)
	at play.mvc.ActionInvoker.invokeControllerMethod(ActionInvoker.java:479)
	at play.mvc.ActionInvoker.invoke(ActionInvoker.java:161)
	at Invocation.HTTP Request(Play!)
Caused by: java.lang.NullPointerException
	at models.iquantCommon.ExecutionRecordDto.isStock(ExecutionRecordDto.java:51)
	at models.iquantCommon.ExecutionRecordDto.getSide(ExecutionRecordDto.java:71)
	at /app/views/StrategyDetail/bargainRecord.html.(line:34)
	at play.templates.GroovyTemplate.internalRender(GroovyTemplate.java:247)
	... 13 more
[ERROR] [2013-09-25 10:49:47]  [play.Logger] -

@6flcdh418
Internal Server Error (500) for request GET /strategydetail/bargainrecord?id=15

Execution exception (In {module:iquantCommon}/app/models/iquantCommon/ExecutionRecordDto.java around line 51)
NullPointerException occured : null

play.exceptions.JavaExecutionException
	at play.templates.BaseTemplate.throwException(BaseTemplate.java:90)
	at play.templates.GroovyTemplate.internalRender(GroovyTemplate.java:272)
	at play.templates.Template.render(Template.java:26)
	at play.templates.GroovyTemplate.render(GroovyTemplate.java:202)
	at play.mvc.results.RenderTemplate.<init>(RenderTemplate.java:24)
	at play.mvc.Controller.renderTemplate(Controller.java:661)
	at play.mvc.Controller.renderTemplate(Controller.java:641)
	at play.mvc.Controller.render(Controller.java:698)
	at controllers.StrategyDetail.bargainRecord(StrategyDetail.java:131)
	at play.mvc.ActionInvoker.invokeWithContinuation(ActionInvoker.java:557)
	at play.mvc.ActionInvoker.invoke(ActionInvoker.java:508)
	at play.mvc.ActionInvoker.invokeControllerMethod(ActionInvoker.java:484)
	at play.mvc.ActionInvoker.invokeControllerMethod(ActionInvoker.java:479)
	at play.mvc.ActionInvoker.invoke(ActionInvoker.java:161)
	at Invocation.HTTP Request(Play!)
Caused by: java.lang.NullPointerException
	at models.iquantCommon.ExecutionRecordDto.isStock(ExecutionRecordDto.java:51)
	at models.iquantCommon.ExecutionRecordDto.getSide(ExecutionRecordDto.java:71)
	at /app/views/StrategyDetail/bargainRecord.html.(line:34)
	at play.templates.GroovyTemplate.internalRender(GroovyTemplate.java:247)
	... 13 more
[ERROR] [2013-09-25 11:10:16]  [play.Logger] -

@6flcdh419
Internal Server Error (500) for request GET /strategydetail/detail?stid=15&enginetypeId=1

Execution exception (In /app/bussiness/StrategyDetailService.java around line 30)
NullPointerException occured : Try to read discussCount on null object models.iquantCommon.StrategyBaseDto (bussiness.StrategyDetailService.getStrategyDetail, line 30)

play.exceptions.JavaExecutionException: Try to read discussCount on null object models.iquantCommon.StrategyBaseDto (bussiness.StrategyDetailService.getStrategyDetail, line 30)
	at play.mvc.ActionInvoker.invoke(ActionInvoker.java:237)
	at Invocation.HTTP Request(Play!)
Caused by: java.lang.NullPointerException: Try to read discussCount on null object models.iquantCommon.StrategyBaseDto (bussiness.StrategyDetailService.getStrategyDetail, line 30)
	at play.classloading.enhancers.PropertiesEnhancer$FieldAccessor.invokeReadProperty(PropertiesEnhancer.java:213)
	at bussiness.StrategyDetailService.getStrategyDetail(StrategyDetailService.java:30)
	at controllers.StrategyDetail.detail(StrategyDetail.java:27)
	at play.mvc.ActionInvoker.invokeWithContinuation(ActionInvoker.java:557)
	at play.mvc.ActionInvoker.invoke(ActionInvoker.java:508)
	at play.mvc.ActionInvoker.invokeControllerMethod(ActionInvoker.java:484)
	at play.mvc.ActionInvoker.invokeControllerMethod(ActionInvoker.java:479)
	at play.mvc.ActionInvoker.invoke(ActionInvoker.java:161)
	... 1 more
[ERROR] [2013-09-25 11:10:33]  [play.Logger] -

@6flcdh41a
Internal Server Error (500) for request GET /strategys/strategylist

Execution exception (In /app/bussiness/StrategyService.java around line 45)
NullPointerException occured : null

play.exceptions.JavaExecutionException
	at play.mvc.ActionInvoker.invoke(ActionInvoker.java:237)
	at Invocation.HTTP Request(Play!)
Caused by: java.lang.NullPointerException
	at bussiness.StrategyService.strategyList(StrategyService.java:45)
	at controllers.Strategys.strategyList(Strategys.java:36)
	at play.mvc.ActionInvoker.invokeWithContinuation(ActionInvoker.java:557)
	at play.mvc.ActionInvoker.invoke(ActionInvoker.java:508)
	at play.mvc.ActionInvoker.invokeControllerMethod(ActionInvoker.java:484)
	at play.mvc.ActionInvoker.invokeControllerMethod(ActionInvoker.java:479)
	at play.mvc.ActionInvoker.invoke(ActionInvoker.java:161)
	... 1 more
[ERROR] [2013-09-25 11:12:44]  [play.Logger] -

@6flcdh41b
Internal Server Error (500) for request GET /strategys/strategylist

Execution exception (In /app/bussiness/StrategyService.java around line 45)
NullPointerException occured : null

play.exceptions.JavaExecutionException
	at play.mvc.ActionInvoker.invoke(ActionInvoker.java:237)
	at Invocation.HTTP Request(Play!)
Caused by: java.lang.NullPointerException
	at bussiness.StrategyService.strategyList(StrategyService.java:45)
	at controllers.Strategys.strategyList(Strategys.java:36)
	at play.mvc.ActionInvoker.invokeWithContinuation(ActionInvoker.java:557)
	at play.mvc.ActionInvoker.invoke(ActionInvoker.java:508)
	at play.mvc.ActionInvoker.invokeControllerMethod(ActionInvoker.java:484)
	at play.mvc.ActionInvoker.invokeControllerMethod(ActionInvoker.java:479)
	at play.mvc.ActionInvoker.invoke(ActionInvoker.java:161)
	... 1 more
[ERROR] [2013-09-25 11:13:58]  [play.Logger] -

@6flcdh41c
Internal Server Error (500) for request GET /strategys/strategylist

Execution exception (In /app/bussiness/StrategyService.java around line 45)
NullPointerException occured : null

play.exceptions.JavaExecutionException
	at play.mvc.ActionInvoker.invoke(ActionInvoker.java:237)
	at Invocation.HTTP Request(Play!)
Caused by: java.lang.NullPointerException
	at bussiness.StrategyService.strategyList(StrategyService.java:45)
	at controllers.Strategys.strategyList(Strategys.java:36)
	at play.mvc.ActionInvoker.invokeWithContinuation(ActionInvoker.java:557)
	at play.mvc.ActionInvoker.invoke(ActionInvoker.java:508)
	at play.mvc.ActionInvoker.invokeControllerMethod(ActionInvoker.java:484)
	at play.mvc.ActionInvoker.invokeControllerMethod(ActionInvoker.java:479)
	at play.mvc.ActionInvoker.invoke(ActionInvoker.java:161)
	... 1 more
[ERROR] [2013-09-25 11:14:12]  [play.Logger] -

@6flcdh41d
Internal Server Error (500) for request GET /strategys/strategylist

Execution exception (In /app/bussiness/StrategyService.java around line 45)
NullPointerException occured : null

play.exceptions.JavaExecutionException
	at play.mvc.ActionInvoker.invoke(ActionInvoker.java:237)
	at Invocation.HTTP Request(Play!)
Caused by: java.lang.NullPointerException
	at bussiness.StrategyService.strategyList(StrategyService.java:45)
	at controllers.Strategys.strategyList(Strategys.java:36)
	at play.mvc.ActionInvoker.invokeWithContinuation(ActionInvoker.java:557)
	at play.mvc.ActionInvoker.invoke(ActionInvoker.java:508)
	at play.mvc.ActionInvoker.invokeControllerMethod(ActionInvoker.java:484)
	at play.mvc.ActionInvoker.invokeControllerMethod(ActionInvoker.java:479)
	at play.mvc.ActionInvoker.invoke(ActionInvoker.java:161)
	... 1 more
[ERROR] [2013-09-25 11:15:53]  [play.Logger] -

@6flcdh41e
Internal Server Error (500) for request GET /strategys/strategylist

Execution exception (In /app/bussiness/StrategyService.java around line 45)
NullPointerException occured : null

play.exceptions.JavaExecutionException
	at play.mvc.ActionInvoker.invoke(ActionInvoker.java:237)
	at Invocation.HTTP Request(Play!)
Caused by: java.lang.NullPointerException
	at bussiness.StrategyService.strategyList(StrategyService.java:45)
	at controllers.Strategys.strategyList(Strategys.java:36)
	at play.mvc.ActionInvoker.invokeWithContinuation(ActionInvoker.java:557)
	at play.mvc.ActionInvoker.invoke(ActionInvoker.java:508)
	at play.mvc.ActionInvoker.invokeControllerMethod(ActionInvoker.java:484)
	at play.mvc.ActionInvoker.invokeControllerMethod(ActionInvoker.java:479)
	at play.mvc.ActionInvoker.invoke(ActionInvoker.java:161)
	... 1 more
[ERROR] [2013-09-25 15:10:53]  [play.Logger] -

@6fldpmjhh
Internal Server Error (500) for request GET /strategys/strategylist?content=&myselect=1

Compilation error (In /app/bussiness/UserTemplateService.java around line 65)
The file /app/bussiness/UserTemplateService.java could not be compiled. Error raised is : This method must return a result of type UserTemplate

play.exceptions.CompilationException: This method must return a result of type UserTemplate
	at play.classloading.ApplicationCompiler$2.acceptResult(ApplicationCompiler.java:246)
	at org.eclipse.jdt.internal.compiler.Compiler.handleInternalException(Compiler.java:676)
	at org.eclipse.jdt.internal.compiler.Compiler.compile(Compiler.java:520)
	at play.classloading.ApplicationCompiler.compile(ApplicationCompiler.java:282)
	at play.classloading.ApplicationClasses$ApplicationClass.compile(ApplicationClasses.java:281)
	at play.classloading.ApplicationClassloader.detectChanges(ApplicationClassloader.java:322)
	at play.Play.detectChanges(Play.java:632)
	at play.Invoker$Invocation.init(Invoker.java:197)
	at Invocation.HTTP Request(Play!)
[ERROR] [2013-09-25 15:33:03]  [play.Logger] -

@6fle2ka8n
Error during job execution (job.ClearCacheJob)

Execution exception (In /app/job/ClearCacheJob.java around line 24)
JedisConnectionException occured : Could not get a resource from the pool

play.exceptions.JavaExecutionException: Could not get a resource from the pool
	at play.jobs.Job.call(Job.java:155)
	at java.util.concurrent.FutureTask$Sync.innerRun(Unknown Source)
	at java.util.concurrent.FutureTask.run(Unknown Source)
	at java.util.concurrent.ScheduledThreadPoolExecutor$ScheduledFutureTask.access$301(Unknown Source)
	at java.util.concurrent.ScheduledThreadPoolExecutor$ScheduledFutureTask.run(Unknown Source)
	at java.util.concurrent.ThreadPoolExecutor$Worker.runTask(Unknown Source)
	at java.util.concurrent.ThreadPoolExecutor$Worker.run(Unknown Source)
	at java.lang.Thread.run(Unknown Source)
Caused by: redis.clients.jedis.exceptions.JedisConnectionException: Could not get a resource from the pool
	at redis.clients.util.Pool.getResource(Pool.java:22)
	at play.modules.redis.RedisConnectionManager.getRawConnectionInternal(RedisConnectionManager.java:40)
	at play.modules.redis.Redis.keys(Redis.java:501)
	at job.ClearCacheJob.clearPrevilegeFromRedis(ClearCacheJob.java:24)
	at job.ClearCacheJob.doJob(ClearCacheJob.java:19)
	at play.jobs.Job.doJobWithResult(Job.java:50)
	at play.jobs.Job.call(Job.java:146)
	... 7 more
Caused by: redis.clients.jedis.exceptions.JedisConnectionException: java.net.ConnectException: Connection refused: connect
	at redis.clients.jedis.Connection.connect(Connection.java:124)
	at redis.clients.jedis.BinaryClient.connect(BinaryClient.java:54)
	at redis.clients.jedis.BinaryJedis.connect(BinaryJedis.java:1657)
	at redis.clients.jedis.JedisPool$JedisFactory.makeObject(JedisPool.java:63)
	at org.apache.commons.pool.impl.GenericObjectPool.borrowObject(GenericObjectPool.java:1158)
	at redis.clients.util.Pool.getResource(Pool.java:20)
	... 13 more
Caused by: java.net.ConnectException: Connection refused: connect
	at java.net.PlainSocketImpl.socketConnect(Native Method)
	at java.net.PlainSocketImpl.doConnect(Unknown Source)
	at java.net.PlainSocketImpl.connectToAddress(Unknown Source)
	at java.net.PlainSocketImpl.connect(Unknown Source)
	at java.net.SocksSocketImpl.connect(Unknown Source)
	at java.net.Socket.connect(Unknown Source)
	at redis.clients.jedis.Connection.connect(Connection.java:119)
	... 18 more
[ERROR] [2013-09-25 15:33:04]  [play.Logger] -

@6fle2ka8o
Internal Server Error (500) for request GET /strategys/strategylist?content=&isTableList=true&myselect=1

Execution exception (In /app/bussiness/UserInfoBaseService.java around line 167)
UncheckedExecutionException occured : redis.clients.jedis.exceptions.JedisConnectionException: Could not get a resource from the pool

play.exceptions.JavaExecutionException: redis.clients.jedis.exceptions.JedisConnectionException: Could not get a resource from the pool
	at play.mvc.ActionInvoker.invoke(ActionInvoker.java:237)
	at Invocation.HTTP Request(Play!)
Caused by: com.google.common.util.concurrent.UncheckedExecutionException: redis.clients.jedis.exceptions.JedisConnectionException: Could not get a resource from the pool
	at com.google.common.cache.LocalCache$Segment.get(LocalCache.java:2263)
	at com.google.common.cache.LocalCache.get(LocalCache.java:4000)
	at com.google.common.cache.LocalCache.getOrLoad(LocalCache.java:4004)
	at com.google.common.cache.LocalCache$LocalLoadingCache.get(LocalCache.java:4874)
	at bussiness.UserInfoBaseService$PrevilegeRemoteCache.getUserRoles(UserInfoBaseService.java:167)
	at bussiness.UserInfoBaseService.getUserFunctionInfo(UserInfoBaseService.java:39)
	at util.SimpleFunctionAuth.hasPrivilege(SimpleFunctionAuth.java:29)
	at util.FunctionAuthManager.auth(FunctionAuthManager.java:20)
	at controllers.FunctionInterceptor.doAuth(FunctionInterceptor.java:27)
	at play.mvc.ActionInvoker.invoke(ActionInvoker.java:510)
	at play.mvc.ActionInvoker.invokeControllerMethod(ActionInvoker.java:484)
	at play.mvc.ActionInvoker.invokeControllerMethod(ActionInvoker.java:479)
	at play.mvc.ActionInvoker.handleBefores(ActionInvoker.java:328)
	at play.mvc.ActionInvoker.invoke(ActionInvoker.java:142)
	... 1 more
Caused by: redis.clients.jedis.exceptions.JedisConnectionException: Could not get a resource from the pool
	at redis.clients.util.Pool.getResource(Pool.java:22)
	at play.modules.redis.RedisConnectionManager.getRawConnectionInternal(RedisConnectionManager.java:40)
	at play.modules.redis.RedisConnectionManager.getRawConnectionFromShard(RedisConnectionManager.java:47)
	at play.modules.redis.Redis.get(Redis.java:267)
	at bussiness.UserInfoBaseService$PrevilegeRemoteCache$1.load(UserInfoBaseService.java:111)
	at bussiness.UserInfoBaseService$PrevilegeRemoteCache$1.load(UserInfoBaseService.java:1)
	at com.google.common.cache.LocalCache$LoadingValueReference.loadFuture(LocalCache.java:3599)
	at com.google.common.cache.LocalCache$Segment.loadSync(LocalCache.java:2379)
	at com.google.common.cache.LocalCache$Segment.lockedGetOrLoad(LocalCache.java:2342)
	at com.google.common.cache.LocalCache$Segment.get(LocalCache.java:2257)
	... 14 more
Caused by: redis.clients.jedis.exceptions.JedisConnectionException: java.net.ConnectException: Connection refused: connect
	at redis.clients.jedis.Connection.connect(Connection.java:124)
	at redis.clients.jedis.BinaryClient.connect(BinaryClient.java:54)
	at redis.clients.jedis.BinaryJedis.connect(BinaryJedis.java:1657)
	at redis.clients.jedis.JedisPool$JedisFactory.makeObject(JedisPool.java:63)
	at org.apache.commons.pool.impl.GenericObjectPool.borrowObject(GenericObjectPool.java:1158)
	at redis.clients.util.Pool.getResource(Pool.java:20)
	... 23 more
Caused by: java.net.ConnectException: Connection refused: connect
	at java.net.PlainSocketImpl.socketConnect(Native Method)
	at java.net.PlainSocketImpl.doConnect(Unknown Source)
	at java.net.PlainSocketImpl.connectToAddress(Unknown Source)
	at java.net.PlainSocketImpl.connect(Unknown Source)
	at java.net.SocksSocketImpl.connect(Unknown Source)
	at java.net.Socket.connect(Unknown Source)
	at redis.clients.jedis.Connection.connect(Connection.java:119)
	... 28 more
[ERROR] [2013-09-25 15:33:20]  [play.Logger] -

@6fle2ka8p
Internal Server Error (500) for request GET /strategys/strategylist?content=&isTableList=true&myselect=1

Execution exception (In /app/bussiness/UserInfoBaseService.java around line 167)
UncheckedExecutionException occured : java.lang.RuntimeException: java.util.concurrent.ExecutionException: java.net.ConnectException: Connection refused: no further information to http://localhost:9100/UserInfoCt/findUserRoleInfoById?uid=1

play.exceptions.JavaExecutionException: java.lang.RuntimeException: java.util.concurrent.ExecutionException: java.net.ConnectException: Connection refused: no further information to http://localhost:9100/UserInfoCt/findUserRoleInfoById?uid=1
	at play.mvc.ActionInvoker.invoke(ActionInvoker.java:237)
	at Invocation.HTTP Request(Play!)
Caused by: com.google.common.util.concurrent.UncheckedExecutionException: java.lang.RuntimeException: java.util.concurrent.ExecutionException: java.net.ConnectException: Connection refused: no further information to http://localhost:9100/UserInfoCt/findUserRoleInfoById?uid=1
	at com.google.common.cache.LocalCache$Segment.get(LocalCache.java:2263)
	at com.google.common.cache.LocalCache.get(LocalCache.java:4000)
	at com.google.common.cache.LocalCache.getOrLoad(LocalCache.java:4004)
	at com.google.common.cache.LocalCache$LocalLoadingCache.get(LocalCache.java:4874)
	at bussiness.UserInfoBaseService$PrevilegeRemoteCache.getUserRoles(UserInfoBaseService.java:167)
	at bussiness.UserInfoBaseService.getUserFunctionInfo(UserInfoBaseService.java:39)
	at util.SimpleFunctionAuth.hasPrivilege(SimpleFunctionAuth.java:29)
	at util.FunctionAuthManager.auth(FunctionAuthManager.java:20)
	at controllers.FunctionInterceptor.doAuth(FunctionInterceptor.java:27)
	at play.mvc.ActionInvoker.invoke(ActionInvoker.java:510)
	at play.mvc.ActionInvoker.invokeControllerMethod(ActionInvoker.java:484)
	at play.mvc.ActionInvoker.invokeControllerMethod(ActionInvoker.java:479)
	at play.mvc.ActionInvoker.handleBefores(ActionInvoker.java:328)
	at play.mvc.ActionInvoker.invoke(ActionInvoker.java:142)
	... 1 more
Caused by: java.lang.RuntimeException: java.util.concurrent.ExecutionException: java.net.ConnectException: Connection refused: no further information to http://localhost:9100/UserInfoCt/findUserRoleInfoById?uid=1
	at play.libs.ws.WSAsync$WSAsyncRequest.get(WSAsync.java:215)
	at business.DefaultRemoteRequestServiceSupport.doGet(DefaultRemoteRequestServiceSupport.java:38)
	at business.DefaultRemoteRequestServiceSupport.getList(DefaultRemoteRequestServiceSupport.java:121)
	at bussiness.UserInfoBaseService.findUserRole(UserInfoBaseService.java:33)
	at bussiness.UserInfoBaseService$PrevilegeRemoteCache$1.load(UserInfoBaseService.java:115)
	at bussiness.UserInfoBaseService$PrevilegeRemoteCache$1.load(UserInfoBaseService.java:1)
	at com.google.common.cache.LocalCache$LoadingValueReference.loadFuture(LocalCache.java:3599)
	at com.google.common.cache.LocalCache$Segment.loadSync(LocalCache.java:2379)
	at com.google.common.cache.LocalCache$Segment.lockedGetOrLoad(LocalCache.java:2342)
	at com.google.common.cache.LocalCache$Segment.get(LocalCache.java:2257)
	... 14 more
Caused by: java.util.concurrent.ExecutionException: java.net.ConnectException: Connection refused: no further information to http://localhost:9100/UserInfoCt/findUserRoleInfoById?uid=1
	at com.ning.http.client.providers.netty.NettyResponseFuture.abort(NettyResponseFuture.java:297)
	at com.ning.http.client.providers.netty.NettyConnectListener.operationComplete(NettyConnectListener.java:104)
	at org.jboss.netty.channel.DefaultChannelFuture.notifyListener(DefaultChannelFuture.java:428)
	at org.jboss.netty.channel.DefaultChannelFuture.notifyListeners(DefaultChannelFuture.java:419)
	at org.jboss.netty.channel.DefaultChannelFuture.setFailure(DefaultChannelFuture.java:381)
	at org.jboss.netty.channel.socket.nio.NioClientSocketPipelineSink$Boss.processSelectedKeys(NioClientSocketPipelineSink.java:400)
	at org.jboss.netty.channel.socket.nio.NioClientSocketPipelineSink$Boss.run(NioClientSocketPipelineSink.java:312)
	at org.jboss.netty.util.ThreadRenamingRunnable.run(ThreadRenamingRunnable.java:102)
	at org.jboss.netty.util.internal.DeadLockProofWorker$1.run(DeadLockProofWorker.java:42)
	at java.util.concurrent.ThreadPoolExecutor$Worker.runTask(Unknown Source)
	at java.util.concurrent.ThreadPoolExecutor$Worker.run(Unknown Source)
	at java.lang.Thread.run(Unknown Source)
Caused by: java.net.ConnectException: Connection refused: no further information to http://localhost:9100/UserInfoCt/findUserRoleInfoById?uid=1
	at com.ning.http.client.providers.netty.NettyConnectListener.operationComplete(NettyConnectListener.java:100)
	... 10 more
Caused by: java.net.ConnectException: Connection refused: no further information
	at sun.nio.ch.SocketChannelImpl.checkConnect(Native Method)
	at sun.nio.ch.SocketChannelImpl.finishConnect(Unknown Source)
	at org.jboss.netty.channel.socket.nio.NioClientSocketPipelineSink$Boss.connect(NioClientSocketPipelineSink.java:440)
	at org.jboss.netty.channel.socket.nio.NioClientSocketPipelineSink$Boss.processSelectedKeys(NioClientSocketPipelineSink.java:396)
	at org.jboss.netty.channel.socket.nio.NioClientSocketPipelineSink$Boss.run(NioClientSocketPipelineSink.java:312)
	... 3 more
[ERROR] [2013-09-25 15:34:01]  [play.Logger] -

@6fle2ka90
Internal Server Error (500) for request GET /strategys/strategylist?content=&isTableList=true&myselect=1

Execution exception (In /app/bussiness/UserInfoBaseService.java around line 167)
UncheckedExecutionException occured : redis.clients.jedis.exceptions.JedisConnectionException: Could not get a resource from the pool

play.exceptions.JavaExecutionException: redis.clients.jedis.exceptions.JedisConnectionException: Could not get a resource from the pool
	at play.mvc.ActionInvoker.invoke(ActionInvoker.java:237)
	at Invocation.HTTP Request(Play!)
Caused by: com.google.common.util.concurrent.UncheckedExecutionException: redis.clients.jedis.exceptions.JedisConnectionException: Could not get a resource from the pool
	at com.google.common.cache.LocalCache$Segment.get(LocalCache.java:2263)
	at com.google.common.cache.LocalCache.get(LocalCache.java:4000)
	at com.google.common.cache.LocalCache.getOrLoad(LocalCache.java:4004)
	at com.google.common.cache.LocalCache$LocalLoadingCache.get(LocalCache.java:4874)
	at bussiness.UserInfoBaseService$PrevilegeRemoteCache.getUserRoles(UserInfoBaseService.java:167)
	at bussiness.UserInfoBaseService.getUserFunctionInfo(UserInfoBaseService.java:39)
	at util.SimpleFunctionAuth.hasPrivilege(SimpleFunctionAuth.java:29)
	at util.FunctionAuthManager.auth(FunctionAuthManager.java:20)
	at controllers.FunctionInterceptor.doAuth(FunctionInterceptor.java:27)
	at play.mvc.ActionInvoker.invoke(ActionInvoker.java:510)
	at play.mvc.ActionInvoker.invokeControllerMethod(ActionInvoker.java:484)
	at play.mvc.ActionInvoker.invokeControllerMethod(ActionInvoker.java:479)
	at play.mvc.ActionInvoker.handleBefores(ActionInvoker.java:328)
	at play.mvc.ActionInvoker.invoke(ActionInvoker.java:142)
	... 1 more
Caused by: redis.clients.jedis.exceptions.JedisConnectionException: Could not get a resource from the pool
	at redis.clients.util.Pool.getResource(Pool.java:22)
	at play.modules.redis.RedisConnectionManager.getRawConnectionInternal(RedisConnectionManager.java:40)
	at play.modules.redis.RedisConnectionManager.getRawConnectionFromShard(RedisConnectionManager.java:47)
	at play.modules.redis.Redis.get(Redis.java:267)
	at bussiness.UserInfoBaseService$PrevilegeRemoteCache$1.load(UserInfoBaseService.java:111)
	at bussiness.UserInfoBaseService$PrevilegeRemoteCache$1.load(UserInfoBaseService.java:1)
	at com.google.common.cache.LocalCache$LoadingValueReference.loadFuture(LocalCache.java:3599)
	at com.google.common.cache.LocalCache$Segment.loadSync(LocalCache.java:2379)
	at com.google.common.cache.LocalCache$Segment.lockedGetOrLoad(LocalCache.java:2342)
	at com.google.common.cache.LocalCache$Segment.get(LocalCache.java:2257)
	... 14 more
Caused by: redis.clients.jedis.exceptions.JedisConnectionException: java.net.ConnectException: Connection refused: connect
	at redis.clients.jedis.Connection.connect(Connection.java:124)
	at redis.clients.jedis.BinaryClient.connect(BinaryClient.java:54)
	at redis.clients.jedis.BinaryJedis.connect(BinaryJedis.java:1657)
	at redis.clients.jedis.JedisPool$JedisFactory.makeObject(JedisPool.java:63)
	at org.apache.commons.pool.impl.GenericObjectPool.borrowObject(GenericObjectPool.java:1158)
	at redis.clients.util.Pool.getResource(Pool.java:20)
	... 23 more
Caused by: java.net.ConnectException: Connection refused: connect
	at java.net.PlainSocketImpl.socketConnect(Native Method)
	at java.net.PlainSocketImpl.doConnect(Unknown Source)
	at java.net.PlainSocketImpl.connectToAddress(Unknown Source)
	at java.net.PlainSocketImpl.connect(Unknown Source)
	at java.net.SocksSocketImpl.connect(Unknown Source)
	at java.net.Socket.connect(Unknown Source)
	at redis.clients.jedis.Connection.connect(Connection.java:119)
	... 28 more
[ERROR] [2013-09-25 15:49:11]  [play.Logger] -

@6fle2ka91
Internal Server Error (500) for request POST /searchconditionmanage/editCond

Execution exception (In {module:iquantCommon}/app/business/DefaultRemoteRequestServiceSupport.java around line 36)
IllegalArgumentException occured : Map has no value for 'token'

play.exceptions.JavaExecutionException: Map has no value for 'token'
	at play.mvc.ActionInvoker.invoke(ActionInvoker.java:237)
	at Invocation.HTTP Request(Play!)
Caused by: java.lang.IllegalArgumentException: Map has no value for 'token'
	at com.tom.spring.web.util.UriComponents$MapTemplateVariables.getValue(UriComponents.java:233)
	at com.tom.spring.web.util.UriComponents.expandUriComponent(UriComponents.java:191)
	at com.tom.spring.web.util.HierarchicalUriComponents.expandInternal(HierarchicalUriComponents.java:287)
	at com.tom.spring.web.util.HierarchicalUriComponents.expandInternal(HierarchicalUriComponents.java:20)
	at com.tom.spring.web.util.UriComponents.expand(UriComponents.java:134)
	at com.tom.spring.web.util.UriTemplate.expand(UriTemplate.java:79)
	at business.DefaultRemoteRequestServiceSupport.doGet(DefaultRemoteRequestServiceSupport.java:36)
	at business.DefaultRemoteRequestServiceSupport.getBean(DefaultRemoteRequestServiceSupport.java:85)
	at bussiness.UserTemplateService.editUserTemplate(UserTemplateService.java:67)
	at controllers.SearchConditionManage.editStrategyCond(SearchConditionManage.java:118)
	at play.mvc.ActionInvoker.invokeWithContinuation(ActionInvoker.java:557)
	at play.mvc.ActionInvoker.invoke(ActionInvoker.java:508)
	at play.mvc.ActionInvoker.invokeControllerMethod(ActionInvoker.java:484)
	at play.mvc.ActionInvoker.invokeControllerMethod(ActionInvoker.java:479)
	at play.mvc.ActionInvoker.invoke(ActionInvoker.java:161)
	... 1 more
[ERROR] [2013-09-25 16:45:39]  [play.Logger] -

@6fle2ka92
Internal Server Error (500) for request GET /strategys/strategycontrast?idArray%5B%5D=96&idArray%5B%5D=26

Execution exception (In {module:iquantCommon}/app/business/DefaultRemoteRequestServiceSupport.java around line 38)
RuntimeException occured : java.util.concurrent.ExecutionException: java.net.ConnectException: Connection refused: no further information to http://localhost:9100/strategyCt/fetchCompareStrategyList?stids=96%2C26

play.exceptions.JavaExecutionException: java.util.concurrent.ExecutionException: java.net.ConnectException: Connection refused: no further information to http://localhost:9100/strategyCt/fetchCompareStrategyList?stids=96%2C26
	at play.mvc.ActionInvoker.invoke(ActionInvoker.java:237)
	at Invocation.HTTP Request(Play!)
Caused by: java.lang.RuntimeException: java.util.concurrent.ExecutionException: java.net.ConnectException: Connection refused: no further information to http://localhost:9100/strategyCt/fetchCompareStrategyList?stids=96%2C26
	at play.libs.ws.WSAsync$WSAsyncRequest.get(WSAsync.java:215)
	at business.DefaultRemoteRequestServiceSupport.doGet(DefaultRemoteRequestServiceSupport.java:38)
	at business.DefaultRemoteRequestServiceSupport.getList(DefaultRemoteRequestServiceSupport.java:121)
	at bussiness.StrategyContrastService.strategyContrast(StrategyContrastService.java:24)
	at controllers.Strategys.strategyContrast(Strategys.java:89)
	at play.mvc.ActionInvoker.invokeWithContinuation(ActionInvoker.java:557)
	at play.mvc.ActionInvoker.invoke(ActionInvoker.java:508)
	at play.mvc.ActionInvoker.invokeControllerMethod(ActionInvoker.java:484)
	at play.mvc.ActionInvoker.invokeControllerMethod(ActionInvoker.java:479)
	at play.mvc.ActionInvoker.invoke(ActionInvoker.java:161)
	... 1 more
Caused by: java.util.concurrent.ExecutionException: java.net.ConnectException: Connection refused: no further information to http://localhost:9100/strategyCt/fetchCompareStrategyList?stids=96%2C26
	at com.ning.http.client.providers.netty.NettyResponseFuture.abort(NettyResponseFuture.java:297)
	at com.ning.http.client.providers.netty.NettyConnectListener.operationComplete(NettyConnectListener.java:104)
	at org.jboss.netty.channel.DefaultChannelFuture.notifyListener(DefaultChannelFuture.java:428)
	at org.jboss.netty.channel.DefaultChannelFuture.notifyListeners(DefaultChannelFuture.java:419)
	at org.jboss.netty.channel.DefaultChannelFuture.setFailure(DefaultChannelFuture.java:381)
	at org.jboss.netty.channel.socket.nio.NioClientSocketPipelineSink$Boss.processSelectedKeys(NioClientSocketPipelineSink.java:400)
	at org.jboss.netty.channel.socket.nio.NioClientSocketPipelineSink$Boss.run(NioClientSocketPipelineSink.java:312)
	at org.jboss.netty.util.ThreadRenamingRunnable.run(ThreadRenamingRunnable.java:102)
	at org.jboss.netty.util.internal.DeadLockProofWorker$1.run(DeadLockProofWorker.java:42)
	at java.util.concurrent.ThreadPoolExecutor$Worker.runTask(Unknown Source)
	at java.util.concurrent.ThreadPoolExecutor$Worker.run(Unknown Source)
	at java.lang.Thread.run(Unknown Source)
Caused by: java.net.ConnectException: Connection refused: no further information to http://localhost:9100/strategyCt/fetchCompareStrategyList?stids=96%2C26
	at com.ning.http.client.providers.netty.NettyConnectListener.operationComplete(NettyConnectListener.java:100)
	... 10 more
Caused by: java.net.ConnectException: Connection refused: no further information
	at sun.nio.ch.SocketChannelImpl.checkConnect(Native Method)
	at sun.nio.ch.SocketChannelImpl.finishConnect(Unknown Source)
	at org.jboss.netty.channel.socket.nio.NioClientSocketPipelineSink$Boss.connect(NioClientSocketPipelineSink.java:440)
	at org.jboss.netty.channel.socket.nio.NioClientSocketPipelineSink$Boss.processSelectedKeys(NioClientSocketPipelineSink.java:396)
	at org.jboss.netty.channel.socket.nio.NioClientSocketPipelineSink$Boss.run(NioClientSocketPipelineSink.java:312)
	... 3 more
