[ERROR] [2013-12-05 10:19:22]  [play.Logger] -

@6gf8lcp37
Error during job execution (job.ClearCacheJob)

Execution exception (In /app/job/ClearCacheJob.java around line 24)
JedisConnectionException occured : java.net.SocketTimeoutException: Read timed out

play.exceptions.JavaExecutionException: java.net.SocketTimeoutException: Read timed out
	at play.jobs.Job.call(Job.java:155)
	at java.util.concurrent.FutureTask$Sync.innerRun(Unknown Source)
	at java.util.concurrent.FutureTask.run(Unknown Source)
	at java.util.concurrent.ScheduledThreadPoolExecutor$ScheduledFutureTask.access$301(Unknown Source)
	at java.util.concurrent.ScheduledThreadPoolExecutor$ScheduledFutureTask.run(Unknown Source)
	at java.util.concurrent.ThreadPoolExecutor$Worker.runTask(Unknown Source)
	at java.util.concurrent.ThreadPoolExecutor$Worker.run(Unknown Source)
	at java.lang.Thread.run(Unknown Source)
Caused by: redis.clients.jedis.exceptions.JedisConnectionException: java.net.SocketTimeoutException: Read timed out
	at redis.clients.jedis.Protocol.process(Protocol.java:74)
	at redis.clients.jedis.Protocol.read(Protocol.java:122)
	at redis.clients.jedis.Connection.getBinaryMultiBulkReply(Connection.java:189)
	at redis.clients.jedis.Jedis.keys(Jedis.java:177)
	at play.modules.redis.Redis.keys(Redis.java:502)
	at job.ClearCacheJob.clearPrevilegeFromRedis(ClearCacheJob.java:24)
	at job.ClearCacheJob.doJob(ClearCacheJob.java:19)
	at play.jobs.Job.doJobWithResult(Job.java:50)
	at play.jobs.Job.call(Job.java:146)
	... 7 more
Caused by: java.net.SocketTimeoutException: Read timed out
	at java.net.SocketInputStream.socketRead0(Native Method)
	at java.net.SocketInputStream.read(Unknown Source)
	at java.net.SocketInputStream.read(Unknown Source)
	at redis.clients.util.RedisInputStream.fill(RedisInputStream.java:110)
	at redis.clients.util.RedisInputStream.readByte(RedisInputStream.java:46)
	at redis.clients.jedis.Protocol.process(Protocol.java:59)
	... 15 more
[ERROR] [2013-12-05 10:19:30]  [play.Logger] -

@6gf8lcp38
Internal Server Error (500) for request POST /userct/login?x-http-method-override=POST

Execution exception (In /app/bussiness/UserService.java around line 51)
NullPointerException occured : null

play.exceptions.JavaExecutionException
	at play.mvc.ActionInvoker.invoke(ActionInvoker.java:237)
	at Invocation.HTTP Request(Play!)
Caused by: java.lang.NullPointerException
	at bussiness.UserService.validateLogin(UserService.java:51)
	at controllers.UserCt.login(UserCt.java:47)
	at play.mvc.ActionInvoker.invokeWithContinuation(ActionInvoker.java:557)
	at play.mvc.ActionInvoker.invoke(ActionInvoker.java:508)
	at play.mvc.ActionInvoker.invokeControllerMethod(ActionInvoker.java:484)
	at play.mvc.ActionInvoker.invokeControllerMethod(ActionInvoker.java:479)
	at play.mvc.ActionInvoker.invoke(ActionInvoker.java:161)
	... 1 more
[ERROR] [2013-12-05 10:19:37]  [play.Logger] -

@6gf8lcp39
Internal Server Error (500) for request GET /strategys/strategylist

Execution exception (In /app/bussiness/UserInfoBaseService.java around line 167)
UncheckedExecutionException occured : java.lang.ClassCastException: java.util.ArrayList cannot be cast to [B

play.exceptions.JavaExecutionException: java.lang.ClassCastException: java.util.ArrayList cannot be cast to [B
	at play.mvc.ActionInvoker.invoke(ActionInvoker.java:237)
	at Invocation.HTTP Request(Play!)
Caused by: com.google.common.util.concurrent.UncheckedExecutionException: java.lang.ClassCastException: java.util.ArrayList cannot be cast to [B
	at com.google.common.cache.LocalCache$Segment.get(LocalCache.java:2263)
	at com.google.common.cache.LocalCache.get(LocalCache.java:4000)
	at com.google.common.cache.LocalCache.getOrLoad(LocalCache.java:4004)
	at com.google.common.cache.LocalCache$LocalLoadingCache.get(LocalCache.java:4874)
	at bussiness.UserInfoBaseService$PrevilegeRemoteCache.getUserRoles(UserInfoBaseService.java:167)
	at bussiness.UserInfoBaseService.getUserFunctionInfo(UserInfoBaseService.java:39)
	at util.SimpleFunctionAuth.hasPrivilege(SimpleFunctionAuth.java:29)
	at util.FunctionAuthManager.auth(FunctionAuthManager.java:20)
	at controllers.FunctionInterceptor.doAuth(FunctionInterceptor.java:27)
	at play.mvc.ActionInvoker.invoke(ActionInvoker.java:510)
	at play.mvc.ActionInvoker.invokeControllerMethod(ActionInvoker.java:484)
	at play.mvc.ActionInvoker.invokeControllerMethod(ActionInvoker.java:479)
	at play.mvc.ActionInvoker.handleBefores(ActionInvoker.java:328)
	at play.mvc.ActionInvoker.invoke(ActionInvoker.java:142)
	... 1 more
Caused by: java.lang.ClassCastException: java.util.ArrayList cannot be cast to [B
	at redis.clients.jedis.Connection.getBinaryBulkReply(Connection.java:172)
	at redis.clients.jedis.Connection.getBulkReply(Connection.java:161)
	at redis.clients.jedis.Jedis.get(Jedis.java:65)
	at play.modules.redis.Redis.get(Redis.java:268)
	at bussiness.UserInfoBaseService$PrevilegeRemoteCache$1.load(UserInfoBaseService.java:111)
	at bussiness.UserInfoBaseService$PrevilegeRemoteCache$1.load(UserInfoBaseService.java:1)
	at com.google.common.cache.LocalCache$LoadingValueReference.loadFuture(LocalCache.java:3599)
	at com.google.common.cache.LocalCache$Segment.loadSync(LocalCache.java:2379)
	at com.google.common.cache.LocalCache$Segment.lockedGetOrLoad(LocalCache.java:2342)
	at com.google.common.cache.LocalCache$Segment.get(LocalCache.java:2257)
	... 14 more
[ERROR] [2013-12-05 10:19:42]  [play.Logger] -

@6gf8lcp3a
Internal Server Error (500) for request GET /strategys/strategylist

Execution exception (In /app/bussiness/UserInfoBaseService.java around line 167)
UncheckedExecutionException occured : redis.clients.jedis.exceptions.JedisConnectionException: java.net.SocketTimeoutException: Read timed out

play.exceptions.JavaExecutionException: redis.clients.jedis.exceptions.JedisConnectionException: java.net.SocketTimeoutException: Read timed out
	at play.mvc.ActionInvoker.invoke(ActionInvoker.java:237)
	at Invocation.HTTP Request(Play!)
Caused by: com.google.common.util.concurrent.UncheckedExecutionException: redis.clients.jedis.exceptions.JedisConnectionException: java.net.SocketTimeoutException: Read timed out
	at com.google.common.cache.LocalCache$Segment.get(LocalCache.java:2263)
	at com.google.common.cache.LocalCache.get(LocalCache.java:4000)
	at com.google.common.cache.LocalCache.getOrLoad(LocalCache.java:4004)
	at com.google.common.cache.LocalCache$LocalLoadingCache.get(LocalCache.java:4874)
	at bussiness.UserInfoBaseService$PrevilegeRemoteCache.getUserRoles(UserInfoBaseService.java:167)
	at bussiness.UserInfoBaseService.getUserFunctionInfo(UserInfoBaseService.java:39)
	at util.SimpleFunctionAuth.hasPrivilege(SimpleFunctionAuth.java:29)
	at util.FunctionAuthManager.auth(FunctionAuthManager.java:20)
	at controllers.FunctionInterceptor.doAuth(FunctionInterceptor.java:27)
	at play.mvc.ActionInvoker.invoke(ActionInvoker.java:510)
	at play.mvc.ActionInvoker.invokeControllerMethod(ActionInvoker.java:484)
	at play.mvc.ActionInvoker.invokeControllerMethod(ActionInvoker.java:479)
	at play.mvc.ActionInvoker.handleBefores(ActionInvoker.java:328)
	at play.mvc.ActionInvoker.invoke(ActionInvoker.java:142)
	... 1 more
Caused by: redis.clients.jedis.exceptions.JedisConnectionException: java.net.SocketTimeoutException: Read timed out
	at redis.clients.jedis.Protocol.process(Protocol.java:74)
	at redis.clients.jedis.Protocol.read(Protocol.java:122)
	at redis.clients.jedis.Connection.getBinaryBulkReply(Connection.java:172)
	at redis.clients.jedis.Connection.getBulkReply(Connection.java:161)
	at redis.clients.jedis.Jedis.get(Jedis.java:65)
	at play.modules.redis.Redis.get(Redis.java:268)
	at bussiness.UserInfoBaseService$PrevilegeRemoteCache$1.load(UserInfoBaseService.java:111)
	at bussiness.UserInfoBaseService$PrevilegeRemoteCache$1.load(UserInfoBaseService.java:1)
	at com.google.common.cache.LocalCache$LoadingValueReference.loadFuture(LocalCache.java:3599)
	at com.google.common.cache.LocalCache$Segment.loadSync(LocalCache.java:2379)
	at com.google.common.cache.LocalCache$Segment.lockedGetOrLoad(LocalCache.java:2342)
	at com.google.common.cache.LocalCache$Segment.get(LocalCache.java:2257)
	... 14 more
Caused by: java.net.SocketTimeoutException: Read timed out
	at java.net.SocketInputStream.socketRead0(Native Method)
	at java.net.SocketInputStream.read(Unknown Source)
	at java.net.SocketInputStream.read(Unknown Source)
	at redis.clients.util.RedisInputStream.fill(RedisInputStream.java:110)
	at redis.clients.util.RedisInputStream.readByte(RedisInputStream.java:46)
	at redis.clients.jedis.Protocol.process(Protocol.java:59)
	... 25 more
[ERROR] [2013-12-05 10:19:48]  [play.Logger] -

@6gf8lcp3b
Internal Server Error (500) for request GET /strategys/strategylist

Execution exception (In /app/util/SimpleFunctionAuth.java around line 32)
NullPointerException occured : null

play.exceptions.JavaExecutionException
	at play.mvc.ActionInvoker.invoke(ActionInvoker.java:237)
	at Invocation.HTTP Request(Play!)
Caused by: java.lang.NullPointerException
	at util.SimpleFunctionAuth.hasPrivilege(SimpleFunctionAuth.java:32)
	at util.FunctionAuthManager.auth(FunctionAuthManager.java:20)
	at controllers.FunctionInterceptor.doAuth(FunctionInterceptor.java:27)
	at play.mvc.ActionInvoker.invoke(ActionInvoker.java:510)
	at play.mvc.ActionInvoker.invokeControllerMethod(ActionInvoker.java:484)
	at play.mvc.ActionInvoker.invokeControllerMethod(ActionInvoker.java:479)
	at play.mvc.ActionInvoker.handleBefores(ActionInvoker.java:328)
	at play.mvc.ActionInvoker.invoke(ActionInvoker.java:142)
	... 1 more
[ERROR] [2013-12-05 10:19:59]  [play.Logger] -

@6gf8lcp3c
smallImages.st_fa46e9ab3ebe4dd5a88d0e7cce4141e8.png action not found

Action not found
Action smallImages.st_fa46e9ab3ebe4dd5a88d0e7cce4141e8.png could not be found. Error raised is Controller controllers.smallImages.st_fa46e9ab3ebe4dd5a88d0e7cce4141e8 not found

play.exceptions.ActionNotFoundException: Action smallImages.st_fa46e9ab3ebe4dd5a88d0e7cce4141e8.png not found
	at play.mvc.ActionInvoker.getActionMethod(ActionInvoker.java:599)
	at play.mvc.ActionInvoker.resolve(ActionInvoker.java:85)
	at Invocation.HTTP Request(Play!)
Caused by: java.lang.Exception: Controller controllers.smallImages.st_fa46e9ab3ebe4dd5a88d0e7cce4141e8 not found
	... 3 more
[ERROR] [2013-12-05 10:20:00]  [play.Logger] -

@6gf8lcp3d
smallImages.st_395aec1dc0124962b57196f238c21916.png action not found

Action not found
Action smallImages.st_395aec1dc0124962b57196f238c21916.png could not be found. Error raised is Controller controllers.smallImages.st_395aec1dc0124962b57196f238c21916 not found

play.exceptions.ActionNotFoundException: Action smallImages.st_395aec1dc0124962b57196f238c21916.png not found
	at play.mvc.ActionInvoker.getActionMethod(ActionInvoker.java:599)
	at play.mvc.ActionInvoker.resolve(ActionInvoker.java:85)
	at Invocation.HTTP Request(Play!)
Caused by: java.lang.Exception: Controller controllers.smallImages.st_395aec1dc0124962b57196f238c21916 not found
	... 3 more
[ERROR] [2013-12-05 10:20:00]  [play.Logger] -

@6gf8lcp3e
smallImages.st_d9710b1b53f541419f6872ff51bce796.png action not found

Action not found
Action smallImages.st_d9710b1b53f541419f6872ff51bce796.png could not be found. Error raised is Controller controllers.smallImages.st_d9710b1b53f541419f6872ff51bce796 not found

play.exceptions.ActionNotFoundException: Action smallImages.st_d9710b1b53f541419f6872ff51bce796.png not found
	at play.mvc.ActionInvoker.getActionMethod(ActionInvoker.java:599)
	at play.mvc.ActionInvoker.resolve(ActionInvoker.java:85)
	at Invocation.HTTP Request(Play!)
Caused by: java.lang.Exception: Controller controllers.smallImages.st_d9710b1b53f541419f6872ff51bce796 not found
	... 3 more
[ERROR] [2013-12-05 10:20:00]  [play.Logger] -

@6gf8lcp3f
smallImages.st_216d4797b6af467e8884f1dac99ac3fa.png action not found

Action not found
Action smallImages.st_216d4797b6af467e8884f1dac99ac3fa.png could not be found. Error raised is Controller controllers.smallImages.st_216d4797b6af467e8884f1dac99ac3fa not found

play.exceptions.ActionNotFoundException: Action smallImages.st_216d4797b6af467e8884f1dac99ac3fa.png not found
	at play.mvc.ActionInvoker.getActionMethod(ActionInvoker.java:599)
	at play.mvc.ActionInvoker.resolve(ActionInvoker.java:85)
	at Invocation.HTTP Request(Play!)
Caused by: java.lang.Exception: Controller controllers.smallImages.st_216d4797b6af467e8884f1dac99ac3fa not found
	... 3 more
[ERROR] [2013-12-05 10:20:00]  [play.Logger] -

@6gf8lcp3g
smallImages.st_92050568f32d42298bbf0bedb25bcd0b.png action not found

Action not found
Action smallImages.st_92050568f32d42298bbf0bedb25bcd0b.png could not be found. Error raised is Controller controllers.smallImages.st_92050568f32d42298bbf0bedb25bcd0b not found

play.exceptions.ActionNotFoundException: Action smallImages.st_92050568f32d42298bbf0bedb25bcd0b.png not found
	at play.mvc.ActionInvoker.getActionMethod(ActionInvoker.java:599)
	at play.mvc.ActionInvoker.resolve(ActionInvoker.java:85)
	at Invocation.HTTP Request(Play!)
Caused by: java.lang.Exception: Controller controllers.smallImages.st_92050568f32d42298bbf0bedb25bcd0b not found
	... 3 more
[ERROR] [2013-12-05 10:20:00]  [play.Logger] -

@6gf8lcp3h
smallImages.st_1fcb2dcc6e244679b37adb279e684adc.png action not found

Action not found
Action smallImages.st_1fcb2dcc6e244679b37adb279e684adc.png could not be found. Error raised is Controller controllers.smallImages.st_1fcb2dcc6e244679b37adb279e684adc not found

play.exceptions.ActionNotFoundException: Action smallImages.st_1fcb2dcc6e244679b37adb279e684adc.png not found
	at play.mvc.ActionInvoker.getActionMethod(ActionInvoker.java:599)
	at play.mvc.ActionInvoker.resolve(ActionInvoker.java:85)
	at Invocation.HTTP Request(Play!)
Caused by: java.lang.Exception: Controller controllers.smallImages.st_1fcb2dcc6e244679b37adb279e684adc not found
	... 3 more
[ERROR] [2013-12-05 10:20:01]  [play.Logger] -

@6gf8lcp3i
smallImages.st_a8819e4447b244478899f7d7f310cd61.png action not found

Action not found
Action smallImages.st_a8819e4447b244478899f7d7f310cd61.png could not be found. Error raised is Controller controllers.smallImages.st_a8819e4447b244478899f7d7f310cd61 not found

play.exceptions.ActionNotFoundException: Action smallImages.st_a8819e4447b244478899f7d7f310cd61.png not found
	at play.mvc.ActionInvoker.getActionMethod(ActionInvoker.java:599)
	at play.mvc.ActionInvoker.resolve(ActionInvoker.java:85)
	at Invocation.HTTP Request(Play!)
Caused by: java.lang.Exception: Controller controllers.smallImages.st_a8819e4447b244478899f7d7f310cd61 not found
	... 3 more
[ERROR] [2013-12-05 10:20:01]  [play.Logger] -

@6gf8lcp3j
smallImages.st_a26174c3215b4ef9b88ecafe34f26076.png action not found

Action not found
Action smallImages.st_a26174c3215b4ef9b88ecafe34f26076.png could not be found. Error raised is Controller controllers.smallImages.st_a26174c3215b4ef9b88ecafe34f26076 not found

play.exceptions.ActionNotFoundException: Action smallImages.st_a26174c3215b4ef9b88ecafe34f26076.png not found
	at play.mvc.ActionInvoker.getActionMethod(ActionInvoker.java:599)
	at play.mvc.ActionInvoker.resolve(ActionInvoker.java:85)
	at Invocation.HTTP Request(Play!)
Caused by: java.lang.Exception: Controller controllers.smallImages.st_a26174c3215b4ef9b88ecafe34f26076 not found
	... 3 more
[ERROR] [2013-12-05 10:20:01]  [play.Logger] -

@6gf8lcp3k
smallImages.st_1ecbbf49a7ff46bbb9d13fa25f265c0f.png action not found

Action not found
Action smallImages.st_1ecbbf49a7ff46bbb9d13fa25f265c0f.png could not be found. Error raised is Controller controllers.smallImages.st_1ecbbf49a7ff46bbb9d13fa25f265c0f not found

play.exceptions.ActionNotFoundException: Action smallImages.st_1ecbbf49a7ff46bbb9d13fa25f265c0f.png not found
	at play.mvc.ActionInvoker.getActionMethod(ActionInvoker.java:599)
	at play.mvc.ActionInvoker.resolve(ActionInvoker.java:85)
	at Invocation.HTTP Request(Play!)
Caused by: java.lang.Exception: Controller controllers.smallImages.st_1ecbbf49a7ff46bbb9d13fa25f265c0f not found
	... 3 more
[ERROR] [2013-12-05 10:20:01]  [play.Logger] -

@6gf8lcp3l
smallImages.st_ff53f950f6cd4cfba4d4162260d6c49f.png action not found

Action not found
Action smallImages.st_ff53f950f6cd4cfba4d4162260d6c49f.png could not be found. Error raised is Controller controllers.smallImages.st_ff53f950f6cd4cfba4d4162260d6c49f not found

play.exceptions.ActionNotFoundException: Action smallImages.st_ff53f950f6cd4cfba4d4162260d6c49f.png not found
	at play.mvc.ActionInvoker.getActionMethod(ActionInvoker.java:599)
	at play.mvc.ActionInvoker.resolve(ActionInvoker.java:85)
	at Invocation.HTTP Request(Play!)
Caused by: java.lang.Exception: Controller controllers.smallImages.st_ff53f950f6cd4cfba4d4162260d6c49f not found
	... 3 more
[ERROR] [2013-12-05 10:20:01]  [play.Logger] -

@6gf8lcp3m
smallImages.st_7913c3e7756f4af99358999e1140174c.png action not found

Action not found
Action smallImages.st_7913c3e7756f4af99358999e1140174c.png could not be found. Error raised is Controller controllers.smallImages.st_7913c3e7756f4af99358999e1140174c not found

play.exceptions.ActionNotFoundException: Action smallImages.st_7913c3e7756f4af99358999e1140174c.png not found
	at play.mvc.ActionInvoker.getActionMethod(ActionInvoker.java:599)
	at play.mvc.ActionInvoker.resolve(ActionInvoker.java:85)
	at Invocation.HTTP Request(Play!)
Caused by: java.lang.Exception: Controller controllers.smallImages.st_7913c3e7756f4af99358999e1140174c not found
	... 3 more
[ERROR] [2013-12-05 10:20:01]  [play.Logger] -

@6gf8lcp3n
smallImages.st_076efa0e33a64cfd8174568c56b543d8.png action not found

Action not found
Action smallImages.st_076efa0e33a64cfd8174568c56b543d8.png could not be found. Error raised is Controller controllers.smallImages.st_076efa0e33a64cfd8174568c56b543d8 not found

play.exceptions.ActionNotFoundException: Action smallImages.st_076efa0e33a64cfd8174568c56b543d8.png not found
	at play.mvc.ActionInvoker.getActionMethod(ActionInvoker.java:599)
	at play.mvc.ActionInvoker.resolve(ActionInvoker.java:85)
	at Invocation.HTTP Request(Play!)
Caused by: java.lang.Exception: Controller controllers.smallImages.st_076efa0e33a64cfd8174568c56b543d8 not found
	... 3 more
[ERROR] [2013-12-05 10:20:01]  [play.Logger] -

@6gf8lcp3o
smallImages.st_53e5c5353daa487299551bf76f2d64a8.png action not found

Action not found
Action smallImages.st_53e5c5353daa487299551bf76f2d64a8.png could not be found. Error raised is Controller controllers.smallImages.st_53e5c5353daa487299551bf76f2d64a8 not found

play.exceptions.ActionNotFoundException: Action smallImages.st_53e5c5353daa487299551bf76f2d64a8.png not found
	at play.mvc.ActionInvoker.getActionMethod(ActionInvoker.java:599)
	at play.mvc.ActionInvoker.resolve(ActionInvoker.java:85)
	at Invocation.HTTP Request(Play!)
Caused by: java.lang.Exception: Controller controllers.smallImages.st_53e5c5353daa487299551bf76f2d64a8 not found
	... 3 more
[ERROR] [2013-12-05 10:20:02]  [play.Logger] -

@6gf8lcp3p
smallImages.st_f31ad8574bb14c44856c6b26e8a3dc88.png action not found

Action not found
Action smallImages.st_f31ad8574bb14c44856c6b26e8a3dc88.png could not be found. Error raised is Controller controllers.smallImages.st_f31ad8574bb14c44856c6b26e8a3dc88 not found

play.exceptions.ActionNotFoundException: Action smallImages.st_f31ad8574bb14c44856c6b26e8a3dc88.png not found
	at play.mvc.ActionInvoker.getActionMethod(ActionInvoker.java:599)
	at play.mvc.ActionInvoker.resolve(ActionInvoker.java:85)
	at Invocation.HTTP Request(Play!)
Caused by: java.lang.Exception: Controller controllers.smallImages.st_f31ad8574bb14c44856c6b26e8a3dc88 not found
	... 3 more
[ERROR] [2013-12-05 10:20:02]  [play.Logger] -

@6gf8lcp40
smallImages.st_27dd703291e941df922d3bd7a12de480.png action not found

Action not found
Action smallImages.st_27dd703291e941df922d3bd7a12de480.png could not be found. Error raised is Controller controllers.smallImages.st_27dd703291e941df922d3bd7a12de480 not found

play.exceptions.ActionNotFoundException: Action smallImages.st_27dd703291e941df922d3bd7a12de480.png not found
	at play.mvc.ActionInvoker.getActionMethod(ActionInvoker.java:599)
	at play.mvc.ActionInvoker.resolve(ActionInvoker.java:85)
	at Invocation.HTTP Request(Play!)
Caused by: java.lang.Exception: Controller controllers.smallImages.st_27dd703291e941df922d3bd7a12de480 not found
	... 3 more
[ERROR] [2013-12-05 10:20:02]  [play.Logger] -

@6gf8lcp41
smallImages.st_e66320a2fdbc48398004ff8987181ec5.png action not found

Action not found
Action smallImages.st_e66320a2fdbc48398004ff8987181ec5.png could not be found. Error raised is Controller controllers.smallImages.st_e66320a2fdbc48398004ff8987181ec5 not found

play.exceptions.ActionNotFoundException: Action smallImages.st_e66320a2fdbc48398004ff8987181ec5.png not found
	at play.mvc.ActionInvoker.getActionMethod(ActionInvoker.java:599)
	at play.mvc.ActionInvoker.resolve(ActionInvoker.java:85)
	at Invocation.HTTP Request(Play!)
Caused by: java.lang.Exception: Controller controllers.smallImages.st_e66320a2fdbc48398004ff8987181ec5 not found
	... 3 more
[ERROR] [2013-12-05 10:20:02]  [play.Logger] -

@6gf8lcp42
smallImages.st_0270c8da17bb403aafb8395bc46e36a5.png action not found

Action not found
Action smallImages.st_0270c8da17bb403aafb8395bc46e36a5.png could not be found. Error raised is Controller controllers.smallImages.st_0270c8da17bb403aafb8395bc46e36a5 not found

play.exceptions.ActionNotFoundException: Action smallImages.st_0270c8da17bb403aafb8395bc46e36a5.png not found
	at play.mvc.ActionInvoker.getActionMethod(ActionInvoker.java:599)
	at play.mvc.ActionInvoker.resolve(ActionInvoker.java:85)
	at Invocation.HTTP Request(Play!)
Caused by: java.lang.Exception: Controller controllers.smallImages.st_0270c8da17bb403aafb8395bc46e36a5 not found
	... 3 more
[ERROR] [2013-12-05 10:20:02]  [play.Logger] -

@6gf8lcp43
smallImages.st_56ee7602576e43af87932c7931b2c13a.png action not found

Action not found
Action smallImages.st_56ee7602576e43af87932c7931b2c13a.png could not be found. Error raised is Controller controllers.smallImages.st_56ee7602576e43af87932c7931b2c13a not found

play.exceptions.ActionNotFoundException: Action smallImages.st_56ee7602576e43af87932c7931b2c13a.png not found
	at play.mvc.ActionInvoker.getActionMethod(ActionInvoker.java:599)
	at play.mvc.ActionInvoker.resolve(ActionInvoker.java:85)
	at Invocation.HTTP Request(Play!)
Caused by: java.lang.Exception: Controller controllers.smallImages.st_56ee7602576e43af87932c7931b2c13a not found
	... 3 more
[ERROR] [2013-12-05 10:20:02]  [play.Logger] -

@6gf8lcp44
smallImages.st_9e0bc2abd423435aba92f9948d40e3f4.png action not found

Action not found
Action smallImages.st_9e0bc2abd423435aba92f9948d40e3f4.png could not be found. Error raised is Controller controllers.smallImages.st_9e0bc2abd423435aba92f9948d40e3f4 not found

play.exceptions.ActionNotFoundException: Action smallImages.st_9e0bc2abd423435aba92f9948d40e3f4.png not found
	at play.mvc.ActionInvoker.getActionMethod(ActionInvoker.java:599)
	at play.mvc.ActionInvoker.resolve(ActionInvoker.java:85)
	at Invocation.HTTP Request(Play!)
Caused by: java.lang.Exception: Controller controllers.smallImages.st_9e0bc2abd423435aba92f9948d40e3f4 not found
	... 3 more
[ERROR] [2013-12-05 10:20:02]  [play.Logger] -

@6gf8lcp45
smallImages.st_4bcb52f314964a1ea78a86eec67a950b.png action not found

Action not found
Action smallImages.st_4bcb52f314964a1ea78a86eec67a950b.png could not be found. Error raised is Controller controllers.smallImages.st_4bcb52f314964a1ea78a86eec67a950b not found

play.exceptions.ActionNotFoundException: Action smallImages.st_4bcb52f314964a1ea78a86eec67a950b.png not found
	at play.mvc.ActionInvoker.getActionMethod(ActionInvoker.java:599)
	at play.mvc.ActionInvoker.resolve(ActionInvoker.java:85)
	at Invocation.HTTP Request(Play!)
Caused by: java.lang.Exception: Controller controllers.smallImages.st_4bcb52f314964a1ea78a86eec67a950b not found
	... 3 more
[ERROR] [2013-12-05 10:20:55]  [play.Logger] -

@6gf8lcp46
smallImages.st_fa46e9ab3ebe4dd5a88d0e7cce4141e8.png action not found

Action not found
Action smallImages.st_fa46e9ab3ebe4dd5a88d0e7cce4141e8.png could not be found. Error raised is Controller controllers.smallImages.st_fa46e9ab3ebe4dd5a88d0e7cce4141e8 not found

play.exceptions.ActionNotFoundException: Action smallImages.st_fa46e9ab3ebe4dd5a88d0e7cce4141e8.png not found
	at play.mvc.ActionInvoker.getActionMethod(ActionInvoker.java:599)
	at play.mvc.ActionInvoker.resolve(ActionInvoker.java:85)
	at Invocation.HTTP Request(Play!)
Caused by: java.lang.Exception: Controller controllers.smallImages.st_fa46e9ab3ebe4dd5a88d0e7cce4141e8 not found
	... 3 more
[ERROR] [2013-12-05 10:20:55]  [play.Logger] -

@6gf8lcp47
smallImages.st_d9710b1b53f541419f6872ff51bce796.png action not found

Action not found
Action smallImages.st_d9710b1b53f541419f6872ff51bce796.png could not be found. Error raised is Controller controllers.smallImages.st_d9710b1b53f541419f6872ff51bce796 not found

play.exceptions.ActionNotFoundException: Action smallImages.st_d9710b1b53f541419f6872ff51bce796.png not found
	at play.mvc.ActionInvoker.getActionMethod(ActionInvoker.java:599)
	at play.mvc.ActionInvoker.resolve(ActionInvoker.java:85)
	at Invocation.HTTP Request(Play!)
Caused by: java.lang.Exception: Controller controllers.smallImages.st_d9710b1b53f541419f6872ff51bce796 not found
	... 3 more
[ERROR] [2013-12-05 10:20:55]  [play.Logger] -

@6gf8lcp48
smallImages.st_395aec1dc0124962b57196f238c21916.png action not found

Action not found
Action smallImages.st_395aec1dc0124962b57196f238c21916.png could not be found. Error raised is Controller controllers.smallImages.st_395aec1dc0124962b57196f238c21916 not found

play.exceptions.ActionNotFoundException: Action smallImages.st_395aec1dc0124962b57196f238c21916.png not found
	at play.mvc.ActionInvoker.getActionMethod(ActionInvoker.java:599)
	at play.mvc.ActionInvoker.resolve(ActionInvoker.java:85)
	at Invocation.HTTP Request(Play!)
Caused by: java.lang.Exception: Controller controllers.smallImages.st_395aec1dc0124962b57196f238c21916 not found
	... 3 more
[ERROR] [2013-12-05 10:20:55]  [play.Logger] -

@6gf8lcp49
smallImages.st_216d4797b6af467e8884f1dac99ac3fa.png action not found

Action not found
Action smallImages.st_216d4797b6af467e8884f1dac99ac3fa.png could not be found. Error raised is Controller controllers.smallImages.st_216d4797b6af467e8884f1dac99ac3fa not found

play.exceptions.ActionNotFoundException: Action smallImages.st_216d4797b6af467e8884f1dac99ac3fa.png not found
	at play.mvc.ActionInvoker.getActionMethod(ActionInvoker.java:599)
	at play.mvc.ActionInvoker.resolve(ActionInvoker.java:85)
	at Invocation.HTTP Request(Play!)
Caused by: java.lang.Exception: Controller controllers.smallImages.st_216d4797b6af467e8884f1dac99ac3fa not found
	... 3 more
[ERROR] [2013-12-05 10:20:55]  [play.Logger] -

@6gf8lcp4a
smallImages.st_1fcb2dcc6e244679b37adb279e684adc.png action not found

Action not found
Action smallImages.st_1fcb2dcc6e244679b37adb279e684adc.png could not be found. Error raised is Controller controllers.smallImages.st_1fcb2dcc6e244679b37adb279e684adc not found

play.exceptions.ActionNotFoundException: Action smallImages.st_1fcb2dcc6e244679b37adb279e684adc.png not found
	at play.mvc.ActionInvoker.getActionMethod(ActionInvoker.java:599)
	at play.mvc.ActionInvoker.resolve(ActionInvoker.java:85)
	at Invocation.HTTP Request(Play!)
Caused by: java.lang.Exception: Controller controllers.smallImages.st_1fcb2dcc6e244679b37adb279e684adc not found
	... 3 more
[ERROR] [2013-12-05 10:20:55]  [play.Logger] -

@6gf8lcp4b
smallImages.st_92050568f32d42298bbf0bedb25bcd0b.png action not found

Action not found
Action smallImages.st_92050568f32d42298bbf0bedb25bcd0b.png could not be found. Error raised is Controller controllers.smallImages.st_92050568f32d42298bbf0bedb25bcd0b not found

play.exceptions.ActionNotFoundException: Action smallImages.st_92050568f32d42298bbf0bedb25bcd0b.png not found
	at play.mvc.ActionInvoker.getActionMethod(ActionInvoker.java:599)
	at play.mvc.ActionInvoker.resolve(ActionInvoker.java:85)
	at Invocation.HTTP Request(Play!)
Caused by: java.lang.Exception: Controller controllers.smallImages.st_92050568f32d42298bbf0bedb25bcd0b not found
	... 3 more
[ERROR] [2013-12-05 10:20:55]  [play.Logger] -

@6gf8lcp4c
smallImages.st_1ecbbf49a7ff46bbb9d13fa25f265c0f.png action not found

Action not found
Action smallImages.st_1ecbbf49a7ff46bbb9d13fa25f265c0f.png could not be found. Error raised is Controller controllers.smallImages.st_1ecbbf49a7ff46bbb9d13fa25f265c0f not found

play.exceptions.ActionNotFoundException: Action smallImages.st_1ecbbf49a7ff46bbb9d13fa25f265c0f.png not found
	at play.mvc.ActionInvoker.getActionMethod(ActionInvoker.java:599)
	at play.mvc.ActionInvoker.resolve(ActionInvoker.java:85)
	at Invocation.HTTP Request(Play!)
Caused by: java.lang.Exception: Controller controllers.smallImages.st_1ecbbf49a7ff46bbb9d13fa25f265c0f not found
	... 3 more
[ERROR] [2013-12-05 10:20:55]  [play.Logger] -

@6gf8lcp4d
smallImages.st_7913c3e7756f4af99358999e1140174c.png action not found

Action not found
Action smallImages.st_7913c3e7756f4af99358999e1140174c.png could not be found. Error raised is Controller controllers.smallImages.st_7913c3e7756f4af99358999e1140174c not found

play.exceptions.ActionNotFoundException: Action smallImages.st_7913c3e7756f4af99358999e1140174c.png not found
	at play.mvc.ActionInvoker.getActionMethod(ActionInvoker.java:599)
	at play.mvc.ActionInvoker.resolve(ActionInvoker.java:85)
	at Invocation.HTTP Request(Play!)
Caused by: java.lang.Exception: Controller controllers.smallImages.st_7913c3e7756f4af99358999e1140174c not found
	... 3 more
[ERROR] [2013-12-05 10:20:55]  [play.Logger] -

@6gf8lcp4e
smallImages.st_ff53f950f6cd4cfba4d4162260d6c49f.png action not found

Action not found
Action smallImages.st_ff53f950f6cd4cfba4d4162260d6c49f.png could not be found. Error raised is Controller controllers.smallImages.st_ff53f950f6cd4cfba4d4162260d6c49f not found

play.exceptions.ActionNotFoundException: Action smallImages.st_ff53f950f6cd4cfba4d4162260d6c49f.png not found
	at play.mvc.ActionInvoker.getActionMethod(ActionInvoker.java:599)
	at play.mvc.ActionInvoker.resolve(ActionInvoker.java:85)
	at Invocation.HTTP Request(Play!)
Caused by: java.lang.Exception: Controller controllers.smallImages.st_ff53f950f6cd4cfba4d4162260d6c49f not found
	... 3 more
[ERROR] [2013-12-05 10:20:55]  [play.Logger] -

@6gf8lcp4f
smallImages.st_a26174c3215b4ef9b88ecafe34f26076.png action not found

Action not found
Action smallImages.st_a26174c3215b4ef9b88ecafe34f26076.png could not be found. Error raised is Controller controllers.smallImages.st_a26174c3215b4ef9b88ecafe34f26076 not found

play.exceptions.ActionNotFoundException: Action smallImages.st_a26174c3215b4ef9b88ecafe34f26076.png not found
	at play.mvc.ActionInvoker.getActionMethod(ActionInvoker.java:599)
	at play.mvc.ActionInvoker.resolve(ActionInvoker.java:85)
	at Invocation.HTTP Request(Play!)
Caused by: java.lang.Exception: Controller controllers.smallImages.st_a26174c3215b4ef9b88ecafe34f26076 not found
	... 3 more
[ERROR] [2013-12-05 10:20:55]  [play.Logger] -

@6gf8lcp4g
smallImages.st_f31ad8574bb14c44856c6b26e8a3dc88.png action not found

Action not found
Action smallImages.st_f31ad8574bb14c44856c6b26e8a3dc88.png could not be found. Error raised is Controller controllers.smallImages.st_f31ad8574bb14c44856c6b26e8a3dc88 not found

play.exceptions.ActionNotFoundException: Action smallImages.st_f31ad8574bb14c44856c6b26e8a3dc88.png not found
	at play.mvc.ActionInvoker.getActionMethod(ActionInvoker.java:599)
	at play.mvc.ActionInvoker.resolve(ActionInvoker.java:85)
	at Invocation.HTTP Request(Play!)
Caused by: java.lang.Exception: Controller controllers.smallImages.st_f31ad8574bb14c44856c6b26e8a3dc88 not found
	... 3 more
[ERROR] [2013-12-05 10:20:56]  [play.Logger] -

@6gf8lcp4h
smallImages.st_53e5c5353daa487299551bf76f2d64a8.png action not found

Action not found
Action smallImages.st_53e5c5353daa487299551bf76f2d64a8.png could not be found. Error raised is Controller controllers.smallImages.st_53e5c5353daa487299551bf76f2d64a8 not found

play.exceptions.ActionNotFoundException: Action smallImages.st_53e5c5353daa487299551bf76f2d64a8.png not found
	at play.mvc.ActionInvoker.getActionMethod(ActionInvoker.java:599)
	at play.mvc.ActionInvoker.resolve(ActionInvoker.java:85)
	at Invocation.HTTP Request(Play!)
Caused by: java.lang.Exception: Controller controllers.smallImages.st_53e5c5353daa487299551bf76f2d64a8 not found
	... 3 more
[ERROR] [2013-12-05 10:20:56]  [play.Logger] -

@6gf8lcp4i
smallImages.st_a8819e4447b244478899f7d7f310cd61.png action not found

Action not found
Action smallImages.st_a8819e4447b244478899f7d7f310cd61.png could not be found. Error raised is Controller controllers.smallImages.st_a8819e4447b244478899f7d7f310cd61 not found

play.exceptions.ActionNotFoundException: Action smallImages.st_a8819e4447b244478899f7d7f310cd61.png not found
	at play.mvc.ActionInvoker.getActionMethod(ActionInvoker.java:599)
	at play.mvc.ActionInvoker.resolve(ActionInvoker.java:85)
	at Invocation.HTTP Request(Play!)
Caused by: java.lang.Exception: Controller controllers.smallImages.st_a8819e4447b244478899f7d7f310cd61 not found
	... 3 more
[ERROR] [2013-12-05 10:20:56]  [play.Logger] -

@6gf8lcp4j
smallImages.st_e66320a2fdbc48398004ff8987181ec5.png action not found

Action not found
Action smallImages.st_e66320a2fdbc48398004ff8987181ec5.png could not be found. Error raised is Controller controllers.smallImages.st_e66320a2fdbc48398004ff8987181ec5 not found

play.exceptions.ActionNotFoundException: Action smallImages.st_e66320a2fdbc48398004ff8987181ec5.png not found
	at play.mvc.ActionInvoker.getActionMethod(ActionInvoker.java:599)
	at play.mvc.ActionInvoker.resolve(ActionInvoker.java:85)
	at Invocation.HTTP Request(Play!)
Caused by: java.lang.Exception: Controller controllers.smallImages.st_e66320a2fdbc48398004ff8987181ec5 not found
	... 3 more
[ERROR] [2013-12-05 10:20:56]  [play.Logger] -

@6gf8lcp4k
smallImages.st_27dd703291e941df922d3bd7a12de480.png action not found

Action not found
Action smallImages.st_27dd703291e941df922d3bd7a12de480.png could not be found. Error raised is Controller controllers.smallImages.st_27dd703291e941df922d3bd7a12de480 not found

play.exceptions.ActionNotFoundException: Action smallImages.st_27dd703291e941df922d3bd7a12de480.png not found
	at play.mvc.ActionInvoker.getActionMethod(ActionInvoker.java:599)
	at play.mvc.ActionInvoker.resolve(ActionInvoker.java:85)
	at Invocation.HTTP Request(Play!)
Caused by: java.lang.Exception: Controller controllers.smallImages.st_27dd703291e941df922d3bd7a12de480 not found
	... 3 more
[ERROR] [2013-12-05 10:20:56]  [play.Logger] -

@6gf8lcp4l
smallImages.st_0270c8da17bb403aafb8395bc46e36a5.png action not found

Action not found
Action smallImages.st_0270c8da17bb403aafb8395bc46e36a5.png could not be found. Error raised is Controller controllers.smallImages.st_0270c8da17bb403aafb8395bc46e36a5 not found

play.exceptions.ActionNotFoundException: Action smallImages.st_0270c8da17bb403aafb8395bc46e36a5.png not found
	at play.mvc.ActionInvoker.getActionMethod(ActionInvoker.java:599)
	at play.mvc.ActionInvoker.resolve(ActionInvoker.java:85)
	at Invocation.HTTP Request(Play!)
Caused by: java.lang.Exception: Controller controllers.smallImages.st_0270c8da17bb403aafb8395bc46e36a5 not found
	... 3 more
[ERROR] [2013-12-05 10:20:56]  [play.Logger] -

@6gf8lcp4m
smallImages.st_56ee7602576e43af87932c7931b2c13a.png action not found

Action not found
Action smallImages.st_56ee7602576e43af87932c7931b2c13a.png could not be found. Error raised is Controller controllers.smallImages.st_56ee7602576e43af87932c7931b2c13a not found

play.exceptions.ActionNotFoundException: Action smallImages.st_56ee7602576e43af87932c7931b2c13a.png not found
	at play.mvc.ActionInvoker.getActionMethod(ActionInvoker.java:599)
	at play.mvc.ActionInvoker.resolve(ActionInvoker.java:85)
	at Invocation.HTTP Request(Play!)
Caused by: java.lang.Exception: Controller controllers.smallImages.st_56ee7602576e43af87932c7931b2c13a not found
	... 3 more
[ERROR] [2013-12-05 10:20:56]  [play.Logger] -

@6gf8lcp4n
smallImages.st_9e0bc2abd423435aba92f9948d40e3f4.png action not found

Action not found
Action smallImages.st_9e0bc2abd423435aba92f9948d40e3f4.png could not be found. Error raised is Controller controllers.smallImages.st_9e0bc2abd423435aba92f9948d40e3f4 not found

play.exceptions.ActionNotFoundException: Action smallImages.st_9e0bc2abd423435aba92f9948d40e3f4.png not found
	at play.mvc.ActionInvoker.getActionMethod(ActionInvoker.java:599)
	at play.mvc.ActionInvoker.resolve(ActionInvoker.java:85)
	at Invocation.HTTP Request(Play!)
Caused by: java.lang.Exception: Controller controllers.smallImages.st_9e0bc2abd423435aba92f9948d40e3f4 not found
	... 3 more
[ERROR] [2013-12-05 10:20:56]  [play.Logger] -

@6gf8lcp4o
smallImages.st_076efa0e33a64cfd8174568c56b543d8.png action not found

Action not found
Action smallImages.st_076efa0e33a64cfd8174568c56b543d8.png could not be found. Error raised is Controller controllers.smallImages.st_076efa0e33a64cfd8174568c56b543d8 not found

play.exceptions.ActionNotFoundException: Action smallImages.st_076efa0e33a64cfd8174568c56b543d8.png not found
	at play.mvc.ActionInvoker.getActionMethod(ActionInvoker.java:599)
	at play.mvc.ActionInvoker.resolve(ActionInvoker.java:85)
	at Invocation.HTTP Request(Play!)
Caused by: java.lang.Exception: Controller controllers.smallImages.st_076efa0e33a64cfd8174568c56b543d8 not found
	... 3 more
[ERROR] [2013-12-05 10:20:56]  [play.Logger] -

@6gf8lcp4p
smallImages.st_4bcb52f314964a1ea78a86eec67a950b.png action not found

Action not found
Action smallImages.st_4bcb52f314964a1ea78a86eec67a950b.png could not be found. Error raised is Controller controllers.smallImages.st_4bcb52f314964a1ea78a86eec67a950b not found

play.exceptions.ActionNotFoundException: Action smallImages.st_4bcb52f314964a1ea78a86eec67a950b.png not found
	at play.mvc.ActionInvoker.getActionMethod(ActionInvoker.java:599)
	at play.mvc.ActionInvoker.resolve(ActionInvoker.java:85)
	at Invocation.HTTP Request(Play!)
Caused by: java.lang.Exception: Controller controllers.smallImages.st_4bcb52f314964a1ea78a86eec67a950b not found
	... 3 more
[ERROR] [2013-12-05 10:21:28]  [play.Logger] -

@6gf8lcp50
smallImages.st_fa46e9ab3ebe4dd5a88d0e7cce4141e8.png action not found

Action not found
Action smallImages.st_fa46e9ab3ebe4dd5a88d0e7cce4141e8.png could not be found. Error raised is Controller controllers.smallImages.st_fa46e9ab3ebe4dd5a88d0e7cce4141e8 not found

play.exceptions.ActionNotFoundException: Action smallImages.st_fa46e9ab3ebe4dd5a88d0e7cce4141e8.png not found
	at play.mvc.ActionInvoker.getActionMethod(ActionInvoker.java:599)
	at play.mvc.ActionInvoker.resolve(ActionInvoker.java:85)
	at Invocation.HTTP Request(Play!)
Caused by: java.lang.Exception: Controller controllers.smallImages.st_fa46e9ab3ebe4dd5a88d0e7cce4141e8 not found
	... 3 more
[ERROR] [2013-12-05 10:21:28]  [play.Logger] -

@6gf8lcp51
smallImages.st_92050568f32d42298bbf0bedb25bcd0b.png action not found

Action not found
Action smallImages.st_92050568f32d42298bbf0bedb25bcd0b.png could not be found. Error raised is Controller controllers.smallImages.st_92050568f32d42298bbf0bedb25bcd0b not found

play.exceptions.ActionNotFoundException: Action smallImages.st_92050568f32d42298bbf0bedb25bcd0b.png not found
	at play.mvc.ActionInvoker.getActionMethod(ActionInvoker.java:599)
	at play.mvc.ActionInvoker.resolve(ActionInvoker.java:85)
	at Invocation.HTTP Request(Play!)
Caused by: java.lang.Exception: Controller controllers.smallImages.st_92050568f32d42298bbf0bedb25bcd0b not found
	... 3 more
[ERROR] [2013-12-05 10:21:28]  [play.Logger] -

@6gf8lcp52
smallImages.st_1fcb2dcc6e244679b37adb279e684adc.png action not found

Action not found
Action smallImages.st_1fcb2dcc6e244679b37adb279e684adc.png could not be found. Error raised is Controller controllers.smallImages.st_1fcb2dcc6e244679b37adb279e684adc not found

play.exceptions.ActionNotFoundException: Action smallImages.st_1fcb2dcc6e244679b37adb279e684adc.png not found
	at play.mvc.ActionInvoker.getActionMethod(ActionInvoker.java:599)
	at play.mvc.ActionInvoker.resolve(ActionInvoker.java:85)
	at Invocation.HTTP Request(Play!)
Caused by: java.lang.Exception: Controller controllers.smallImages.st_1fcb2dcc6e244679b37adb279e684adc not found
	... 3 more
[ERROR] [2013-12-05 10:21:28]  [play.Logger] -

@6gf8lcp53
smallImages.st_216d4797b6af467e8884f1dac99ac3fa.png action not found

Action not found
Action smallImages.st_216d4797b6af467e8884f1dac99ac3fa.png could not be found. Error raised is Controller controllers.smallImages.st_216d4797b6af467e8884f1dac99ac3fa not found

play.exceptions.ActionNotFoundException: Action smallImages.st_216d4797b6af467e8884f1dac99ac3fa.png not found
	at play.mvc.ActionInvoker.getActionMethod(ActionInvoker.java:599)
	at play.mvc.ActionInvoker.resolve(ActionInvoker.java:85)
	at Invocation.HTTP Request(Play!)
Caused by: java.lang.Exception: Controller controllers.smallImages.st_216d4797b6af467e8884f1dac99ac3fa not found
	... 3 more
[ERROR] [2013-12-05 10:21:28]  [play.Logger] -

@6gf8lcp54
smallImages.st_d9710b1b53f541419f6872ff51bce796.png action not found

Action not found
Action smallImages.st_d9710b1b53f541419f6872ff51bce796.png could not be found. Error raised is Controller controllers.smallImages.st_d9710b1b53f541419f6872ff51bce796 not found

play.exceptions.ActionNotFoundException: Action smallImages.st_d9710b1b53f541419f6872ff51bce796.png not found
	at play.mvc.ActionInvoker.getActionMethod(ActionInvoker.java:599)
	at play.mvc.ActionInvoker.resolve(ActionInvoker.java:85)
	at Invocation.HTTP Request(Play!)
Caused by: java.lang.Exception: Controller controllers.smallImages.st_d9710b1b53f541419f6872ff51bce796 not found
	... 3 more
[ERROR] [2013-12-05 10:21:28]  [play.Logger] -

@6gf8lcp55
smallImages.st_395aec1dc0124962b57196f238c21916.png action not found

Action not found
Action smallImages.st_395aec1dc0124962b57196f238c21916.png could not be found. Error raised is Controller controllers.smallImages.st_395aec1dc0124962b57196f238c21916 not found

play.exceptions.ActionNotFoundException: Action smallImages.st_395aec1dc0124962b57196f238c21916.png not found
	at play.mvc.ActionInvoker.getActionMethod(ActionInvoker.java:599)
	at play.mvc.ActionInvoker.resolve(ActionInvoker.java:85)
	at Invocation.HTTP Request(Play!)
Caused by: java.lang.Exception: Controller controllers.smallImages.st_395aec1dc0124962b57196f238c21916 not found
	... 3 more
[ERROR] [2013-12-05 10:21:28]  [play.Logger] -

@6gf8lcp56
smallImages.st_a8819e4447b244478899f7d7f310cd61.png action not found

Action not found
Action smallImages.st_a8819e4447b244478899f7d7f310cd61.png could not be found. Error raised is Controller controllers.smallImages.st_a8819e4447b244478899f7d7f310cd61 not found

play.exceptions.ActionNotFoundException: Action smallImages.st_a8819e4447b244478899f7d7f310cd61.png not found
	at play.mvc.ActionInvoker.getActionMethod(ActionInvoker.java:599)
	at play.mvc.ActionInvoker.resolve(ActionInvoker.java:85)
	at Invocation.HTTP Request(Play!)
Caused by: java.lang.Exception: Controller controllers.smallImages.st_a8819e4447b244478899f7d7f310cd61 not found
	... 3 more
[ERROR] [2013-12-05 10:21:28]  [play.Logger] -

@6gf8lcp57
smallImages.st_1ecbbf49a7ff46bbb9d13fa25f265c0f.png action not found

Action not found
Action smallImages.st_1ecbbf49a7ff46bbb9d13fa25f265c0f.png could not be found. Error raised is Controller controllers.smallImages.st_1ecbbf49a7ff46bbb9d13fa25f265c0f not found

play.exceptions.ActionNotFoundException: Action smallImages.st_1ecbbf49a7ff46bbb9d13fa25f265c0f.png not found
	at play.mvc.ActionInvoker.getActionMethod(ActionInvoker.java:599)
	at play.mvc.ActionInvoker.resolve(ActionInvoker.java:85)
	at Invocation.HTTP Request(Play!)
Caused by: java.lang.Exception: Controller controllers.smallImages.st_1ecbbf49a7ff46bbb9d13fa25f265c0f not found
	... 3 more
[ERROR] [2013-12-05 10:21:28]  [play.Logger] -

@6gf8lcp58
smallImages.st_a26174c3215b4ef9b88ecafe34f26076.png action not found

Action not found
Action smallImages.st_a26174c3215b4ef9b88ecafe34f26076.png could not be found. Error raised is Controller controllers.smallImages.st_a26174c3215b4ef9b88ecafe34f26076 not found

play.exceptions.ActionNotFoundException: Action smallImages.st_a26174c3215b4ef9b88ecafe34f26076.png not found
	at play.mvc.ActionInvoker.getActionMethod(ActionInvoker.java:599)
	at play.mvc.ActionInvoker.resolve(ActionInvoker.java:85)
	at Invocation.HTTP Request(Play!)
Caused by: java.lang.Exception: Controller controllers.smallImages.st_a26174c3215b4ef9b88ecafe34f26076 not found
	... 3 more
[ERROR] [2013-12-05 10:21:28]  [play.Logger] -

@6gf8lcp59
smallImages.st_ff53f950f6cd4cfba4d4162260d6c49f.png action not found

Action not found
Action smallImages.st_ff53f950f6cd4cfba4d4162260d6c49f.png could not be found. Error raised is Controller controllers.smallImages.st_ff53f950f6cd4cfba4d4162260d6c49f not found

play.exceptions.ActionNotFoundException: Action smallImages.st_ff53f950f6cd4cfba4d4162260d6c49f.png not found
	at play.mvc.ActionInvoker.getActionMethod(ActionInvoker.java:599)
	at play.mvc.ActionInvoker.resolve(ActionInvoker.java:85)
	at Invocation.HTTP Request(Play!)
Caused by: java.lang.Exception: Controller controllers.smallImages.st_ff53f950f6cd4cfba4d4162260d6c49f not found
	... 3 more
[ERROR] [2013-12-05 10:21:28]  [play.Logger] -

@6gf8lcp5a
smallImages.st_7913c3e7756f4af99358999e1140174c.png action not found

Action not found
Action smallImages.st_7913c3e7756f4af99358999e1140174c.png could not be found. Error raised is Controller controllers.smallImages.st_7913c3e7756f4af99358999e1140174c not found

play.exceptions.ActionNotFoundException: Action smallImages.st_7913c3e7756f4af99358999e1140174c.png not found
	at play.mvc.ActionInvoker.getActionMethod(ActionInvoker.java:599)
	at play.mvc.ActionInvoker.resolve(ActionInvoker.java:85)
	at Invocation.HTTP Request(Play!)
Caused by: java.lang.Exception: Controller controllers.smallImages.st_7913c3e7756f4af99358999e1140174c not found
	... 3 more
[ERROR] [2013-12-05 10:21:28]  [play.Logger] -

@6gf8lcp5b
smallImages.st_53e5c5353daa487299551bf76f2d64a8.png action not found

Action not found
Action smallImages.st_53e5c5353daa487299551bf76f2d64a8.png could not be found. Error raised is Controller controllers.smallImages.st_53e5c5353daa487299551bf76f2d64a8 not found

play.exceptions.ActionNotFoundException: Action smallImages.st_53e5c5353daa487299551bf76f2d64a8.png not found
	at play.mvc.ActionInvoker.getActionMethod(ActionInvoker.java:599)
	at play.mvc.ActionInvoker.resolve(ActionInvoker.java:85)
	at Invocation.HTTP Request(Play!)
Caused by: java.lang.Exception: Controller controllers.smallImages.st_53e5c5353daa487299551bf76f2d64a8 not found
	... 3 more
[ERROR] [2013-12-05 10:21:29]  [play.Logger] -

@6gf8lcp5c
smallImages.st_e66320a2fdbc48398004ff8987181ec5.png action not found

Action not found
Action smallImages.st_e66320a2fdbc48398004ff8987181ec5.png could not be found. Error raised is Controller controllers.smallImages.st_e66320a2fdbc48398004ff8987181ec5 not found

play.exceptions.ActionNotFoundException: Action smallImages.st_e66320a2fdbc48398004ff8987181ec5.png not found
	at play.mvc.ActionInvoker.getActionMethod(ActionInvoker.java:599)
	at play.mvc.ActionInvoker.resolve(ActionInvoker.java:85)
	at Invocation.HTTP Request(Play!)
Caused by: java.lang.Exception: Controller controllers.smallImages.st_e66320a2fdbc48398004ff8987181ec5 not found
	... 3 more
[ERROR] [2013-12-05 10:21:29]  [play.Logger] -

@6gf8lcp5d
smallImages.st_56ee7602576e43af87932c7931b2c13a.png action not found

Action not found
Action smallImages.st_56ee7602576e43af87932c7931b2c13a.png could not be found. Error raised is Controller controllers.smallImages.st_56ee7602576e43af87932c7931b2c13a not found

play.exceptions.ActionNotFoundException: Action smallImages.st_56ee7602576e43af87932c7931b2c13a.png not found
	at play.mvc.ActionInvoker.getActionMethod(ActionInvoker.java:599)
	at play.mvc.ActionInvoker.resolve(ActionInvoker.java:85)
	at Invocation.HTTP Request(Play!)
Caused by: java.lang.Exception: Controller controllers.smallImages.st_56ee7602576e43af87932c7931b2c13a not found
	... 3 more
[ERROR] [2013-12-05 10:21:29]  [play.Logger] -

@6gf8lcp5e
smallImages.st_f31ad8574bb14c44856c6b26e8a3dc88.png action not found

Action not found
Action smallImages.st_f31ad8574bb14c44856c6b26e8a3dc88.png could not be found. Error raised is Controller controllers.smallImages.st_f31ad8574bb14c44856c6b26e8a3dc88 not found

play.exceptions.ActionNotFoundException: Action smallImages.st_f31ad8574bb14c44856c6b26e8a3dc88.png not found
	at play.mvc.ActionInvoker.getActionMethod(ActionInvoker.java:599)
	at play.mvc.ActionInvoker.resolve(ActionInvoker.java:85)
	at Invocation.HTTP Request(Play!)
Caused by: java.lang.Exception: Controller controllers.smallImages.st_f31ad8574bb14c44856c6b26e8a3dc88 not found
	... 3 more
[ERROR] [2013-12-05 10:21:29]  [play.Logger] -

@6gf8lcp5f
smallImages.st_27dd703291e941df922d3bd7a12de480.png action not found

Action not found
Action smallImages.st_27dd703291e941df922d3bd7a12de480.png could not be found. Error raised is Controller controllers.smallImages.st_27dd703291e941df922d3bd7a12de480 not found

play.exceptions.ActionNotFoundException: Action smallImages.st_27dd703291e941df922d3bd7a12de480.png not found
	at play.mvc.ActionInvoker.getActionMethod(ActionInvoker.java:599)
	at play.mvc.ActionInvoker.resolve(ActionInvoker.java:85)
	at Invocation.HTTP Request(Play!)
Caused by: java.lang.Exception: Controller controllers.smallImages.st_27dd703291e941df922d3bd7a12de480 not found
	... 3 more
[ERROR] [2013-12-05 10:21:29]  [play.Logger] -

@6gf8lcp5g
smallImages.st_0270c8da17bb403aafb8395bc46e36a5.png action not found

Action not found
Action smallImages.st_0270c8da17bb403aafb8395bc46e36a5.png could not be found. Error raised is Controller controllers.smallImages.st_0270c8da17bb403aafb8395bc46e36a5 not found

play.exceptions.ActionNotFoundException: Action smallImages.st_0270c8da17bb403aafb8395bc46e36a5.png not found
	at play.mvc.ActionInvoker.getActionMethod(ActionInvoker.java:599)
	at play.mvc.ActionInvoker.resolve(ActionInvoker.java:85)
	at Invocation.HTTP Request(Play!)
Caused by: java.lang.Exception: Controller controllers.smallImages.st_0270c8da17bb403aafb8395bc46e36a5 not found
	... 3 more
[ERROR] [2013-12-05 10:21:29]  [play.Logger] -

@6gf8lcp5h
smallImages.st_9e0bc2abd423435aba92f9948d40e3f4.png action not found

Action not found
Action smallImages.st_9e0bc2abd423435aba92f9948d40e3f4.png could not be found. Error raised is Controller controllers.smallImages.st_9e0bc2abd423435aba92f9948d40e3f4 not found

play.exceptions.ActionNotFoundException: Action smallImages.st_9e0bc2abd423435aba92f9948d40e3f4.png not found
	at play.mvc.ActionInvoker.getActionMethod(ActionInvoker.java:599)
	at play.mvc.ActionInvoker.resolve(ActionInvoker.java:85)
	at Invocation.HTTP Request(Play!)
Caused by: java.lang.Exception: Controller controllers.smallImages.st_9e0bc2abd423435aba92f9948d40e3f4 not found
	... 3 more
[ERROR] [2013-12-05 10:21:29]  [play.Logger] -

@6gf8lcp5i
smallImages.st_076efa0e33a64cfd8174568c56b543d8.png action not found

Action not found
Action smallImages.st_076efa0e33a64cfd8174568c56b543d8.png could not be found. Error raised is Controller controllers.smallImages.st_076efa0e33a64cfd8174568c56b543d8 not found

play.exceptions.ActionNotFoundException: Action smallImages.st_076efa0e33a64cfd8174568c56b543d8.png not found
	at play.mvc.ActionInvoker.getActionMethod(ActionInvoker.java:599)
	at play.mvc.ActionInvoker.resolve(ActionInvoker.java:85)
	at Invocation.HTTP Request(Play!)
Caused by: java.lang.Exception: Controller controllers.smallImages.st_076efa0e33a64cfd8174568c56b543d8 not found
	... 3 more
[ERROR] [2013-12-05 10:21:29]  [play.Logger] -

@6gf8lcp5j
smallImages.st_4bcb52f314964a1ea78a86eec67a950b.png action not found

Action not found
Action smallImages.st_4bcb52f314964a1ea78a86eec67a950b.png could not be found. Error raised is Controller controllers.smallImages.st_4bcb52f314964a1ea78a86eec67a950b not found

play.exceptions.ActionNotFoundException: Action smallImages.st_4bcb52f314964a1ea78a86eec67a950b.png not found
	at play.mvc.ActionInvoker.getActionMethod(ActionInvoker.java:599)
	at play.mvc.ActionInvoker.resolve(ActionInvoker.java:85)
	at Invocation.HTTP Request(Play!)
Caused by: java.lang.Exception: Controller controllers.smallImages.st_4bcb52f314964a1ea78a86eec67a950b not found
	... 3 more
