[ INFO] [2013-10-24 16:23:41]  [play.Logger] -Starting E:\iquant_ext\iquantClient
[ INFO] [2013-10-24 16:23:47]  [play.Logger] -Module redis is available (E:\javaTools\play1\modules\redis-0.3)
[ INFO] [2013-10-24 16:23:47]  [play.Logger] -Module excel is available (E:\javaTools\play1\modules\excel-1.2.3)
[ INFO] [2013-10-24 16:23:47]  [play.Logger] -Module guice is available (E:\javaTools\play1\modules\guice-1.2)
[ INFO] [2013-10-24 16:23:47]  [play.Logger] -Module iquantCommon is available (E:\iquant_ext\iquantClient\..\iquantCommon)
[ WARN] [2013-10-24 16:23:49]  [play.Logger] -You're running Play! in DEV mode
[ INFO] [2013-10-24 16:23:49]  [play.Logger] -Listening for HTTP on port 9000 (Waiting a first request to start) ...
[ INFO] [2013-10-24 16:24:48]  [play.Logger] -Starting E:\iquant_ext\iquantClient
[ INFO] [2013-10-24 16:24:50]  [play.Logger] -Module redis is available (E:\javaTools\play1\modules\redis-0.3)
[ INFO] [2013-10-24 16:24:50]  [play.Logger] -Module excel is available (E:\javaTools\play1\modules\excel-1.2.3)
[ INFO] [2013-10-24 16:24:50]  [play.Logger] -Module guice is available (E:\javaTools\play1\modules\guice-1.2)
[ INFO] [2013-10-24 16:24:50]  [play.Logger] -Module iquantCommon is available (E:\iquant_ext\iquantClient\..\iquantCommon)
[ WARN] [2013-10-24 16:24:51]  [play.Logger] -You're running Play! in DEV mode
[ INFO] [2013-10-24 16:24:51]  [play.Logger] -Listening for HTTP on port 9000 (Waiting a first request to start) ...
[ INFO] [2013-10-24 16:29:14]  [play.Logger] -Connecting to redis with redis://localhost:6379
[DEBUG] [2013-10-24 16:29:14]  [play.Logger] -Starting Guice modules scanning
[DEBUG] [2013-10-24 16:29:14]  [play.Logger] -Guice modules cleared
[ INFO] [2013-10-24 16:29:14]  [play.Logger] -Guice injector created with modules: 
class binding.AppDefaultBindModule

[ INFO] [2013-10-24 16:29:15]  [play.Logger] -Application 'iquantClient' is now started !
[ERROR] [2013-10-24 16:29:16]  [play.Logger] -

@6g3h748ml
Error during job execution (job.ClearCacheJob)

Execution exception (In /app/job/ClearCacheJob.java around line 24)
JedisConnectionException occured : Could not get a resource from the pool

play.exceptions.JavaExecutionException: Could not get a resource from the pool
	at play.jobs.Job.call(Job.java:155)
	at java.util.concurrent.FutureTask.run(Unknown Source)
	at java.util.concurrent.ScheduledThreadPoolExecutor$ScheduledFutureTask.access$201(Unknown Source)
	at java.util.concurrent.ScheduledThreadPoolExecutor$ScheduledFutureTask.run(Unknown Source)
	at java.util.concurrent.ThreadPoolExecutor.runWorker(Unknown Source)
	at java.util.concurrent.ThreadPoolExecutor$Worker.run(Unknown Source)
	at java.lang.Thread.run(Unknown Source)
Caused by: redis.clients.jedis.exceptions.JedisConnectionException: Could not get a resource from the pool
	at redis.clients.util.Pool.getResource(Pool.java:22)
	at play.modules.redis.RedisConnectionManager.getRawConnectionInternal(RedisConnectionManager.java:40)
	at play.modules.redis.Redis.keys(Redis.java:501)
	at job.ClearCacheJob.clearPrevilegeFromRedis(ClearCacheJob.java:24)
	at job.ClearCacheJob.doJob(ClearCacheJob.java:19)
	at play.jobs.Job.doJobWithResult(Job.java:50)
	at play.jobs.Job.call(Job.java:146)
	... 6 more
Caused by: redis.clients.jedis.exceptions.JedisConnectionException: java.net.ConnectException: Connection refused: connect
	at redis.clients.jedis.Connection.connect(Connection.java:124)
	at redis.clients.jedis.BinaryClient.connect(BinaryClient.java:54)
	at redis.clients.jedis.BinaryJedis.connect(BinaryJedis.java:1657)
	at redis.clients.jedis.JedisPool$JedisFactory.makeObject(JedisPool.java:63)
	at org.apache.commons.pool.impl.GenericObjectPool.borrowObject(GenericObjectPool.java:1158)
	at redis.clients.util.Pool.getResource(Pool.java:20)
	... 12 more
Caused by: java.net.ConnectException: Connection refused: connect
	at java.net.TwoStacksPlainSocketImpl.socketConnect(Native Method)
	at java.net.AbstractPlainSocketImpl.doConnect(Unknown Source)
	at java.net.AbstractPlainSocketImpl.connectToAddress(Unknown Source)
	at java.net.AbstractPlainSocketImpl.connect(Unknown Source)
	at java.net.PlainSocketImpl.connect(Unknown Source)
	at java.net.SocksSocketImpl.connect(Unknown Source)
	at java.net.Socket.connect(Unknown Source)
	at redis.clients.jedis.Connection.connect(Connection.java:119)
	... 17 more
[DEBUG] [2013-10-24 16:30:30]  [play.Logger] -get请求url：http://localhost:9800/api/loginWithoutCryp?u=admin&p=123&mac=123&pid=2
[DEBUG] [2013-10-24 16:30:30]  [play.Logger] -get响应数据:：{"message":"api.login.user.errorPwd","success":false}
[DEBUG] [2013-10-24 16:30:35]  [play.Logger] -get请求url：http://localhost:9800/api/loginWithoutCryp?u=admin&p=123456&mac=123&pid=2
[DEBUG] [2013-10-24 16:30:36]  [play.Logger] -get响应数据:：{"token":"0480fe015f3290935c456a757ba414dfbd6f409da96f3f949b76ef36d3f9a56429a7519fecb52868fb20881e2e9aa9b4","success":true}
[ INFO] [2013-10-24 16:30:39]  [play.Logger] -hit 用户-->角色
[ INFO] [2013-10-24 16:30:39]  [play.Logger] -hit 角色-->权限
[DEBUG] [2013-10-24 16:30:39]  [play.Logger] -get请求url：http://localhost:9100/strategyCt/fetchStrategyList?orderType=0&keyword=&pageNo=0
[DEBUG] [2013-10-24 16:30:39]  [play.Logger] -get响应数据:：{"data":[{"uuid":"20121101Test","sname":"QICoreTest003","starLevel":4.75,"stype":3,"provider":"GTA","tradeVariety":2,"collectCount":2,"tradeCount":0,"upTime":"2013-04-09","yield":23.0,"yomsd":0.0,"profitRatio":32.0,"status":0,"orderCount":1,"validOrderCount":0,"desp":"QICoreTest003","discussCount":4,"discussTotal":0,"enginetypeId":1,"sharpe":3.0,"id":15},{"uuid":"79661f6c56434089a576668756ed440b","sname":"Test1013","starLevel":5.0,"stype":3,"provider":"管理员","tradeVariety":2,"collectCount":1,"tradeCount":0,"upTime":"2013-05-24","yield":6.652669,"yomsd":0.0,"profitRatio":0.44827586,"status":0,"orderCount":1,"validOrderCount":0,"desp":"Test1013","discussCount":1,"discussTotal":0,"enginetypeId":2,"sharpe":0.21708566,"id":96},{"uuid":"ce3bab03ef1447b48bc5bccdd5867551","sname":"qicoreTets001","starLevel":5.0,"stype":3,"provider":"GTA","tradeVariety":2,"collectCount":0,"tradeCount":0,"upTime":"2013-04-09","yield":2.8361,"yomsd":0.0,"profitRatio":0.0,"status":0,"orderCount":0,"validOrderCount":0,"desp":"qicoreTets001","discussCount":1,"discussTotal":0,"enginetypeId":1,"sharpe":1.4868,"id":13},{"uuid":"345fd47f0c7f46a28180f0b5d2b0f52e","sname":"factortest05","starLevel":5.0,"stype":3,"provider":"管理员","tradeVariety":2,"collectCount":1,"tradeCount":0,"upTime":"2013-04-12","yield":0.020316865,"yomsd":0.0,"profitRatio":0.34210527,"status":0,"orderCount":1,"validOrderCount":0,"desp":"factortest05","discussCount":1,"discussTotal":0,"enginetypeId":2,"sharpe":0.40349543,"id":26},{"uuid":"83a3ce09b5424db396f15012a7075b9e","sname":"QICoreTest005","starLevel":4.0,"stype":3,"provider":"GTA","tradeVariety":2,"collectCount":1,"tradeCount":0,"upTime":"2013-04-10","yield":-1.6871,"yomsd":0.0,"profitRatio":0.0,"status":0,"orderCount":0,"validOrderCount":0,"desp":"QICoreTest005","discussCount":1,"discussTotal":0,"enginetypeId":1,"sharpe":-2.0501,"id":19},{"uuid":"b4028fda35e44105981421e892d5e52e","sname":"1200天","starLevel":5.0,"stype":3,"provider":"管理员","tradeVariety":2,"collectCount":1,"tradeCount":0,"upTime":"2013-04-24","yield":-6.09956,"yomsd":0.0,"profitRatio":0.0025157232,"status":0,"orderCount":1,"validOrderCount":0,"desp":"佛挡杀佛","discussCount":1,"discussTotal":0,"enginetypeId":2,"sharpe":-113.179375,"id":56},{"uuid":"5911f2682a914fc892b72cb8497ae0a1","sname":"1年","starLevel":5.0,"stype":3,"provider":"管理员","tradeVariety":2,"collectCount":0,"tradeCount":0,"upTime":"2013-04-24","yield":-6.215992,"yomsd":0.0,"profitRatio":0.008196721,"status":0,"orderCount":1,"validOrderCount":0,"desp":"佛挡杀佛","discussCount":1,"discussTotal":0,"enginetypeId":2,"sharpe":-64.14344,"id":62},{"uuid":"c10e41ae857d4310b4801690a6815e9f","sname":"300天","starLevel":5.0,"stype":2,"provider":"管理员","tradeVariety":1,"collectCount":1,"tradeCount":0,"upTime":"2013-04-23","yield":-6.25295,"yomsd":0.0,"profitRatio":0.01,"status":0,"orderCount":1,"validOrderCount":0,"desp":"佛挡杀佛","discussCount":1,"discussTotal":0,"enginetypeId":2,"sharpe":-58.489117,"id":55},{"uuid":"bed4f5b554b44d03bfd5a311b412c008","sname":"QIATest03","starLevel":3.0,"stype":3,"provider":"管理员","tradeVariety":2,"collectCount":1,"tradeCount":0,"upTime":"2013-04-09","yield":-6.3678584,"yomsd":0.0,"profitRatio":0.055555556,"status":0,"orderCount":1,"validOrderCount":0,"desp":"QIATest03","discussCount":1,"discussTotal":0,"enginetypeId":2,"sharpe":-31.03235,"id":16},{"uuid":"3bcdc46075b94ed58c004109556eab40","sname":"QIATest02","starLevel":5.0,"stype":3,"provider":"管理员","tradeVariety":2,"collectCount":1,"tradeCount":0,"upTime":"2013-04-09","yield":-6.3678584,"yomsd":0.0,"profitRatio":0.055555556,"status":0,"orderCount":0,"validOrderCount":0,"desp":"QIATest02","discussCount":1,"discussTotal":0,"enginetypeId":2,"sharpe":-31.03235,"id":12},{"uuid":"f04217f7f75b46c785dba615f3694316","sname":"QIA_TEST","starLevel":5.0,"stype":3,"provider":"管理员","tradeVariety":2,"collectCount":0,"tradeCount":0,"upTime":"2013-04-16","yield":-6.3892407,"yomsd":0.0,"profitRatio":0.05,"status":0,"orderCount":1,"validOrderCount":0,"desp":"QIA_TEST","discussCount":1,"discussTotal":0,"enginetypeId":2,"sharpe":-32.68348,"id":28},{"uuid":"332837d06c86448b9ccbcc8064bab40c","sname":"65465","starLevel":5.0,"stype":3,"provider":"管理员","tradeVariety":2,"collectCount":0,"tradeCount":0,"upTime":"2013-04-23","yield":-6.5493317,"yomsd":0.0,"profitRatio":0.048780486,"status":0,"orderCount":4,"validOrderCount":0,"desp":"5646","discussCount":1,"discussTotal":0,"enginetypeId":2,"sharpe":-34.680546,"id":44},{"uuid":"1ac568c68c0e4b1aac5bcbe5147a9a11","sname":"a400","starLevel":5.0,"stype":3,"provider":"管理员","tradeVariety":2,"collectCount":0,"tradeCount":0,"upTime":"2013-09-26","yield":-360.93396,"yomsd":0.0,"profitRatio":0.0,"status":0,"orderCount":0,"validOrderCount":0,"desp":"a400","discussCount":1,"discussTotal":0,"enginetypeId":2,"sharpe":-2133.1646,"id":104}],"status":0,"rowTotal":13,"pageSize":20,"pageNo":1}
[DEBUG] [2013-10-24 16:30:39]  [play.Logger] -get请求url：http://localhost:9100/userStrategyManageCt/fetchUserCollectById?ids=15,96,13,26,19,56,62,55,16,12,28,44,104&uid=1
[DEBUG] [2013-10-24 16:30:39]  [play.Logger] -get响应数据:：{"data":[16,19,55,96,56,26,12,15],"status":0}
[DEBUG] [2013-10-24 16:30:39]  [play.Logger] -get请求url：http://localhost:9100/userTemplateCt/fetchUserTemplate?uid=1&type=1
[DEBUG] [2013-10-24 16:30:39]  [play.Logger] -get响应数据:：{"data":[{"id":488,"name":"very good","type":1,"content":"{\"tradeType\":3,\"tradeVariety\":2,\"yieldDown\":1.0,\"yieldUp\":3.0,\"profitRatioDown\":1.0,\"profitRatioUp\":4.0,\"starDown\":1,\"starUp\":5}","uid":1},{"id":782,"name":"新搜索条件2","type":1,"content":"{\"tradeType\":-999,\"tradeVariety\":-999,\"starDown\":0,\"starUp\":5}","uid":1},{"id":826,"name":"新搜索条件3","type":1,"content":"{}","uid":1},{"id":827,"name":"新搜索条件4","type":1,"content":"{}","uid":1},{"id":828,"name":"新搜索条件5","type":1,"content":"{\"tradeType\":-999,\"tradeVariety\":-999,\"starDown\":0,\"starUp\":5}","uid":1}],"status":0}
[ERROR] [2013-10-24 16:30:40]  [play.Logger] -

@6g3h748mm
smallImages.st_ce3bab03ef1447b48bc5bccdd5867551.png action not found

Action not found
Action smallImages.st_ce3bab03ef1447b48bc5bccdd5867551.png could not be found. Error raised is Controller controllers.smallImages.st_ce3bab03ef1447b48bc5bccdd5867551 not found

play.exceptions.ActionNotFoundException: Action smallImages.st_ce3bab03ef1447b48bc5bccdd5867551.png not found
	at play.mvc.ActionInvoker.getActionMethod(ActionInvoker.java:599)
	at play.mvc.ActionInvoker.resolve(ActionInvoker.java:85)
	at Invocation.HTTP Request(Play!)
Caused by: java.lang.Exception: Controller controllers.smallImages.st_ce3bab03ef1447b48bc5bccdd5867551 not found
	... 3 more
[ERROR] [2013-10-24 16:30:40]  [play.Logger] -

@6g3h748mn
smallImages.st_79661f6c56434089a576668756ed440b.png action not found

Action not found
Action smallImages.st_79661f6c56434089a576668756ed440b.png could not be found. Error raised is Controller controllers.smallImages.st_79661f6c56434089a576668756ed440b not found

play.exceptions.ActionNotFoundException: Action smallImages.st_79661f6c56434089a576668756ed440b.png not found
	at play.mvc.ActionInvoker.getActionMethod(ActionInvoker.java:599)
	at play.mvc.ActionInvoker.resolve(ActionInvoker.java:85)
	at Invocation.HTTP Request(Play!)
Caused by: java.lang.Exception: Controller controllers.smallImages.st_79661f6c56434089a576668756ed440b not found
	... 3 more
[ERROR] [2013-10-24 16:30:40]  [play.Logger] -

@6g3h748mo
smallImages.st_20121101Test.png action not found

Action not found
Action smallImages.st_20121101Test.png could not be found. Error raised is Controller controllers.smallImages.st_20121101Test not found

play.exceptions.ActionNotFoundException: Action smallImages.st_20121101Test.png not found
	at play.mvc.ActionInvoker.getActionMethod(ActionInvoker.java:599)
	at play.mvc.ActionInvoker.resolve(ActionInvoker.java:85)
	at Invocation.HTTP Request(Play!)
Caused by: java.lang.Exception: Controller controllers.smallImages.st_20121101Test not found
	... 3 more
[ERROR] [2013-10-24 16:30:40]  [play.Logger] -

@6g3h748mp
smallImages.st_345fd47f0c7f46a28180f0b5d2b0f52e.png action not found

Action not found
Action smallImages.st_345fd47f0c7f46a28180f0b5d2b0f52e.png could not be found. Error raised is Controller controllers.smallImages.st_345fd47f0c7f46a28180f0b5d2b0f52e not found

play.exceptions.ActionNotFoundException: Action smallImages.st_345fd47f0c7f46a28180f0b5d2b0f52e.png not found
	at play.mvc.ActionInvoker.getActionMethod(ActionInvoker.java:599)
	at play.mvc.ActionInvoker.resolve(ActionInvoker.java:85)
	at Invocation.HTTP Request(Play!)
Caused by: java.lang.Exception: Controller controllers.smallImages.st_345fd47f0c7f46a28180f0b5d2b0f52e not found
	... 3 more
[ERROR] [2013-10-24 16:30:40]  [play.Logger] -

@6g3h748n0
smallImages.st_83a3ce09b5424db396f15012a7075b9e.png action not found

Action not found
Action smallImages.st_83a3ce09b5424db396f15012a7075b9e.png could not be found. Error raised is Controller controllers.smallImages.st_83a3ce09b5424db396f15012a7075b9e not found

play.exceptions.ActionNotFoundException: Action smallImages.st_83a3ce09b5424db396f15012a7075b9e.png not found
	at play.mvc.ActionInvoker.getActionMethod(ActionInvoker.java:599)
	at play.mvc.ActionInvoker.resolve(ActionInvoker.java:85)
	at Invocation.HTTP Request(Play!)
Caused by: java.lang.Exception: Controller controllers.smallImages.st_83a3ce09b5424db396f15012a7075b9e not found
	... 3 more
[ERROR] [2013-10-24 16:30:40]  [play.Logger] -

@6g3h748n1
smallImages.st_5911f2682a914fc892b72cb8497ae0a1.png action not found

Action not found
Action smallImages.st_5911f2682a914fc892b72cb8497ae0a1.png could not be found. Error raised is Controller controllers.smallImages.st_5911f2682a914fc892b72cb8497ae0a1 not found

play.exceptions.ActionNotFoundException: Action smallImages.st_5911f2682a914fc892b72cb8497ae0a1.png not found
	at play.mvc.ActionInvoker.getActionMethod(ActionInvoker.java:599)
	at play.mvc.ActionInvoker.resolve(ActionInvoker.java:85)
	at Invocation.HTTP Request(Play!)
Caused by: java.lang.Exception: Controller controllers.smallImages.st_5911f2682a914fc892b72cb8497ae0a1 not found
	... 3 more
[ERROR] [2013-10-24 16:30:40]  [play.Logger] -

@6g3h748n2
smallImages.st_bed4f5b554b44d03bfd5a311b412c008.png action not found

Action not found
Action smallImages.st_bed4f5b554b44d03bfd5a311b412c008.png could not be found. Error raised is Controller controllers.smallImages.st_bed4f5b554b44d03bfd5a311b412c008 not found

play.exceptions.ActionNotFoundException: Action smallImages.st_bed4f5b554b44d03bfd5a311b412c008.png not found
	at play.mvc.ActionInvoker.getActionMethod(ActionInvoker.java:599)
	at play.mvc.ActionInvoker.resolve(ActionInvoker.java:85)
	at Invocation.HTTP Request(Play!)
Caused by: java.lang.Exception: Controller controllers.smallImages.st_bed4f5b554b44d03bfd5a311b412c008 not found
	... 3 more
[ERROR] [2013-10-24 16:30:40]  [play.Logger] -

@6g3h748n3
smallImages.st_332837d06c86448b9ccbcc8064bab40c.png action not found

Action not found
Action smallImages.st_332837d06c86448b9ccbcc8064bab40c.png could not be found. Error raised is Controller controllers.smallImages.st_332837d06c86448b9ccbcc8064bab40c not found

play.exceptions.ActionNotFoundException: Action smallImages.st_332837d06c86448b9ccbcc8064bab40c.png not found
	at play.mvc.ActionInvoker.getActionMethod(ActionInvoker.java:599)
	at play.mvc.ActionInvoker.resolve(ActionInvoker.java:85)
	at Invocation.HTTP Request(Play!)
Caused by: java.lang.Exception: Controller controllers.smallImages.st_332837d06c86448b9ccbcc8064bab40c not found
	... 3 more
[ERROR] [2013-10-24 16:30:41]  [play.Logger] -

@6g3h748n4
smallImages.st_b4028fda35e44105981421e892d5e52e.png action not found

Action not found
Action smallImages.st_b4028fda35e44105981421e892d5e52e.png could not be found. Error raised is Controller controllers.smallImages.st_b4028fda35e44105981421e892d5e52e not found

play.exceptions.ActionNotFoundException: Action smallImages.st_b4028fda35e44105981421e892d5e52e.png not found
	at play.mvc.ActionInvoker.getActionMethod(ActionInvoker.java:599)
	at play.mvc.ActionInvoker.resolve(ActionInvoker.java:85)
	at Invocation.HTTP Request(Play!)
Caused by: java.lang.Exception: Controller controllers.smallImages.st_b4028fda35e44105981421e892d5e52e not found
	... 3 more
[ERROR] [2013-10-24 16:30:41]  [play.Logger] -

@6g3h748n5
smallImages.st_c10e41ae857d4310b4801690a6815e9f.png action not found

Action not found
Action smallImages.st_c10e41ae857d4310b4801690a6815e9f.png could not be found. Error raised is Controller controllers.smallImages.st_c10e41ae857d4310b4801690a6815e9f not found

play.exceptions.ActionNotFoundException: Action smallImages.st_c10e41ae857d4310b4801690a6815e9f.png not found
	at play.mvc.ActionInvoker.getActionMethod(ActionInvoker.java:599)
	at play.mvc.ActionInvoker.resolve(ActionInvoker.java:85)
	at Invocation.HTTP Request(Play!)
Caused by: java.lang.Exception: Controller controllers.smallImages.st_c10e41ae857d4310b4801690a6815e9f not found
	... 3 more
[ERROR] [2013-10-24 16:30:41]  [play.Logger] -

@6g3h748n6
smallImages.st_3bcdc46075b94ed58c004109556eab40.png action not found

Action not found
Action smallImages.st_3bcdc46075b94ed58c004109556eab40.png could not be found. Error raised is Controller controllers.smallImages.st_3bcdc46075b94ed58c004109556eab40 not found

play.exceptions.ActionNotFoundException: Action smallImages.st_3bcdc46075b94ed58c004109556eab40.png not found
	at play.mvc.ActionInvoker.getActionMethod(ActionInvoker.java:599)
	at play.mvc.ActionInvoker.resolve(ActionInvoker.java:85)
	at Invocation.HTTP Request(Play!)
Caused by: java.lang.Exception: Controller controllers.smallImages.st_3bcdc46075b94ed58c004109556eab40 not found
	... 3 more
[ERROR] [2013-10-24 16:30:41]  [play.Logger] -

@6g3h748n7
smallImages.st_f04217f7f75b46c785dba615f3694316.png action not found

Action not found
Action smallImages.st_f04217f7f75b46c785dba615f3694316.png could not be found. Error raised is Controller controllers.smallImages.st_f04217f7f75b46c785dba615f3694316 not found

play.exceptions.ActionNotFoundException: Action smallImages.st_f04217f7f75b46c785dba615f3694316.png not found
	at play.mvc.ActionInvoker.getActionMethod(ActionInvoker.java:599)
	at play.mvc.ActionInvoker.resolve(ActionInvoker.java:85)
	at Invocation.HTTP Request(Play!)
Caused by: java.lang.Exception: Controller controllers.smallImages.st_f04217f7f75b46c785dba615f3694316 not found
	... 3 more
[ERROR] [2013-10-24 16:30:41]  [play.Logger] -

@6g3h748n8
smallImages.st_1ac568c68c0e4b1aac5bcbe5147a9a11.png action not found

Action not found
Action smallImages.st_1ac568c68c0e4b1aac5bcbe5147a9a11.png could not be found. Error raised is Controller controllers.smallImages.st_1ac568c68c0e4b1aac5bcbe5147a9a11 not found

play.exceptions.ActionNotFoundException: Action smallImages.st_1ac568c68c0e4b1aac5bcbe5147a9a11.png not found
	at play.mvc.ActionInvoker.getActionMethod(ActionInvoker.java:599)
	at play.mvc.ActionInvoker.resolve(ActionInvoker.java:85)
	at Invocation.HTTP Request(Play!)
Caused by: java.lang.Exception: Controller controllers.smallImages.st_1ac568c68c0e4b1aac5bcbe5147a9a11 not found
	... 3 more
[ INFO] [2013-10-24 16:30:42]  [play.Logger] -hit 用户-->角色
[ INFO] [2013-10-24 16:30:42]  [play.Logger] -hit 角色-->权限
[DEBUG] [2013-10-24 16:30:42]  [play.Logger] -get请求url：http://localhost:9100/stockpoolCt/fetchStockPoolList?keyword=&strategyName=&orderType=&pageNo=0&flag=0
[DEBUG] [2013-10-24 16:30:43]  [play.Logger] -get响应数据:：{"data":[{"stockPoolCode":"199","id":"199","poolName":"齐鲁证券山东优势30股票池量化投资组合","source":"齐鲁证券有限公司","annualizedYield":0.0092,"yearJensenRatio":-5.8782,"starLevel":4.6667,"updateDate":"2010-02-01","stockNum":5,"collectCount":3,"orgId":"104104"},{"stockPoolCode":"203","id":"203","poolName":"浙商证券黑马股票池一","source":"浙商证券股份有限公司","annualizedYield":-0.0235,"yearJensenRatio":-0.0302,"starLevel":4.5,"updateDate":"2009-11-02","stockNum":0,"collectCount":3,"orgId":"104094"},{"stockPoolCode":"216","id":"216","poolName":"中信建投行业股票池","source":"中信建投证券股份有限公司","annualizedYield":-0.0142,"yearJensenRatio":0.0257,"starLevel":3.5,"updateDate":"2012-06-04","stockNum":335,"collectCount":1,"orgId":"107973"},{"stockPoolCode":"217","id":"217","poolName":"中信建投技术选股股票池","source":"中信建投证券股份有限公司","annualizedYield":0.0108,"yearJensenRatio":0.0315,"starLevel":5.0,"updateDate":"2013-04-22","stockNum":66,"collectCount":2,"orgId":"107973"},{"stockPoolCode":"218","id":"218","poolName":"中信建投机构评级买入股票池","source":"中信建投证券股份有限公司","annualizedYield":0.0064,"yearJensenRatio":0.0613,"starLevel":3.0,"updateDate":"2010-04-27","stockNum":61,"collectCount":1,"orgId":"107973"},{"stockPoolCode":"219","id":"219","poolName":"中信建投资金流向股票池","source":"中信建投证券股份有限公司","annualizedYield":0.0056,"yearJensenRatio":0.0339,"starLevel":4.0,"updateDate":"2010-07-26","stockNum":12,"collectCount":1,"orgId":"107973"},{"stockPoolCode":"220","id":"220","poolName":"德邦证券金马股票池","source":"德邦证券有限责任公司","annualizedYield":0.0068,"yearJensenRatio":0.033,"starLevel":5.0,"updateDate":"2010-01-11","stockNum":25,"collectCount":1,"orgId":"10133"},{"stockPoolCode":"221","id":"221","poolName":"德邦证券金鹰股票池","source":"德邦证券有限责任公司","annualizedYield":0.0062,"yearJensenRatio":0.0325,"starLevel":0.0,"updateDate":"2010-01-11","stockNum":25,"collectCount":1,"orgId":"10133"},{"stockPoolCode":"222","id":"222","poolName":"东方证券次新股推荐股票组合","source":"东方证券股份有限公司","annualizedYield":0.0258,"yearJensenRatio":0.097,"starLevel":5.0,"updateDate":"2013-01-07","stockNum":109,"collectCount":1,"orgId":"106071"},{"stockPoolCode":"259","id":"259","poolName":"齐鲁证券山东板块潜力股票池","source":"齐鲁证券有限公司","annualizedYield":0.0,"yearJensenRatio":0.0,"starLevel":0.0,"updateDate":"2010-01-04","stockNum":0,"collectCount":1,"orgId":"104104"},{"stockPoolCode":"260","id":"260","poolName":"东方证券定向增发预案股票池","source":"东方证券股份有限公司","annualizedYield":0.0289,"yearJensenRatio":0.0887,"starLevel":1.0,"updateDate":"2013-05-29","stockNum":21,"collectCount":1,"orgId":"106071"},{"stockPoolCode":"261","id":"261","poolName":"中信建投强势突破股票池","source":"中信建投证券股份有限公司","annualizedYield":0.0048,"yearJensenRatio":0.05,"starLevel":0.0,"updateDate":"2009-12-15","stockNum":4,"collectCount":1,"orgId":"107973"},{"stockPoolCode":"281","id":"281","poolName":"东兴证券优选股票池","source":"东兴证券股份有限公司","annualizedYield":0.0317,"yearJensenRatio":0.1104,"starLevel":0.0,"updateDate":"2013-05-03","stockNum":60,"collectCount":1,"orgId":"106069"},{"stockPoolCode":"282","id":"282","poolName":"西藏证券天常撑杆跳激进型组合","source":"西藏证券经纪有限责任公司","annualizedYield":9.0E-4,"yearJensenRatio":0.0492,"starLevel":0.0,"updateDate":"2009-12-03","stockNum":4,"collectCount":1,"orgId":"104459"},{"stockPoolCode":"283","id":"283","poolName":"东兴证券核心股票池","source":"东兴证券股份有限公司","annualizedYield":-0.0265,"yearJensenRatio":0.1195,"starLevel":5.0,"updateDate":"2013-05-03","stockNum":30,"collectCount":2,"orgId":"106069"},{"stockPoolCode":"285","id":"285","poolName":"西藏证券天常跳高积极型组合","source":"西藏证券经纪有限责任公司","annualizedYield":0.0065,"yearJensenRatio":0.0513,"starLevel":0.0,"updateDate":"2009-07-23","stockNum":7,"collectCount":1,"orgId":"104459"},{"stockPoolCode":"287","id":"287","poolName":"西藏证券天常跳远成长型组合","source":"西藏证券经纪有限责任公司","annualizedYield":0.0064,"yearJensenRatio":0.0512,"starLevel":0.0,"updateDate":"2010-01-12","stockNum":30,"collectCount":1,"orgId":"104459"},{"stockPoolCode":"318","id":"318","poolName":"英大证券研究动态股票池","source":"英大证券有限责任公司","annualizedYield":0.0056,"yearJensenRatio":0.0668,"starLevel":0.0,"updateDate":"2010-04-06","stockNum":48,"collectCount":1,"orgId":"104275"},{"stockPoolCode":"319","id":"319","poolName":"广州证券60股票池","source":"广州证券有限责任公司","annualizedYield":0.0143,"yearJensenRatio":0.093,"starLevel":0.0,"updateDate":"2012-02-29","stockNum":95,"collectCount":1,"orgId":"104472"},{"stockPoolCode":"355","id":"355","poolName":"安信证券超赢股票池","source":"安信证券股份有限公司","annualizedYield":0.0134,"yearJensenRatio":0.0863,"starLevel":5.0,"updateDate":"2011-03-28","stockNum":20,"collectCount":0,"orgId":"106035"}],"status":0,"rowTotal":517,"pageSize":20,"pageNo":1}
[DEBUG] [2013-10-24 16:30:43]  [play.Logger] -get请求url：http://localhost:9100/userTemplateCt/fetchUserTemplate?uid=1&type=2
[DEBUG] [2013-10-24 16:30:43]  [play.Logger] -get响应数据:：{"data":[{"id":33,"name":"aaa","type":2,"content":"{\"recommendOrgs\":[\"1093\",\"10100899\",\"106035\",\"10100875\",\"106034\",\"1090\",\"1095\",\"10134\",\"106033\",\"101434\",\"10515\",\"10104940\",\"10126\",\"103963\",\"10133||108054\",\"10244\",\"106072\",\"102333\",\"106071\",\"106070\",\"106068\",\"107633\",\"10884\",\"10100905\",\"10100907\",\"104161\",\"10105072\",\"10100761\",\"106066||106067\",\"10100821||10100869\",\"10100670||104059\",\"101506\",\"104472\",\"106065\",\"108486\",\"105738\",\"104493\",\"10129\",\"104516\",\"106031\",\"10100704||104988\",\"10416\",\"10161\",\"106030\",\"10100841\",\"10100806\",\"104272\",\"10100677||102306\",\"10105074\",\"10100788\",\"104302\",\"1084\",\"1083\",\"104011\",\"10100694\",\"10158\",\"104297\",\"10100847\",\"106036\",\"104180\",\"103952\",\"104340\",\"10100981\",\"10100687\",\"10100828\",\"104517\",\"104531\",\"10100799||102189\",\"1097\",\"104175\",\"101070\",\"10100891\",\"10170||104271\",\"104171\",\"104169\",\"104179\",\"10105238\",\"10397\",\"104042\",\"104149\",\"104104\",\"10202\",\"106037\",\"10100825||10100876||104103\",\"104102\",\"103137\",\"104101\",\"10101837\",\"10100676\",\"10100673\",\"104534\",\"10105079\",\"10884\",\"10102417||104384\",\"104274\",\"10119\",\"107618\",\"104459\",\"105188\",\"104236\",\"104098\",\"10157\",\"10100688\",\"104097\",\"105045\",\"102685\",\"104096||107726\",\"104275\",\"10105078\",\"10100826\",\"10100892\",\"10100838||10512\",\"104123\",\"10974\",\"104094\",\"10100698\",\"104273\",\"104647\",\"104653\",\"107689\",\"1087\",\"104776\",\"104230\",\"1098\",\"104229\",\"1082\"],\"reportUpdatePeriod\":-999,\"starDown\":0,\"starUp\":5}","uid":1},{"id":34,"name":"bbb","type":2,"content":"{\"recommendOrgs\":[],\"reportUpdatePeriod\":2,\"starDown\":1,\"starUp\":5,\"yearYieldDown\":1.0,\"yearYieldUp\":20.0,\"sharpRateDown\":2.0,\"sharpRateUp\":20.0}","uid":1},{"id":37,"name":"000000000000","type":2,"content":"{\"recommendOrgs\":[\"10105079\",\"10884\",\"10102417||104384\",\"104274\",\"10119\",\"107618\",\"104459\",\"105188\",\"104236\",\"104098\",\"10157\",\"10100688\",\"104097\",\"105045\"],\"reportUpdatePeriod\":-999,\"starDown\":2,\"starUp\":5}","uid":1},{"id":38,"name":"新搜索条件2","type":2,"content":"{\"recommendOrgs\":[\"104517\",\"104531\",\"10100799||102189\",\"1097\",\"104175\",\"101070\",\"10100891\",\"10170||104271\",\"104171\",\"104169\",\"104179\",\"10105238\"],\"reportUpdatePeriod\":2,\"starDown\":2,\"starUp\":5}","uid":1}],"status":0}
[DEBUG] [2013-10-24 16:30:43]  [play.Logger] -get请求url：http://localhost:9100/userstockpoolManageCt/fetchCollectIdList?ids=199,203,216,217,218,219,220,221,222,259,260,261,281,282,283,285,287,318,319,355&uid=1
[DEBUG] [2013-10-24 16:30:43]  [play.Logger] -get响应数据:：{"data":[203,199],"status":0}
[DEBUG] [2013-10-24 16:30:43]  [play.Logger] -get请求url：http://localhost:9100/userstockpoolManageCt/fetchCommentList?uid=1
[DEBUG] [2013-10-24 16:30:43]  [play.Logger] -get响应数据:：{"data":[594,203,199],"status":0}
[ INFO] [2013-10-24 16:30:47]  [play.Logger] -hit 用户-->角色
[ INFO] [2013-10-24 16:30:47]  [play.Logger] -hit 角色-->权限
[DEBUG] [2013-10-24 16:30:47]  [play.Logger] -get请求url：http://localhost:9100/stockpoolCt/fetchStockpoolInfo?stockPoolCode=203
[DEBUG] [2013-10-24 16:30:47]  [play.Logger] -get响应数据:：{"data":{"stockPoolCode":203,"stockPoolName":"浙商证券黑马股票池一","stockNum":0,"updateFrequency":"不定期","strategy":"我们采取自下而上的选股思路:在任一个时间点，第一步: 选出给出盈利预测家数少的股票作为我们的一级股票池第二步: 在一级股票池中选出当天领涨行业的股票，如果有的话，作为二级股票池第三步: 如果当天出现基本面出现拐点的信号，那么将当天以及前20天的二级股票池中的股票最终纳入股票池","annualizedYield":-0.0235,"filestoragePath":"\\研报正文\\股票池(组合、股票池、策略、配置、精选)\\2011\\2011-08\\2011-08-01\\","summary":"投资要点：  ü  黑马股萌芽阶段具有三个特点:１）基本面处于行业中下游 ２）行业关注度偏低 ３）股价与基本面的出现背离，  ü  通过量化成长黑马股所具备的三个条件，我们制定了成长黑马发掘策略，  我们采取自下而上的选股思路。在任一个时间点，第一步: 选出给出盈利预测家数少的股票作为我们的一级股票池 第二步: 在一级股票池中选出当天领涨行业的股票，如果有的话，作为二级股票池。第三步: 如果当天出现与上证指数出现背离的信号，那么将当天以及前20天的二级股票池中的股票最终纳入最终股票池。该股票池与选股初始时点不相关。  ü  策略的总体效果十分理想，所选10年的股票池中，平均收益超过20%的股票个数多，而且股票在一年内的平均收益与平均超额收益十分惊人，达到153.76%与92.92%。该策略涵盖中期成长股数量较多，如金种子酒，江特电机，海通集团等，这些中期成长股在后来的几年中被市场关注，而我们的策略在成长股萌芽阶段即选入我们的股票池，符合我们选股的最初设想，即在成长股萌芽阶段选股。  ü  本策略可与基本面分析相辅相承，为分析师提供成长股的线索，从而为投资带来超额回报。","institutionName":"浙商证券股份有限公司","starNum":4.5000},"status":0}
[DEBUG] [2013-10-24 16:30:47]  [play.Logger] -get请求url：http://localhost:9100/userstockpoolManageCt/hasComment?spid=203&uid=1
[DEBUG] [2013-10-24 16:30:47]  [play.Logger] -get响应数据:：{"data":true,"status":0}
[DEBUG] [2013-10-24 16:30:47]  [play.Logger] -get请求url：http://localhost:9100/stockpoolCt/fetchCombinInfo?stockPoolCode=203
[DEBUG] [2013-10-24 16:30:47]  [play.Logger] -get响应数据:：{"data":[],"status":0}
[DEBUG] [2013-10-24 16:30:47]  [play.Logger] -get请求url：http://localhost:9100/userstockpoolManageCt/hasCollected?spid=203&uid=1
[DEBUG] [2013-10-24 16:30:47]  [play.Logger] -get响应数据:：{"data":true,"status":0}
[ INFO] [2013-10-24 16:30:52]  [play.Logger] -hit 用户-->角色
[ INFO] [2013-10-24 16:30:52]  [play.Logger] -hit 角色-->权限
[DEBUG] [2013-10-24 16:30:52]  [play.Logger] -post with body 请求url：http://localhost:9100/UserInfoCt/activateUsersList?pageNo=0,请求数据:
{"saleId":0,"orderFlag":0,"status":0,"flag":1}
[DEBUG] [2013-10-24 16:30:52]  [play.Logger] -post with body 响应数据:：{"data":[{"id":"894","account":"csmarapi","name":"csmarapi","idCard":"436879878747848574","phone":"13725484787","applyDate":"2013-09-29","status":2},{"id":"895","account":"panzhiwei","name":"pzw","idCard":"","phone":"","capitalAccount":"","applyDate":"2013-09-29","status":2},{"id":"896","account":"litest","name":"liA","idCard":"ll","phone":"123","applyDate":"2013-09-29","status":2},{"id":"897","account":"liuhj12","name":"liuhj","idCard":"","phone":"","capitalAccount":"","applyDate":"2013-09-29","status":2},{"id":"898","account":"admin111","name":"tttttt","idCard":"","phone":"","capitalAccount":"","applyDate":"2013-09-29","status":2},{"id":"899","account":"ggggg","name":"gg","idCard":"","phone":"","capitalAccount":"","applyDate":"2013-09-29","status":2},{"id":"900","account":"deltttttt_1381910596609","name":"qq","idCard":"","phone":"","capitalAccount":"","applyDate":"2013-09-29","status":2},{"id":"901","account":"liddd","name":"liC","idCard":"","phone":"ss","applyDate":"2013-09-29","status":2},{"id":"885","account":"tom12345","name":"tom","idCard":"","phone":"123","applyDate":"2013-09-28","status":2},{"id":"886","account":"tom2222","name":"tommmm","idCard":"","phone":"23","applyDate":"2013-09-28","status":2},{"id":"-1000","account":"delCHINAGTA_1379664805593","name":"CHINAGTA","idCard":"","phone":"","saleName":"营业部","capitalAccount":"","applyDate":"2013-06-13","status":2}],"status":0,"rowTotal":11,"pageSize":20,"pageNo":1}
[DEBUG] [2013-10-24 16:30:52]  [play.Logger] -get请求url：http://localhost:9100/UserInfoCt/findAllDepartment
[DEBUG] [2013-10-24 16:30:52]  [play.Logger] -get响应数据:：{"data":[{"name":"营业部","id":1}],"status":0}
[DEBUG] [2013-10-24 16:30:52]  [play.Logger] -get请求url：http://localhost:9100/RoleInfoCt/findAllRole
[DEBUG] [2013-10-24 16:30:52]  [play.Logger] -get响应数据:：{"data":[{"id":4,"name":"大赛用户"},{"id":5,"name":"所有权限"},{"id":1,"name":"系统管理员"}],"status":0}
[DEBUG] [2013-10-24 16:30:52]  [play.Logger] -get请求url：http://localhost:9100/sysConfigCt/fetchValue?key=user.excel.template.dir
[DEBUG] [2013-10-24 16:30:52]  [play.Logger] -get响应数据:：{"data":"public/attachment/template.xls","status":0}
[ INFO] [2013-10-24 16:31:01]  [play.Logger] -hit 用户-->角色
[ INFO] [2013-10-24 16:31:01]  [play.Logger] -hit 角色-->权限
[DEBUG] [2013-10-24 16:31:01]  [play.Logger] -post with body 请求url：http://localhost:9100/UserInfoCt/usersList?pageNo=0,请求数据:
{"saleId":0,"orderFlag":0,"status":0,"roleId":0,"flag":2}
[DEBUG] [2013-10-24 16:31:01]  [play.Logger] -post with body 响应数据:：{"data":[{"id":"1","account":"admin","name":"管理员","idCard":"","phone":"","saleName":"营业部","capitalAccount":"","applyDate":"2013-03-01","status":10,"roleName":"系统管理员","startDate":"2013-03-01","endDate":"2099-01-01"},{"id":"902","account":"ttttt","name":"xiaojiang","idCard":"","phone":"","applyDate":"2013-10-16","status":10,"roleName":"系统管理员","startDate":"2013-10-16","endDate":"2099-09-09"}],"status":0,"rowTotal":2,"pageSize":20,"pageNo":1}
[DEBUG] [2013-10-24 16:31:01]  [play.Logger] -get请求url：http://localhost:9100/UserInfoCt/findAllDepartment
[DEBUG] [2013-10-24 16:31:01]  [play.Logger] -get响应数据:：{"data":[{"name":"营业部","id":1}],"status":0}
[DEBUG] [2013-10-24 16:31:01]  [play.Logger] -get请求url：http://localhost:9100/RoleInfoCt/findAllRole
[DEBUG] [2013-10-24 16:31:01]  [play.Logger] -get响应数据:：{"data":[{"id":4,"name":"大赛用户"},{"id":5,"name":"所有权限"},{"id":1,"name":"系统管理员"}],"status":0}
