[ERROR] [2013-10-10 14:15:45]  [play.Logger] -

@6fpikhbdc
Error during job execution (job.ClearCacheJob)

Execution exception (In /app/job/ClearCacheJob.java around line 24)
JedisConnectionException occured : Could not get a resource from the pool

play.exceptions.JavaExecutionException: Could not get a resource from the pool
	at play.jobs.Job.call(Job.java:155)
	at java.util.concurrent.FutureTask$Sync.innerRun(Unknown Source)
	at java.util.concurrent.FutureTask.run(Unknown Source)
	at java.util.concurrent.ScheduledThreadPoolExecutor$ScheduledFutureTask.access$301(Unknown Source)
	at java.util.concurrent.ScheduledThreadPoolExecutor$ScheduledFutureTask.run(Unknown Source)
	at java.util.concurrent.ThreadPoolExecutor$Worker.runTask(Unknown Source)
	at java.util.concurrent.ThreadPoolExecutor$Worker.run(Unknown Source)
	at java.lang.Thread.run(Unknown Source)
Caused by: redis.clients.jedis.exceptions.JedisConnectionException: Could not get a resource from the pool
	at redis.clients.util.Pool.getResource(Pool.java:22)
	at play.modules.redis.RedisConnectionManager.getRawConnectionInternal(RedisConnectionManager.java:40)
	at play.modules.redis.Redis.keys(Redis.java:501)
	at job.ClearCacheJob.clearPrevilegeFromRedis(ClearCacheJob.java:24)
	at job.ClearCacheJob.doJob(ClearCacheJob.java:19)
	at play.jobs.Job.doJobWithResult(Job.java:50)
	at play.jobs.Job.call(Job.java:146)
	... 7 more
Caused by: redis.clients.jedis.exceptions.JedisConnectionException: java.net.ConnectException: Connection refused: connect
	at redis.clients.jedis.Connection.connect(Connection.java:124)
	at redis.clients.jedis.BinaryClient.connect(BinaryClient.java:54)
	at redis.clients.jedis.BinaryJedis.connect(BinaryJedis.java:1657)
	at redis.clients.jedis.JedisPool$JedisFactory.makeObject(JedisPool.java:63)
	at org.apache.commons.pool.impl.GenericObjectPool.borrowObject(GenericObjectPool.java:1158)
	at redis.clients.util.Pool.getResource(Pool.java:20)
	... 13 more
Caused by: java.net.ConnectException: Connection refused: connect
	at java.net.PlainSocketImpl.socketConnect(Native Method)
	at java.net.PlainSocketImpl.doConnect(Unknown Source)
	at java.net.PlainSocketImpl.connectToAddress(Unknown Source)
	at java.net.PlainSocketImpl.connect(Unknown Source)
	at java.net.SocksSocketImpl.connect(Unknown Source)
	at java.net.Socket.connect(Unknown Source)
	at redis.clients.jedis.Connection.connect(Connection.java:119)
	... 18 more
[ERROR] [2013-10-10 14:15:52]  [play.Logger] -

@6fpikhbdd
Internal Server Error (500) for request POST /userct/login?x-http-method-override=POST

Execution exception (In /app/bussiness/UserService.java around line 51)
NullPointerException occured : null

play.exceptions.JavaExecutionException
	at play.mvc.ActionInvoker.invoke(ActionInvoker.java:237)
	at Invocation.HTTP Request(Play!)
Caused by: java.lang.NullPointerException
	at bussiness.UserService.validateLogin(UserService.java:51)
	at controllers.UserCt.login(UserCt.java:47)
	at play.mvc.ActionInvoker.invokeWithContinuation(ActionInvoker.java:557)
	at play.mvc.ActionInvoker.invoke(ActionInvoker.java:508)
	at play.mvc.ActionInvoker.invokeControllerMethod(ActionInvoker.java:484)
	at play.mvc.ActionInvoker.invokeControllerMethod(ActionInvoker.java:479)
	at play.mvc.ActionInvoker.invoke(ActionInvoker.java:161)
	... 1 more
[ERROR] [2013-10-10 14:16:05]  [play.Logger] -没有取到客户端ip, 给个默认值:256
[ERROR] [2013-10-10 14:16:05]  [play.Logger] -

@6fpikhbde
Internal Server Error (500) for request POST /userct/login?x-http-method-override=POST

Execution exception (In /app/bussiness/UserService.java around line 51)
NullPointerException occured : null

play.exceptions.JavaExecutionException
	at play.mvc.ActionInvoker.invoke(ActionInvoker.java:237)
	at Invocation.HTTP Request(Play!)
Caused by: java.lang.NullPointerException
	at bussiness.UserService.validateLogin(UserService.java:51)
	at controllers.UserCt.login(UserCt.java:47)
	at play.mvc.ActionInvoker.invokeWithContinuation(ActionInvoker.java:557)
	at play.mvc.ActionInvoker.invoke(ActionInvoker.java:508)
	at play.mvc.ActionInvoker.invokeControllerMethod(ActionInvoker.java:484)
	at play.mvc.ActionInvoker.invokeControllerMethod(ActionInvoker.java:479)
	at play.mvc.ActionInvoker.invoke(ActionInvoker.java:161)
	... 1 more
