[ERROR] [2013-10-09 15:59:08]  [play.Logger] -

@6fpc14ea9
Internal Server Error (500) for request POST /userinfos/verifytradeaccountnotexist

Execution exception (In /app/bussiness/UserInfoService.java around line 282)
NullPointerException occured : null

play.exceptions.JavaExecutionException
	at play.mvc.ActionInvoker.invoke(ActionInvoker.java:237)
	at Invocation.HTTP Request(Play!)
Caused by: java.lang.NullPointerException
	at bussiness.UserInfoService.verifyTradeAccountNotExist(UserInfoService.java:282)
	at controllers.UserInfos.verifyTradeAccountNotExist(UserInfos.java:215)
	at play.mvc.ActionInvoker.invokeWithContinuation(ActionInvoker.java:557)
	at play.mvc.ActionInvoker.invoke(ActionInvoker.java:508)
	at play.mvc.ActionInvoker.invokeControllerMethod(ActionInvoker.java:484)
	at play.mvc.ActionInvoker.invokeControllerMethod(ActionInvoker.java:479)
	at play.mvc.ActionInvoker.invoke(ActionInvoker.java:161)
	... 1 more
[ERROR] [2013-10-09 16:01:13]  [play.Logger] -

@6fpc14eaa
Internal Server Error (500) for request POST /userinfos/verifytradeaccountnotexist

Execution exception (In /app/bussiness/UserInfoService.java around line 282)
NullPointerException occured : null

play.exceptions.JavaExecutionException
	at play.mvc.ActionInvoker.invoke(ActionInvoker.java:237)
	at Invocation.HTTP Request(Play!)
Caused by: java.lang.NullPointerException
	at bussiness.UserInfoService.verifyTradeAccountNotExist(UserInfoService.java:282)
	at controllers.UserInfos.verifyTradeAccountNotExist(UserInfos.java:215)
	at play.mvc.ActionInvoker.invokeWithContinuation(ActionInvoker.java:557)
	at play.mvc.ActionInvoker.invoke(ActionInvoker.java:508)
	at play.mvc.ActionInvoker.invokeControllerMethod(ActionInvoker.java:484)
	at play.mvc.ActionInvoker.invokeControllerMethod(ActionInvoker.java:479)
	at play.mvc.ActionInvoker.invoke(ActionInvoker.java:161)
	... 1 more
[ERROR] [2013-10-09 16:01:48]  [play.Logger] -

@6fpc14eab
Internal Server Error (500) for request POST /userinfos/verifytradeaccountnotexist

Execution exception (In /app/bussiness/UserInfoService.java around line 282)
NullPointerException occured : null

play.exceptions.JavaExecutionException
	at play.mvc.ActionInvoker.invoke(ActionInvoker.java:237)
	at Invocation.HTTP Request(Play!)
Caused by: java.lang.NullPointerException
	at bussiness.UserInfoService.verifyTradeAccountNotExist(UserInfoService.java:282)
	at controllers.UserInfos.verifyTradeAccountNotExist(UserInfos.java:215)
	at play.mvc.ActionInvoker.invokeWithContinuation(ActionInvoker.java:557)
	at play.mvc.ActionInvoker.invoke(ActionInvoker.java:508)
	at play.mvc.ActionInvoker.invokeControllerMethod(ActionInvoker.java:484)
	at play.mvc.ActionInvoker.invokeControllerMethod(ActionInvoker.java:479)
	at play.mvc.ActionInvoker.invoke(ActionInvoker.java:161)
	... 1 more
[ERROR] [2013-10-09 16:02:30]  [play.Logger] -

@6fpc14eac
Internal Server Error (500) for request GET /userinfos/verifytradeaccountnotexist

Execution exception (In /app/bussiness/UserInfoService.java around line 282)
NullPointerException occured : null

play.exceptions.JavaExecutionException
	at play.mvc.ActionInvoker.invoke(ActionInvoker.java:237)
	at Invocation.HTTP Request(Play!)
Caused by: java.lang.NullPointerException
	at bussiness.UserInfoService.verifyTradeAccountNotExist(UserInfoService.java:282)
	at controllers.UserInfos.verifyTradeAccountNotExist(UserInfos.java:215)
	at play.mvc.ActionInvoker.invokeWithContinuation(ActionInvoker.java:557)
	at play.mvc.ActionInvoker.invoke(ActionInvoker.java:508)
	at play.mvc.ActionInvoker.invokeControllerMethod(ActionInvoker.java:484)
	at play.mvc.ActionInvoker.invokeControllerMethod(ActionInvoker.java:479)
	at play.mvc.ActionInvoker.invoke(ActionInvoker.java:161)
	... 1 more
