[ERROR] [2013-09-29 09:13:04]  [play.Logger] -

@6fmf74akb
Error during job execution (job.ClearCacheJob)

Execution exception (In /app/job/ClearCacheJob.java around line 24)
JedisConnectionException occured : Could not get a resource from the pool

play.exceptions.JavaExecutionException: Could not get a resource from the pool
	at play.jobs.Job.call(Job.java:155)
	at java.util.concurrent.FutureTask$Sync.innerRun(Unknown Source)
	at java.util.concurrent.FutureTask.run(Unknown Source)
	at java.util.concurrent.ScheduledThreadPoolExecutor$ScheduledFutureTask.access$301(Unknown Source)
	at java.util.concurrent.ScheduledThreadPoolExecutor$ScheduledFutureTask.run(Unknown Source)
	at java.util.concurrent.ThreadPoolExecutor$Worker.runTask(Unknown Source)
	at java.util.concurrent.ThreadPoolExecutor$Worker.run(Unknown Source)
	at java.lang.Thread.run(Unknown Source)
Caused by: redis.clients.jedis.exceptions.JedisConnectionException: Could not get a resource from the pool
	at redis.clients.util.Pool.getResource(Pool.java:22)
	at play.modules.redis.RedisConnectionManager.getRawConnectionInternal(RedisConnectionManager.java:40)
	at play.modules.redis.Redis.keys(Redis.java:501)
	at job.ClearCacheJob.clearPrevilegeFromRedis(ClearCacheJob.java:24)
	at job.ClearCacheJob.doJob(ClearCacheJob.java:19)
	at play.jobs.Job.doJobWithResult(Job.java:50)
	at play.jobs.Job.call(Job.java:146)
	... 7 more
Caused by: redis.clients.jedis.exceptions.JedisConnectionException: java.net.ConnectException: Connection refused: connect
	at redis.clients.jedis.Connection.connect(Connection.java:124)
	at redis.clients.jedis.BinaryClient.connect(BinaryClient.java:54)
	at redis.clients.jedis.BinaryJedis.connect(BinaryJedis.java:1657)
	at redis.clients.jedis.JedisPool$JedisFactory.makeObject(JedisPool.java:63)
	at org.apache.commons.pool.impl.GenericObjectPool.borrowObject(GenericObjectPool.java:1158)
	at redis.clients.util.Pool.getResource(Pool.java:20)
	... 13 more
Caused by: java.net.ConnectException: Connection refused: connect
	at java.net.PlainSocketImpl.socketConnect(Native Method)
	at java.net.PlainSocketImpl.doConnect(Unknown Source)
	at java.net.PlainSocketImpl.connectToAddress(Unknown Source)
	at java.net.PlainSocketImpl.connect(Unknown Source)
	at java.net.SocksSocketImpl.connect(Unknown Source)
	at java.net.Socket.connect(Unknown Source)
	at redis.clients.jedis.Connection.connect(Connection.java:119)
	... 18 more
[ERROR] [2013-09-29 09:14:22]  [play.Logger] -

@6fmf74akc
smallImages.st_79661f6c56434089a576668756ed440b.png action not found

Action not found
Action smallImages.st_79661f6c56434089a576668756ed440b.png could not be found. Error raised is Controller controllers.smallImages.st_79661f6c56434089a576668756ed440b not found

play.exceptions.ActionNotFoundException: Action smallImages.st_79661f6c56434089a576668756ed440b.png not found
	at play.mvc.ActionInvoker.getActionMethod(ActionInvoker.java:599)
	at play.mvc.ActionInvoker.resolve(ActionInvoker.java:85)
	at Invocation.HTTP Request(Play!)
Caused by: java.lang.Exception: Controller controllers.smallImages.st_79661f6c56434089a576668756ed440b not found
	... 3 more
[ERROR] [2013-09-29 09:14:22]  [play.Logger] -

@6fmf74akd
smallImages.st_ce3bab03ef1447b48bc5bccdd5867551.png action not found

Action not found
Action smallImages.st_ce3bab03ef1447b48bc5bccdd5867551.png could not be found. Error raised is Controller controllers.smallImages.st_ce3bab03ef1447b48bc5bccdd5867551 not found

play.exceptions.ActionNotFoundException: Action smallImages.st_ce3bab03ef1447b48bc5bccdd5867551.png not found
	at play.mvc.ActionInvoker.getActionMethod(ActionInvoker.java:599)
	at play.mvc.ActionInvoker.resolve(ActionInvoker.java:85)
	at Invocation.HTTP Request(Play!)
Caused by: java.lang.Exception: Controller controllers.smallImages.st_ce3bab03ef1447b48bc5bccdd5867551 not found
	... 3 more
[ERROR] [2013-09-29 09:14:22]  [play.Logger] -

@6fmf74ake
smallImages.st_83a3ce09b5424db396f15012a7075b9e.png action not found

Action not found
Action smallImages.st_83a3ce09b5424db396f15012a7075b9e.png could not be found. Error raised is Controller controllers.smallImages.st_83a3ce09b5424db396f15012a7075b9e not found

play.exceptions.ActionNotFoundException: Action smallImages.st_83a3ce09b5424db396f15012a7075b9e.png not found
	at play.mvc.ActionInvoker.getActionMethod(ActionInvoker.java:599)
	at play.mvc.ActionInvoker.resolve(ActionInvoker.java:85)
	at Invocation.HTTP Request(Play!)
Caused by: java.lang.Exception: Controller controllers.smallImages.st_83a3ce09b5424db396f15012a7075b9e not found
	... 3 more
[ERROR] [2013-09-29 09:14:22]  [play.Logger] -

@6fmf74akf
smallImages.st_20121101Test.png action not found

Action not found
Action smallImages.st_20121101Test.png could not be found. Error raised is Controller controllers.smallImages.st_20121101Test not found

play.exceptions.ActionNotFoundException: Action smallImages.st_20121101Test.png not found
	at play.mvc.ActionInvoker.getActionMethod(ActionInvoker.java:599)
	at play.mvc.ActionInvoker.resolve(ActionInvoker.java:85)
	at Invocation.HTTP Request(Play!)
Caused by: java.lang.Exception: Controller controllers.smallImages.st_20121101Test not found
	... 3 more
[ERROR] [2013-09-29 09:14:22]  [play.Logger] -

@6fmf74akg
smallImages.st_345fd47f0c7f46a28180f0b5d2b0f52e.png action not found

Action not found
Action smallImages.st_345fd47f0c7f46a28180f0b5d2b0f52e.png could not be found. Error raised is Controller controllers.smallImages.st_345fd47f0c7f46a28180f0b5d2b0f52e not found

play.exceptions.ActionNotFoundException: Action smallImages.st_345fd47f0c7f46a28180f0b5d2b0f52e.png not found
	at play.mvc.ActionInvoker.getActionMethod(ActionInvoker.java:599)
	at play.mvc.ActionInvoker.resolve(ActionInvoker.java:85)
	at Invocation.HTTP Request(Play!)
Caused by: java.lang.Exception: Controller controllers.smallImages.st_345fd47f0c7f46a28180f0b5d2b0f52e not found
	... 3 more
[ERROR] [2013-09-29 09:14:22]  [play.Logger] -

@6fmf74akh
smallImages.st_b4028fda35e44105981421e892d5e52e.png action not found

Action not found
Action smallImages.st_b4028fda35e44105981421e892d5e52e.png could not be found. Error raised is Controller controllers.smallImages.st_b4028fda35e44105981421e892d5e52e not found

play.exceptions.ActionNotFoundException: Action smallImages.st_b4028fda35e44105981421e892d5e52e.png not found
	at play.mvc.ActionInvoker.getActionMethod(ActionInvoker.java:599)
	at play.mvc.ActionInvoker.resolve(ActionInvoker.java:85)
	at Invocation.HTTP Request(Play!)
Caused by: java.lang.Exception: Controller controllers.smallImages.st_b4028fda35e44105981421e892d5e52e not found
	... 3 more
[ERROR] [2013-09-29 09:14:22]  [play.Logger] -

@6fmf74aki
smallImages.st_5911f2682a914fc892b72cb8497ae0a1.png action not found

Action not found
Action smallImages.st_5911f2682a914fc892b72cb8497ae0a1.png could not be found. Error raised is Controller controllers.smallImages.st_5911f2682a914fc892b72cb8497ae0a1 not found

play.exceptions.ActionNotFoundException: Action smallImages.st_5911f2682a914fc892b72cb8497ae0a1.png not found
	at play.mvc.ActionInvoker.getActionMethod(ActionInvoker.java:599)
	at play.mvc.ActionInvoker.resolve(ActionInvoker.java:85)
	at Invocation.HTTP Request(Play!)
Caused by: java.lang.Exception: Controller controllers.smallImages.st_5911f2682a914fc892b72cb8497ae0a1 not found
	... 3 more
[ERROR] [2013-09-29 09:14:22]  [play.Logger] -

@6fmf74akj
smallImages.st_c10e41ae857d4310b4801690a6815e9f.png action not found

Action not found
Action smallImages.st_c10e41ae857d4310b4801690a6815e9f.png could not be found. Error raised is Controller controllers.smallImages.st_c10e41ae857d4310b4801690a6815e9f not found

play.exceptions.ActionNotFoundException: Action smallImages.st_c10e41ae857d4310b4801690a6815e9f.png not found
	at play.mvc.ActionInvoker.getActionMethod(ActionInvoker.java:599)
	at play.mvc.ActionInvoker.resolve(ActionInvoker.java:85)
	at Invocation.HTTP Request(Play!)
Caused by: java.lang.Exception: Controller controllers.smallImages.st_c10e41ae857d4310b4801690a6815e9f not found
	... 3 more
[ERROR] [2013-09-29 09:14:22]  [play.Logger] -

@6fmf74akk
smallImages.st_bed4f5b554b44d03bfd5a311b412c008.png action not found

Action not found
Action smallImages.st_bed4f5b554b44d03bfd5a311b412c008.png could not be found. Error raised is Controller controllers.smallImages.st_bed4f5b554b44d03bfd5a311b412c008 not found

play.exceptions.ActionNotFoundException: Action smallImages.st_bed4f5b554b44d03bfd5a311b412c008.png not found
	at play.mvc.ActionInvoker.getActionMethod(ActionInvoker.java:599)
	at play.mvc.ActionInvoker.resolve(ActionInvoker.java:85)
	at Invocation.HTTP Request(Play!)
Caused by: java.lang.Exception: Controller controllers.smallImages.st_bed4f5b554b44d03bfd5a311b412c008 not found
	... 3 more
[ERROR] [2013-09-29 09:14:22]  [play.Logger] -

@6fmf74akl
smallImages.st_3bcdc46075b94ed58c004109556eab40.png action not found

Action not found
Action smallImages.st_3bcdc46075b94ed58c004109556eab40.png could not be found. Error raised is Controller controllers.smallImages.st_3bcdc46075b94ed58c004109556eab40 not found

play.exceptions.ActionNotFoundException: Action smallImages.st_3bcdc46075b94ed58c004109556eab40.png not found
	at play.mvc.ActionInvoker.getActionMethod(ActionInvoker.java:599)
	at play.mvc.ActionInvoker.resolve(ActionInvoker.java:85)
	at Invocation.HTTP Request(Play!)
Caused by: java.lang.Exception: Controller controllers.smallImages.st_3bcdc46075b94ed58c004109556eab40 not found
	... 3 more
[ERROR] [2013-09-29 09:14:22]  [play.Logger] -

@6fmf74akm
smallImages.st_f04217f7f75b46c785dba615f3694316.png action not found

Action not found
Action smallImages.st_f04217f7f75b46c785dba615f3694316.png could not be found. Error raised is Controller controllers.smallImages.st_f04217f7f75b46c785dba615f3694316 not found

play.exceptions.ActionNotFoundException: Action smallImages.st_f04217f7f75b46c785dba615f3694316.png not found
	at play.mvc.ActionInvoker.getActionMethod(ActionInvoker.java:599)
	at play.mvc.ActionInvoker.resolve(ActionInvoker.java:85)
	at Invocation.HTTP Request(Play!)
Caused by: java.lang.Exception: Controller controllers.smallImages.st_f04217f7f75b46c785dba615f3694316 not found
	... 3 more
[ERROR] [2013-09-29 09:14:22]  [play.Logger] -

@6fmf74akn
smallImages.st_332837d06c86448b9ccbcc8064bab40c.png action not found

Action not found
Action smallImages.st_332837d06c86448b9ccbcc8064bab40c.png could not be found. Error raised is Controller controllers.smallImages.st_332837d06c86448b9ccbcc8064bab40c not found

play.exceptions.ActionNotFoundException: Action smallImages.st_332837d06c86448b9ccbcc8064bab40c.png not found
	at play.mvc.ActionInvoker.getActionMethod(ActionInvoker.java:599)
	at play.mvc.ActionInvoker.resolve(ActionInvoker.java:85)
	at Invocation.HTTP Request(Play!)
Caused by: java.lang.Exception: Controller controllers.smallImages.st_332837d06c86448b9ccbcc8064bab40c not found
	... 3 more
[ERROR] [2013-09-29 10:53:05]  [play.Logger] -

@6fmf74ako
Internal Server Error (500) for request GET /personalModify/checkEmail

Execution exception (In /app/controllers/PersonalModify.java around line 52)
NullPointerException occured : null

play.exceptions.JavaExecutionException
	at play.mvc.ActionInvoker.invoke(ActionInvoker.java:237)
	at Invocation.HTTP Request(Play!)
Caused by: java.lang.NullPointerException
	at controllers.PersonalModify.checkEmail(PersonalModify.java:52)
	at play.mvc.ActionInvoker.invokeWithContinuation(ActionInvoker.java:557)
	at play.mvc.ActionInvoker.invoke(ActionInvoker.java:508)
	at play.mvc.ActionInvoker.invokeControllerMethod(ActionInvoker.java:484)
	at play.mvc.ActionInvoker.invokeControllerMethod(ActionInvoker.java:479)
	at play.mvc.ActionInvoker.invoke(ActionInvoker.java:161)
	... 1 more
[ERROR] [2013-09-29 10:54:32]  [play.Logger] -

@6fmf74akp
Internal Server Error (500) for request GET /personalModify/checkEmail?email=

Execution exception (In /app/controllers/PersonalModify.java around line 53)
ArrayIndexOutOfBoundsException occured : 1

play.exceptions.JavaExecutionException: 1
	at play.mvc.ActionInvoker.invoke(ActionInvoker.java:237)
	at Invocation.HTTP Request(Play!)
Caused by: java.lang.ArrayIndexOutOfBoundsException: 1
	at controllers.PersonalModify.checkEmail(PersonalModify.java:53)
	at play.mvc.ActionInvoker.invokeWithContinuation(ActionInvoker.java:557)
	at play.mvc.ActionInvoker.invoke(ActionInvoker.java:508)
	at play.mvc.ActionInvoker.invokeControllerMethod(ActionInvoker.java:484)
	at play.mvc.ActionInvoker.invokeControllerMethod(ActionInvoker.java:479)
	at play.mvc.ActionInvoker.invoke(ActionInvoker.java:161)
	... 1 more
[ERROR] [2013-09-29 10:55:43]  [play.Logger] -

@6fmf74al0
peronalmodify.personalmodify action not found

Action not found
Action peronalmodify.personalmodify could not be found. Error raised is Controller controllers.peronalmodify not found

play.exceptions.ActionNotFoundException: Action peronalmodify.personalmodify not found
	at play.mvc.ActionInvoker.getActionMethod(ActionInvoker.java:599)
	at play.mvc.ActionInvoker.resolve(ActionInvoker.java:85)
	at Invocation.HTTP Request(Play!)
Caused by: java.lang.Exception: Controller controllers.peronalmodify not found
	... 3 more
[ERROR] [2013-09-29 11:41:01]  [play.Logger] -

@6fmf74al1
Internal Server Error (500) for request POST /PersonalModify/modifySuccess

Execution exception (In {module:iquantCommon}/app/business/DefaultRemoteRequestServiceSupport.java around line 73)
RuntimeException occured : java.util.concurrent.ExecutionException: java.util.concurrent.TimeoutException: No response received after 60000

play.exceptions.JavaExecutionException: java.util.concurrent.ExecutionException: java.util.concurrent.TimeoutException: No response received after 60000
	at play.mvc.ActionInvoker.invoke(ActionInvoker.java:237)
	at Invocation.HTTP Request(Play!)
Caused by: java.lang.RuntimeException: java.util.concurrent.ExecutionException: java.util.concurrent.TimeoutException: No response received after 60000
	at play.libs.ws.WSAsync$WSAsyncRequest.post(WSAsync.java:236)
	at business.DefaultRemoteRequestServiceSupport.doPostWithBody(DefaultRemoteRequestServiceSupport.java:73)
	at business.DefaultRemoteRequestServiceSupport.getSingleValue(DefaultRemoteRequestServiceSupport.java:185)
	at bussiness.PersonalModifyService.updateUserInfo(PersonalModifyService.java:29)
	at controllers.PersonalModify.modifySuccess(PersonalModify.java:28)
	at play.mvc.ActionInvoker.invokeWithContinuation(ActionInvoker.java:557)
	at play.mvc.ActionInvoker.invoke(ActionInvoker.java:508)
	at play.mvc.ActionInvoker.invokeControllerMethod(ActionInvoker.java:484)
	at play.mvc.ActionInvoker.invokeControllerMethod(ActionInvoker.java:479)
	at play.mvc.ActionInvoker.invoke(ActionInvoker.java:161)
	... 1 more
Caused by: java.util.concurrent.ExecutionException: java.util.concurrent.TimeoutException: No response received after 60000
	at com.ning.http.client.providers.netty.NettyResponseFuture.get(NettyResponseFuture.java:223)
	at com.ning.http.client.providers.netty.NettyResponseFuture.get(NettyResponseFuture.java:187)
	at play.libs.ws.WSAsync$WSAsyncRequest.post(WSAsync.java:234)
	... 10 more
Caused by: java.util.concurrent.TimeoutException: No response received after 60000
	at com.ning.http.client.providers.netty.NettyResponseFuture.get(NettyResponseFuture.java:215)
	... 12 more
[ERROR] [2013-09-29 15:53:10]  [play.Logger] -

@6fmh7i74m
Internal Server Error (500) for request GET /userct/register

Template execution error (In /app/views/UserCt/register.html around line 112)
Execution error occured in template /app/views/UserCt/register.html. Exception raised was NullPointerException : Cannot get property 'id' on null object.

play.exceptions.TemplateExecutionException: Cannot get property 'id' on null object
	at play.templates.BaseTemplate.throwException(BaseTemplate.java:86)
	at play.templates.GroovyTemplate.internalRender(GroovyTemplate.java:272)
	at play.templates.Template.render(Template.java:26)
	at play.templates.GroovyTemplate.render(GroovyTemplate.java:202)
	at play.mvc.results.RenderTemplate.<init>(RenderTemplate.java:24)
	at play.mvc.Controller.renderTemplate(Controller.java:661)
	at play.mvc.Controller.renderTemplate(Controller.java:641)
	at play.mvc.Controller.render(Controller.java:698)
	at controllers.UserCt.register(UserCt.java:65)
	at play.mvc.ActionInvoker.invokeWithContinuation(ActionInvoker.java:557)
	at play.mvc.ActionInvoker.invoke(ActionInvoker.java:508)
	at play.mvc.ActionInvoker.invokeControllerMethod(ActionInvoker.java:484)
	at play.mvc.ActionInvoker.invokeControllerMethod(ActionInvoker.java:479)
	at play.mvc.ActionInvoker.invoke(ActionInvoker.java:161)
	at Invocation.HTTP Request(Play!)
Caused by: java.lang.NullPointerException: Cannot get property 'id' on null object
	at /app/views/UserCt/register.html.(line:112)
	at play.templates.GroovyTemplate.internalRender(GroovyTemplate.java:247)
	... 13 more
[ERROR] [2013-09-29 15:55:19]  [play.Logger] -

@6fmh7i74n
Internal Server Error (500) for request GET /userct/register

Template execution error (In /app/views/UserCt/register.html around line 112)
Execution error occured in template /app/views/UserCt/register.html. Exception raised was NullPointerException : Cannot get property 'id' on null object.

play.exceptions.TemplateExecutionException: Cannot get property 'id' on null object
	at play.templates.BaseTemplate.throwException(BaseTemplate.java:86)
	at play.templates.GroovyTemplate.internalRender(GroovyTemplate.java:272)
	at play.templates.Template.render(Template.java:26)
	at play.templates.GroovyTemplate.render(GroovyTemplate.java:202)
	at play.mvc.results.RenderTemplate.<init>(RenderTemplate.java:24)
	at play.mvc.Controller.renderTemplate(Controller.java:661)
	at play.mvc.Controller.renderTemplate(Controller.java:641)
	at play.mvc.Controller.render(Controller.java:698)
	at controllers.UserCt.register(UserCt.java:65)
	at play.mvc.ActionInvoker.invokeWithContinuation(ActionInvoker.java:557)
	at play.mvc.ActionInvoker.invoke(ActionInvoker.java:508)
	at play.mvc.ActionInvoker.invokeControllerMethod(ActionInvoker.java:484)
	at play.mvc.ActionInvoker.invokeControllerMethod(ActionInvoker.java:479)
	at play.mvc.ActionInvoker.invoke(ActionInvoker.java:161)
	at Invocation.HTTP Request(Play!)
Caused by: java.lang.NullPointerException: Cannot get property 'id' on null object
	at /app/views/UserCt/register.html.(line:112)
	at play.templates.GroovyTemplate.internalRender(GroovyTemplate.java:247)
	... 13 more
[ERROR] [2013-09-29 18:38:29]  [play.Logger] -

@6fmi3aglc
smallImages.st_83a3ce09b5424db396f15012a7075b9e.png action not found

Action not found
Action smallImages.st_83a3ce09b5424db396f15012a7075b9e.png could not be found. Error raised is Controller controllers.smallImages.st_83a3ce09b5424db396f15012a7075b9e not found

play.exceptions.ActionNotFoundException: Action smallImages.st_83a3ce09b5424db396f15012a7075b9e.png not found
	at play.mvc.ActionInvoker.getActionMethod(ActionInvoker.java:599)
	at play.mvc.ActionInvoker.resolve(ActionInvoker.java:85)
	at Invocation.HTTP Request(Play!)
Caused by: java.lang.Exception: Controller controllers.smallImages.st_83a3ce09b5424db396f15012a7075b9e not found
	... 3 more
[ERROR] [2013-09-29 18:38:30]  [play.Logger] -

@6fmi3agld
smallImages.st_345fd47f0c7f46a28180f0b5d2b0f52e.png action not found

Action not found
Action smallImages.st_345fd47f0c7f46a28180f0b5d2b0f52e.png could not be found. Error raised is Controller controllers.smallImages.st_345fd47f0c7f46a28180f0b5d2b0f52e not found

play.exceptions.ActionNotFoundException: Action smallImages.st_345fd47f0c7f46a28180f0b5d2b0f52e.png not found
	at play.mvc.ActionInvoker.getActionMethod(ActionInvoker.java:599)
	at play.mvc.ActionInvoker.resolve(ActionInvoker.java:85)
	at Invocation.HTTP Request(Play!)
Caused by: java.lang.Exception: Controller controllers.smallImages.st_345fd47f0c7f46a28180f0b5d2b0f52e not found
	... 3 more
[ERROR] [2013-09-29 18:38:30]  [play.Logger] -

@6fmi3agle
smallImages.st_ce3bab03ef1447b48bc5bccdd5867551.png action not found

Action not found
Action smallImages.st_ce3bab03ef1447b48bc5bccdd5867551.png could not be found. Error raised is Controller controllers.smallImages.st_ce3bab03ef1447b48bc5bccdd5867551 not found

play.exceptions.ActionNotFoundException: Action smallImages.st_ce3bab03ef1447b48bc5bccdd5867551.png not found
	at play.mvc.ActionInvoker.getActionMethod(ActionInvoker.java:599)
	at play.mvc.ActionInvoker.resolve(ActionInvoker.java:85)
	at Invocation.HTTP Request(Play!)
Caused by: java.lang.Exception: Controller controllers.smallImages.st_ce3bab03ef1447b48bc5bccdd5867551 not found
	... 3 more
[ERROR] [2013-09-29 18:38:30]  [play.Logger] -

@6fmi3aglf
smallImages.st_79661f6c56434089a576668756ed440b.png action not found

Action not found
Action smallImages.st_79661f6c56434089a576668756ed440b.png could not be found. Error raised is Controller controllers.smallImages.st_79661f6c56434089a576668756ed440b not found

play.exceptions.ActionNotFoundException: Action smallImages.st_79661f6c56434089a576668756ed440b.png not found
	at play.mvc.ActionInvoker.getActionMethod(ActionInvoker.java:599)
	at play.mvc.ActionInvoker.resolve(ActionInvoker.java:85)
	at Invocation.HTTP Request(Play!)
Caused by: java.lang.Exception: Controller controllers.smallImages.st_79661f6c56434089a576668756ed440b not found
	... 3 more
[ERROR] [2013-09-29 18:38:30]  [play.Logger] -

@6fmi3aglg
smallImages.st_20121101Test.png action not found

Action not found
Action smallImages.st_20121101Test.png could not be found. Error raised is Controller controllers.smallImages.st_20121101Test not found

play.exceptions.ActionNotFoundException: Action smallImages.st_20121101Test.png not found
	at play.mvc.ActionInvoker.getActionMethod(ActionInvoker.java:599)
	at play.mvc.ActionInvoker.resolve(ActionInvoker.java:85)
	at Invocation.HTTP Request(Play!)
Caused by: java.lang.Exception: Controller controllers.smallImages.st_20121101Test not found
	... 3 more
[ERROR] [2013-09-29 18:38:30]  [play.Logger] -

@6fmi3aglh
smallImages.st_b4028fda35e44105981421e892d5e52e.png action not found

Action not found
Action smallImages.st_b4028fda35e44105981421e892d5e52e.png could not be found. Error raised is Controller controllers.smallImages.st_b4028fda35e44105981421e892d5e52e not found

play.exceptions.ActionNotFoundException: Action smallImages.st_b4028fda35e44105981421e892d5e52e.png not found
	at play.mvc.ActionInvoker.getActionMethod(ActionInvoker.java:599)
	at play.mvc.ActionInvoker.resolve(ActionInvoker.java:85)
	at Invocation.HTTP Request(Play!)
Caused by: java.lang.Exception: Controller controllers.smallImages.st_b4028fda35e44105981421e892d5e52e not found
	... 3 more
[ERROR] [2013-09-29 18:38:30]  [play.Logger] -

@6fmi3agli
smallImages.st_5911f2682a914fc892b72cb8497ae0a1.png action not found

Action not found
Action smallImages.st_5911f2682a914fc892b72cb8497ae0a1.png could not be found. Error raised is Controller controllers.smallImages.st_5911f2682a914fc892b72cb8497ae0a1 not found

play.exceptions.ActionNotFoundException: Action smallImages.st_5911f2682a914fc892b72cb8497ae0a1.png not found
	at play.mvc.ActionInvoker.getActionMethod(ActionInvoker.java:599)
	at play.mvc.ActionInvoker.resolve(ActionInvoker.java:85)
	at Invocation.HTTP Request(Play!)
Caused by: java.lang.Exception: Controller controllers.smallImages.st_5911f2682a914fc892b72cb8497ae0a1 not found
	... 3 more
[ERROR] [2013-09-29 18:38:30]  [play.Logger] -

@6fmi3aglj
smallImages.st_bed4f5b554b44d03bfd5a311b412c008.png action not found

Action not found
Action smallImages.st_bed4f5b554b44d03bfd5a311b412c008.png could not be found. Error raised is Controller controllers.smallImages.st_bed4f5b554b44d03bfd5a311b412c008 not found

play.exceptions.ActionNotFoundException: Action smallImages.st_bed4f5b554b44d03bfd5a311b412c008.png not found
	at play.mvc.ActionInvoker.getActionMethod(ActionInvoker.java:599)
	at play.mvc.ActionInvoker.resolve(ActionInvoker.java:85)
	at Invocation.HTTP Request(Play!)
Caused by: java.lang.Exception: Controller controllers.smallImages.st_bed4f5b554b44d03bfd5a311b412c008 not found
	... 3 more
[ERROR] [2013-09-29 18:38:30]  [play.Logger] -

@6fmi3aglk
smallImages.st_3bcdc46075b94ed58c004109556eab40.png action not found

Action not found
Action smallImages.st_3bcdc46075b94ed58c004109556eab40.png could not be found. Error raised is Controller controllers.smallImages.st_3bcdc46075b94ed58c004109556eab40 not found

play.exceptions.ActionNotFoundException: Action smallImages.st_3bcdc46075b94ed58c004109556eab40.png not found
	at play.mvc.ActionInvoker.getActionMethod(ActionInvoker.java:599)
	at play.mvc.ActionInvoker.resolve(ActionInvoker.java:85)
	at Invocation.HTTP Request(Play!)
Caused by: java.lang.Exception: Controller controllers.smallImages.st_3bcdc46075b94ed58c004109556eab40 not found
	... 3 more
[ERROR] [2013-09-29 18:38:30]  [play.Logger] -

@6fmi3agll
smallImages.st_332837d06c86448b9ccbcc8064bab40c.png action not found

Action not found
Action smallImages.st_332837d06c86448b9ccbcc8064bab40c.png could not be found. Error raised is Controller controllers.smallImages.st_332837d06c86448b9ccbcc8064bab40c not found

play.exceptions.ActionNotFoundException: Action smallImages.st_332837d06c86448b9ccbcc8064bab40c.png not found
	at play.mvc.ActionInvoker.getActionMethod(ActionInvoker.java:599)
	at play.mvc.ActionInvoker.resolve(ActionInvoker.java:85)
	at Invocation.HTTP Request(Play!)
Caused by: java.lang.Exception: Controller controllers.smallImages.st_332837d06c86448b9ccbcc8064bab40c not found
	... 3 more
[ERROR] [2013-09-29 18:38:30]  [play.Logger] -

@6fmi3aglm
smallImages.st_f04217f7f75b46c785dba615f3694316.png action not found

Action not found
Action smallImages.st_f04217f7f75b46c785dba615f3694316.png could not be found. Error raised is Controller controllers.smallImages.st_f04217f7f75b46c785dba615f3694316 not found

play.exceptions.ActionNotFoundException: Action smallImages.st_f04217f7f75b46c785dba615f3694316.png not found
	at play.mvc.ActionInvoker.getActionMethod(ActionInvoker.java:599)
	at play.mvc.ActionInvoker.resolve(ActionInvoker.java:85)
	at Invocation.HTTP Request(Play!)
Caused by: java.lang.Exception: Controller controllers.smallImages.st_f04217f7f75b46c785dba615f3694316 not found
	... 3 more
[ERROR] [2013-09-29 18:38:30]  [play.Logger] -

@6fmi3agln
smallImages.st_c10e41ae857d4310b4801690a6815e9f.png action not found

Action not found
Action smallImages.st_c10e41ae857d4310b4801690a6815e9f.png could not be found. Error raised is Controller controllers.smallImages.st_c10e41ae857d4310b4801690a6815e9f not found

play.exceptions.ActionNotFoundException: Action smallImages.st_c10e41ae857d4310b4801690a6815e9f.png not found
	at play.mvc.ActionInvoker.getActionMethod(ActionInvoker.java:599)
	at play.mvc.ActionInvoker.resolve(ActionInvoker.java:85)
	at Invocation.HTTP Request(Play!)
Caused by: java.lang.Exception: Controller controllers.smallImages.st_c10e41ae857d4310b4801690a6815e9f not found
	... 3 more
[ERROR] [2013-09-29 18:38:54]  [play.Logger] -

@6fmi3aglo
Internal Server Error (500) for request GET /strategydetail/detail?stid=15&enginetypeId=1

Template execution error (In /app/views/StrategyDetail/detail.html around line 517)
Execution error occured in template /app/views/StrategyDetail/detail.html. Exception raised was NullPointerException : Cannot get property 'yieldOfYear' on null object.

play.exceptions.TemplateExecutionException: Cannot get property 'yieldOfYear' on null object
	at play.templates.BaseTemplate.throwException(BaseTemplate.java:86)
	at play.templates.GroovyTemplate.internalRender(GroovyTemplate.java:272)
	at play.templates.Template.render(Template.java:26)
	at play.templates.GroovyTemplate.render(GroovyTemplate.java:202)
	at play.mvc.results.RenderTemplate.<init>(RenderTemplate.java:24)
	at play.mvc.Controller.renderTemplate(Controller.java:661)
	at play.mvc.Controller.renderTemplate(Controller.java:641)
	at play.mvc.Controller.render(Controller.java:698)
	at controllers.StrategyDetail.detail(StrategyDetail.java:79)
	at play.mvc.ActionInvoker.invokeWithContinuation(ActionInvoker.java:557)
	at play.mvc.ActionInvoker.invoke(ActionInvoker.java:508)
	at play.mvc.ActionInvoker.invokeControllerMethod(ActionInvoker.java:484)
	at play.mvc.ActionInvoker.invokeControllerMethod(ActionInvoker.java:479)
	at play.mvc.ActionInvoker.invoke(ActionInvoker.java:161)
	at Invocation.HTTP Request(Play!)
Caused by: java.lang.NullPointerException: Cannot get property 'yieldOfYear' on null object
	at /app/views/StrategyDetail/detail.html.(line:517)
	at play.templates.GroovyTemplate.internalRender(GroovyTemplate.java:247)
	... 13 more
