[ERROR] [2013-09-30 11:04:28]  [play.Logger] -

@6fmn2mdge
smallImages.st_ce3bab03ef1447b48bc5bccdd5867551.png action not found

Action not found
Action smallImages.st_ce3bab03ef1447b48bc5bccdd5867551.png could not be found. Error raised is Controller controllers.smallImages.st_ce3bab03ef1447b48bc5bccdd5867551 not found

play.exceptions.ActionNotFoundException: Action smallImages.st_ce3bab03ef1447b48bc5bccdd5867551.png not found
	at play.mvc.ActionInvoker.getActionMethod(ActionInvoker.java:599)
	at play.mvc.ActionInvoker.resolve(ActionInvoker.java:85)
	at Invocation.HTTP Request(Play!)
Caused by: java.lang.Exception: Controller controllers.smallImages.st_ce3bab03ef1447b48bc5bccdd5867551 not found
	... 3 more
[ERROR] [2013-09-30 11:04:28]  [play.Logger] -

@6fmn2mdgf
smallImages.st_20121101Test.png action not found

Action not found
Action smallImages.st_20121101Test.png could not be found. Error raised is Controller controllers.smallImages.st_20121101Test not found

play.exceptions.ActionNotFoundException: Action smallImages.st_20121101Test.png not found
	at play.mvc.ActionInvoker.getActionMethod(ActionInvoker.java:599)
	at play.mvc.ActionInvoker.resolve(ActionInvoker.java:85)
	at Invocation.HTTP Request(Play!)
Caused by: java.lang.Exception: Controller controllers.smallImages.st_20121101Test not found
	... 3 more
[ERROR] [2013-09-30 11:04:28]  [play.Logger] -

@6fmn2mdgg
smallImages.st_83a3ce09b5424db396f15012a7075b9e.png action not found

Action not found
Action smallImages.st_83a3ce09b5424db396f15012a7075b9e.png could not be found. Error raised is Controller controllers.smallImages.st_83a3ce09b5424db396f15012a7075b9e not found

play.exceptions.ActionNotFoundException: Action smallImages.st_83a3ce09b5424db396f15012a7075b9e.png not found
	at play.mvc.ActionInvoker.getActionMethod(ActionInvoker.java:599)
	at play.mvc.ActionInvoker.resolve(ActionInvoker.java:85)
	at Invocation.HTTP Request(Play!)
Caused by: java.lang.Exception: Controller controllers.smallImages.st_83a3ce09b5424db396f15012a7075b9e not found
	... 3 more
[ERROR] [2013-09-30 11:04:28]  [play.Logger] -

@6fmn2mdgh
smallImages.st_79661f6c56434089a576668756ed440b.png action not found

Action not found
Action smallImages.st_79661f6c56434089a576668756ed440b.png could not be found. Error raised is Controller controllers.smallImages.st_79661f6c56434089a576668756ed440b not found

play.exceptions.ActionNotFoundException: Action smallImages.st_79661f6c56434089a576668756ed440b.png not found
	at play.mvc.ActionInvoker.getActionMethod(ActionInvoker.java:599)
	at play.mvc.ActionInvoker.resolve(ActionInvoker.java:85)
	at Invocation.HTTP Request(Play!)
Caused by: java.lang.Exception: Controller controllers.smallImages.st_79661f6c56434089a576668756ed440b not found
	... 3 more
[ERROR] [2013-09-30 11:04:28]  [play.Logger] -

@6fmn2mdgi
smallImages.st_5911f2682a914fc892b72cb8497ae0a1.png action not found

Action not found
Action smallImages.st_5911f2682a914fc892b72cb8497ae0a1.png could not be found. Error raised is Controller controllers.smallImages.st_5911f2682a914fc892b72cb8497ae0a1 not found

play.exceptions.ActionNotFoundException: Action smallImages.st_5911f2682a914fc892b72cb8497ae0a1.png not found
	at play.mvc.ActionInvoker.getActionMethod(ActionInvoker.java:599)
	at play.mvc.ActionInvoker.resolve(ActionInvoker.java:85)
	at Invocation.HTTP Request(Play!)
Caused by: java.lang.Exception: Controller controllers.smallImages.st_5911f2682a914fc892b72cb8497ae0a1 not found
	... 3 more
[ERROR] [2013-09-30 11:04:28]  [play.Logger] -

@6fmn2mdgj
smallImages.st_345fd47f0c7f46a28180f0b5d2b0f52e.png action not found

Action not found
Action smallImages.st_345fd47f0c7f46a28180f0b5d2b0f52e.png could not be found. Error raised is Controller controllers.smallImages.st_345fd47f0c7f46a28180f0b5d2b0f52e not found

play.exceptions.ActionNotFoundException: Action smallImages.st_345fd47f0c7f46a28180f0b5d2b0f52e.png not found
	at play.mvc.ActionInvoker.getActionMethod(ActionInvoker.java:599)
	at play.mvc.ActionInvoker.resolve(ActionInvoker.java:85)
	at Invocation.HTTP Request(Play!)
Caused by: java.lang.Exception: Controller controllers.smallImages.st_345fd47f0c7f46a28180f0b5d2b0f52e not found
	... 3 more
[ERROR] [2013-09-30 11:04:28]  [play.Logger] -

@6fmn2mdgk
smallImages.st_b4028fda35e44105981421e892d5e52e.png action not found

Action not found
Action smallImages.st_b4028fda35e44105981421e892d5e52e.png could not be found. Error raised is Controller controllers.smallImages.st_b4028fda35e44105981421e892d5e52e not found

play.exceptions.ActionNotFoundException: Action smallImages.st_b4028fda35e44105981421e892d5e52e.png not found
	at play.mvc.ActionInvoker.getActionMethod(ActionInvoker.java:599)
	at play.mvc.ActionInvoker.resolve(ActionInvoker.java:85)
	at Invocation.HTTP Request(Play!)
Caused by: java.lang.Exception: Controller controllers.smallImages.st_b4028fda35e44105981421e892d5e52e not found
	... 3 more
[ERROR] [2013-09-30 11:04:29]  [play.Logger] -

@6fmn2mdgl
smallImages.st_c10e41ae857d4310b4801690a6815e9f.png action not found

Action not found
Action smallImages.st_c10e41ae857d4310b4801690a6815e9f.png could not be found. Error raised is Controller controllers.smallImages.st_c10e41ae857d4310b4801690a6815e9f not found

play.exceptions.ActionNotFoundException: Action smallImages.st_c10e41ae857d4310b4801690a6815e9f.png not found
	at play.mvc.ActionInvoker.getActionMethod(ActionInvoker.java:599)
	at play.mvc.ActionInvoker.resolve(ActionInvoker.java:85)
	at Invocation.HTTP Request(Play!)
Caused by: java.lang.Exception: Controller controllers.smallImages.st_c10e41ae857d4310b4801690a6815e9f not found
	... 3 more
[ERROR] [2013-09-30 11:04:29]  [play.Logger] -

@6fmn2mdgm
smallImages.st_3bcdc46075b94ed58c004109556eab40.png action not found

Action not found
Action smallImages.st_3bcdc46075b94ed58c004109556eab40.png could not be found. Error raised is Controller controllers.smallImages.st_3bcdc46075b94ed58c004109556eab40 not found

play.exceptions.ActionNotFoundException: Action smallImages.st_3bcdc46075b94ed58c004109556eab40.png not found
	at play.mvc.ActionInvoker.getActionMethod(ActionInvoker.java:599)
	at play.mvc.ActionInvoker.resolve(ActionInvoker.java:85)
	at Invocation.HTTP Request(Play!)
Caused by: java.lang.Exception: Controller controllers.smallImages.st_3bcdc46075b94ed58c004109556eab40 not found
	... 3 more
[ERROR] [2013-09-30 11:04:29]  [play.Logger] -

@6fmn2mdgn
smallImages.st_bed4f5b554b44d03bfd5a311b412c008.png action not found

Action not found
Action smallImages.st_bed4f5b554b44d03bfd5a311b412c008.png could not be found. Error raised is Controller controllers.smallImages.st_bed4f5b554b44d03bfd5a311b412c008 not found

play.exceptions.ActionNotFoundException: Action smallImages.st_bed4f5b554b44d03bfd5a311b412c008.png not found
	at play.mvc.ActionInvoker.getActionMethod(ActionInvoker.java:599)
	at play.mvc.ActionInvoker.resolve(ActionInvoker.java:85)
	at Invocation.HTTP Request(Play!)
Caused by: java.lang.Exception: Controller controllers.smallImages.st_bed4f5b554b44d03bfd5a311b412c008 not found
	... 3 more
[ERROR] [2013-09-30 11:04:29]  [play.Logger] -

@6fmn2mdgo
smallImages.st_1ac568c68c0e4b1aac5bcbe5147a9a11.png action not found

Action not found
Action smallImages.st_1ac568c68c0e4b1aac5bcbe5147a9a11.png could not be found. Error raised is Controller controllers.smallImages.st_1ac568c68c0e4b1aac5bcbe5147a9a11 not found

play.exceptions.ActionNotFoundException: Action smallImages.st_1ac568c68c0e4b1aac5bcbe5147a9a11.png not found
	at play.mvc.ActionInvoker.getActionMethod(ActionInvoker.java:599)
	at play.mvc.ActionInvoker.resolve(ActionInvoker.java:85)
	at Invocation.HTTP Request(Play!)
Caused by: java.lang.Exception: Controller controllers.smallImages.st_1ac568c68c0e4b1aac5bcbe5147a9a11 not found
	... 3 more
[ERROR] [2013-09-30 11:04:29]  [play.Logger] -

@6fmn2mdgp
smallImages.st_332837d06c86448b9ccbcc8064bab40c.png action not found

Action not found
Action smallImages.st_332837d06c86448b9ccbcc8064bab40c.png could not be found. Error raised is Controller controllers.smallImages.st_332837d06c86448b9ccbcc8064bab40c not found

play.exceptions.ActionNotFoundException: Action smallImages.st_332837d06c86448b9ccbcc8064bab40c.png not found
	at play.mvc.ActionInvoker.getActionMethod(ActionInvoker.java:599)
	at play.mvc.ActionInvoker.resolve(ActionInvoker.java:85)
	at Invocation.HTTP Request(Play!)
Caused by: java.lang.Exception: Controller controllers.smallImages.st_332837d06c86448b9ccbcc8064bab40c not found
	... 3 more
[ERROR] [2013-09-30 11:04:29]  [play.Logger] -

@6fmn2mdh0
smallImages.st_f04217f7f75b46c785dba615f3694316.png action not found

Action not found
Action smallImages.st_f04217f7f75b46c785dba615f3694316.png could not be found. Error raised is Controller controllers.smallImages.st_f04217f7f75b46c785dba615f3694316 not found

play.exceptions.ActionNotFoundException: Action smallImages.st_f04217f7f75b46c785dba615f3694316.png not found
	at play.mvc.ActionInvoker.getActionMethod(ActionInvoker.java:599)
	at play.mvc.ActionInvoker.resolve(ActionInvoker.java:85)
	at Invocation.HTTP Request(Play!)
Caused by: java.lang.Exception: Controller controllers.smallImages.st_f04217f7f75b46c785dba615f3694316 not found
	... 3 more
